NOTE: Picked up JDK_JAVA_OPTIONS:  --add-opens=java.base/java.lang=ALL-UNNAMED --add-opens=java.base/java.io=ALL-UNNAMED --add-opens=java.base/java.util=ALL-UNNAMED --add-opens=java.base/java.util.concurrent=ALL-UNNAMED --add-opens=java.rmi/sun.rmi.transport=ALL-UNNAMED
13-Feb-2024 00:04:45.115 INFO [main] org.apache.catalina.startup.VersionLoggerListener.log Server version name:   Apache Tomcat/9.0.85
13-Feb-2024 00:04:45.118 INFO [main] org.apache.catalina.startup.VersionLoggerListener.log Server built:          Jan 5 2024 08:28:07 UTC
13-Feb-2024 00:04:45.118 INFO [main] org.apache.catalina.startup.VersionLoggerListener.log Server version number: 9.0.85.0
13-Feb-2024 00:04:45.119 INFO [main] org.apache.catalina.startup.VersionLoggerListener.log OS Name:               Linux
13-Feb-2024 00:04:45.119 INFO [main] org.apache.catalina.startup.VersionLoggerListener.log OS Version:            5.14.0-362.18.1.el9_3.x86_64
13-Feb-2024 00:04:45.119 INFO [main] org.apache.catalina.startup.VersionLoggerListener.log Architecture:          amd64
13-Feb-2024 00:04:45.119 INFO [main] org.apache.catalina.startup.VersionLoggerListener.log Java Home:             /usr/lib/jvm/java-21-openjdk-21.0.2.0.13-1.el9.x86_64
13-Feb-2024 00:04:45.119 INFO [main] org.apache.catalina.startup.VersionLoggerListener.log JVM Version:           21.0.2+13-LTS
13-Feb-2024 00:04:45.119 INFO [main] org.apache.catalina.startup.VersionLoggerListener.log JVM Vendor:            Red Hat, Inc.
13-Feb-2024 00:04:45.119 INFO [main] org.apache.catalina.startup.VersionLoggerListener.log CATALINA_BASE:         /home/anup/DevOps-SRE/P2018-00/apache-tomcat-9.0.85
13-Feb-2024 00:04:45.120 INFO [main] org.apache.catalina.startup.VersionLoggerListener.log CATALINA_HOME:         /home/anup/DevOps-SRE/P2018-00/apache-tomcat-9.0.85
13-Feb-2024 00:04:45.128 INFO [main] org.apache.catalina.startup.VersionLoggerListener.log Command line argument: --add-opens=java.base/java.lang=ALL-UNNAMED
13-Feb-2024 00:04:45.131 INFO [main] org.apache.catalina.startup.VersionLoggerListener.log Command line argument: --add-opens=java.base/java.io=ALL-UNNAMED
13-Feb-2024 00:04:45.131 INFO [main] org.apache.catalina.startup.VersionLoggerListener.log Command line argument: --add-opens=java.base/java.util=ALL-UNNAMED
13-Feb-2024 00:04:45.132 INFO [main] org.apache.catalina.startup.VersionLoggerListener.log Command line argument: --add-opens=java.base/java.util.concurrent=ALL-UNNAMED
13-Feb-2024 00:04:45.132 INFO [main] org.apache.catalina.startup.VersionLoggerListener.log Command line argument: --add-opens=java.rmi/sun.rmi.transport=ALL-UNNAMED
13-Feb-2024 00:04:45.132 INFO [main] org.apache.catalina.startup.VersionLoggerListener.log Command line argument: -Djava.util.logging.config.file=/home/anup/DevOps-SRE/P2018-00/tomcat-9/conf/logging.properties
13-Feb-2024 00:04:45.132 INFO [main] org.apache.catalina.startup.VersionLoggerListener.log Command line argument: -Djava.util.logging.manager=org.apache.juli.ClassLoaderLogManager
13-Feb-2024 00:04:45.133 INFO [main] org.apache.catalina.startup.VersionLoggerListener.log Command line argument: -Djdk.tls.ephemeralDHKeySize=2048
13-Feb-2024 00:04:45.133 INFO [main] org.apache.catalina.startup.VersionLoggerListener.log Command line argument: -Djava.protocol.handler.pkgs=org.apache.catalina.webresources
13-Feb-2024 00:04:45.134 INFO [main] org.apache.catalina.startup.VersionLoggerListener.log Command line argument: -Dorg.apache.catalina.security.SecurityListener.UMASK=0027
13-Feb-2024 00:04:45.134 INFO [main] org.apache.catalina.startup.VersionLoggerListener.log Command line argument: -Dignore.endorsed.dirs=
13-Feb-2024 00:04:45.135 INFO [main] org.apache.catalina.startup.VersionLoggerListener.log Command line argument: -Dcatalina.base=/home/anup/DevOps-SRE/P2018-00/tomcat-9
13-Feb-2024 00:04:45.135 INFO [main] org.apache.catalina.startup.VersionLoggerListener.log Command line argument: -Dcatalina.home=/home/anup/DevOps-SRE/P2018-00/tomcat-9
13-Feb-2024 00:04:45.135 INFO [main] org.apache.catalina.startup.VersionLoggerListener.log Command line argument: -Djava.io.tmpdir=/home/anup/DevOps-SRE/P2018-00/tomcat-9/temp
13-Feb-2024 00:04:45.137 INFO [main] org.apache.catalina.core.AprLifecycleListener.lifecycleEvent The Apache Tomcat Native library which allows using OpenSSL was not found on the java.library.path: [/usr/java/packages/lib:/usr/lib64:/lib64:/lib:/usr/lib]
13-Feb-2024 00:04:45.524 INFO [main] org.apache.coyote.AbstractProtocol.init Initializing ProtocolHandler ["http-nio-7070"]
13-Feb-2024 00:04:45.554 INFO [main] org.apache.catalina.startup.Catalina.load Server initialization in [629] milliseconds
13-Feb-2024 00:04:45.598 INFO [main] org.apache.catalina.core.StandardService.startInternal Starting service [Catalina]
13-Feb-2024 00:04:45.599 INFO [main] org.apache.catalina.core.StandardEngine.startInternal Starting Servlet engine: [Apache Tomcat/9.0.85]
13-Feb-2024 00:04:45.605 INFO [main] org.apache.catalina.startup.HostConfig.deployDirectory Deploying web application directory [/home/anup/DevOps-SRE/P2018-00/apache-tomcat-9.0.85/webapps/ROOT]
13-Feb-2024 00:04:45.858 INFO [main] org.apache.catalina.startup.HostConfig.deployDirectory Deployment of web application directory [/home/anup/DevOps-SRE/P2018-00/apache-tomcat-9.0.85/webapps/ROOT] has finished in [253] ms
13-Feb-2024 00:04:45.859 INFO [main] org.apache.catalina.startup.HostConfig.deployDirectory Deploying web application directory [/home/anup/DevOps-SRE/P2018-00/apache-tomcat-9.0.85/webapps/docs]
13-Feb-2024 00:04:45.890 INFO [main] org.apache.catalina.startup.HostConfig.deployDirectory Deployment of web application directory [/home/anup/DevOps-SRE/P2018-00/apache-tomcat-9.0.85/webapps/docs] has finished in [31] ms
13-Feb-2024 00:04:45.891 INFO [main] org.apache.catalina.startup.HostConfig.deployDirectory Deploying web application directory [/home/anup/DevOps-SRE/P2018-00/apache-tomcat-9.0.85/webapps/examples]
13-Feb-2024 00:04:46.141 INFO [main] org.apache.catalina.startup.HostConfig.deployDirectory Deployment of web application directory [/home/anup/DevOps-SRE/P2018-00/apache-tomcat-9.0.85/webapps/examples] has finished in [250] ms
13-Feb-2024 00:04:46.142 INFO [main] org.apache.catalina.startup.HostConfig.deployDirectory Deploying web application directory [/home/anup/DevOps-SRE/P2018-00/apache-tomcat-9.0.85/webapps/host-manager]
13-Feb-2024 00:04:46.165 INFO [main] org.apache.catalina.startup.HostConfig.deployDirectory Deployment of web application directory [/home/anup/DevOps-SRE/P2018-00/apache-tomcat-9.0.85/webapps/host-manager] has finished in [23] ms
13-Feb-2024 00:04:46.167 INFO [main] org.apache.catalina.startup.HostConfig.deployDirectory Deploying web application directory [/home/anup/DevOps-SRE/P2018-00/apache-tomcat-9.0.85/webapps/manager]
13-Feb-2024 00:04:46.190 INFO [main] org.apache.catalina.startup.HostConfig.deployDirectory Deployment of web application directory [/home/anup/DevOps-SRE/P2018-00/apache-tomcat-9.0.85/webapps/manager] has finished in [23] ms
13-Feb-2024 00:04:46.193 INFO [main] org.apache.coyote.AbstractProtocol.start Starting ProtocolHandler ["http-nio-7070"]
13-Feb-2024 00:04:46.203 INFO [main] org.apache.catalina.startup.Catalina.start Server startup in [647] milliseconds
13-Feb-2024 00:07:09.090 INFO [http-nio-7070-exec-1] org.apache.catalina.startup.HostConfig.deployWAR Deploying web application archive [/home/anup/DevOps-SRE/P2018-00/apache-tomcat-9.0.85/webapps/sample.war]
13-Feb-2024 00:07:09.120 INFO [http-nio-7070-exec-1] org.apache.catalina.startup.HostConfig.deployWAR Deployment of web application archive [/home/anup/DevOps-SRE/P2018-00/apache-tomcat-9.0.85/webapps/sample.war] has finished in [30] ms
13-Feb-2024 00:07:09.173 INFO [http-nio-7070-exec-8] org.apache.catalina.startup.HostConfig.deployWAR Deploying web application archive [/home/anup/DevOps-SRE/P2018-00/apache-tomcat-9.0.85/webapps/maven-project-war.war]
13-Feb-2024 00:07:09.207 INFO [http-nio-7070-exec-8] org.apache.catalina.startup.HostConfig.deployWAR Deployment of web application archive [/home/anup/DevOps-SRE/P2018-00/apache-tomcat-9.0.85/webapps/maven-project-war.war] has finished in [34] ms
13-Feb-2024 00:07:09.786 INFO [http-nio-7070-exec-4] org.apache.catalina.startup.HostConfig.undeploy Undeploying context [/sample]
13-Feb-2024 00:07:09.795 INFO [http-nio-7070-exec-4] org.apache.catalina.startup.HostConfig.deployWAR Deploying web application archive [/home/anup/DevOps-SRE/P2018-00/apache-tomcat-9.0.85/webapps/sample.war]
13-Feb-2024 00:07:09.807 INFO [http-nio-7070-exec-4] org.apache.catalina.startup.HostConfig.deployWAR Deployment of web application archive [/home/anup/DevOps-SRE/P2018-00/apache-tomcat-9.0.85/webapps/sample.war] has finished in [12] ms
13-Feb-2024 00:07:10.368 INFO [http-nio-7070-exec-10] org.apache.catalina.startup.HostConfig.undeploy Undeploying context [/maven-project-war]
13-Feb-2024 00:07:10.378 INFO [http-nio-7070-exec-10] org.apache.catalina.startup.HostConfig.deployWAR Deploying web application archive [/home/anup/DevOps-SRE/P2018-00/apache-tomcat-9.0.85/webapps/maven-project-war.war]
13-Feb-2024 00:07:10.396 INFO [http-nio-7070-exec-10] org.apache.catalina.startup.HostConfig.deployWAR Deployment of web application archive [/home/anup/DevOps-SRE/P2018-00/apache-tomcat-9.0.85/webapps/maven-project-war.war] has finished in [17] ms
13-Feb-2024 00:07:10.956 INFO [http-nio-7070-exec-11] org.apache.catalina.startup.HostConfig.undeploy Undeploying context [/sample]
13-Feb-2024 00:07:10.963 INFO [http-nio-7070-exec-3] org.apache.catalina.startup.HostConfig.deployWAR Deploying web application archive [/home/anup/DevOps-SRE/P2018-00/apache-tomcat-9.0.85/webapps/sample.war]
13-Feb-2024 00:07:10.981 INFO [http-nio-7070-exec-3] org.apache.catalina.startup.HostConfig.deployWAR Deployment of web application archive [/home/anup/DevOps-SRE/P2018-00/apache-tomcat-9.0.85/webapps/sample.war] has finished in [17] ms
13-Feb-2024 00:07:11.553 INFO [http-nio-7070-exec-9] org.apache.catalina.startup.HostConfig.undeploy Undeploying context [/maven-project-war]
13-Feb-2024 00:07:11.561 INFO [http-nio-7070-exec-9] org.apache.catalina.startup.HostConfig.deployWAR Deploying web application archive [/home/anup/DevOps-SRE/P2018-00/apache-tomcat-9.0.85/webapps/maven-project-war.war]
13-Feb-2024 00:07:11.579 INFO [http-nio-7070-exec-9] org.apache.catalina.startup.HostConfig.deployWAR Deployment of web application archive [/home/anup/DevOps-SRE/P2018-00/apache-tomcat-9.0.85/webapps/maven-project-war.war] has finished in [17] ms
13-Feb-2024 00:07:12.259 INFO [http-nio-7070-exec-2] org.apache.catalina.startup.HostConfig.undeploy Undeploying context [/sample]
13-Feb-2024 00:07:12.272 INFO [http-nio-7070-exec-10] org.apache.catalina.startup.HostConfig.deployWAR Deploying web application archive [/home/anup/DevOps-SRE/P2018-00/apache-tomcat-9.0.85/webapps/sample.war]
13-Feb-2024 00:07:12.285 INFO [http-nio-7070-exec-10] org.apache.catalina.startup.HostConfig.deployWAR Deployment of web application archive [/home/anup/DevOps-SRE/P2018-00/apache-tomcat-9.0.85/webapps/sample.war] has finished in [13] ms
13-Feb-2024 00:14:55.421 INFO [http-nio-7070-exec-16] org.apache.catalina.startup.HostConfig.undeploy Undeploying context [/sample]
13-Feb-2024 00:14:55.427 INFO [http-nio-7070-exec-21] org.apache.catalina.startup.HostConfig.deployWAR Deploying web application archive [/home/anup/DevOps-SRE/P2018-00/apache-tomcat-9.0.85/webapps/sample.war]
13-Feb-2024 00:14:55.438 INFO [http-nio-7070-exec-21] org.apache.catalina.startup.HostConfig.deployWAR Deployment of web application archive [/home/anup/DevOps-SRE/P2018-00/apache-tomcat-9.0.85/webapps/sample.war] has finished in [10] ms
13-Feb-2024 00:14:56.022 INFO [http-nio-7070-exec-13] org.apache.catalina.startup.HostConfig.undeploy Undeploying context [/maven-project-war]
13-Feb-2024 00:14:56.033 INFO [http-nio-7070-exec-21] org.apache.catalina.startup.HostConfig.deployWAR Deploying web application archive [/home/anup/DevOps-SRE/P2018-00/apache-tomcat-9.0.85/webapps/maven-project-war.war]
13-Feb-2024 00:14:56.048 INFO [http-nio-7070-exec-21] org.apache.catalina.startup.HostConfig.deployWAR Deployment of web application archive [/home/anup/DevOps-SRE/P2018-00/apache-tomcat-9.0.85/webapps/maven-project-war.war] has finished in [15] ms
13-Feb-2024 00:14:56.621 INFO [http-nio-7070-exec-22] org.apache.catalina.startup.HostConfig.undeploy Undeploying context [/sample]
13-Feb-2024 00:14:56.629 INFO [http-nio-7070-exec-14] org.apache.catalina.startup.HostConfig.deployWAR Deploying web application archive [/home/anup/DevOps-SRE/P2018-00/apache-tomcat-9.0.85/webapps/sample.war]
13-Feb-2024 00:14:56.643 INFO [http-nio-7070-exec-14] org.apache.catalina.startup.HostConfig.deployWAR Deployment of web application archive [/home/anup/DevOps-SRE/P2018-00/apache-tomcat-9.0.85/webapps/sample.war] has finished in [14] ms
13-Feb-2024 00:14:57.214 INFO [http-nio-7070-exec-15] org.apache.catalina.startup.HostConfig.undeploy Undeploying context [/maven-project-war]
13-Feb-2024 00:14:57.227 INFO [http-nio-7070-exec-15] org.apache.catalina.startup.HostConfig.deployWAR Deploying web application archive [/home/anup/DevOps-SRE/P2018-00/apache-tomcat-9.0.85/webapps/maven-project-war.war]
13-Feb-2024 00:14:57.240 INFO [http-nio-7070-exec-15] org.apache.catalina.startup.HostConfig.deployWAR Deployment of web application archive [/home/anup/DevOps-SRE/P2018-00/apache-tomcat-9.0.85/webapps/maven-project-war.war] has finished in [13] ms
13-Feb-2024 00:14:57.800 INFO [http-nio-7070-exec-24] org.apache.catalina.startup.HostConfig.undeploy Undeploying context [/sample]
13-Feb-2024 00:14:57.813 INFO [http-nio-7070-exec-24] org.apache.catalina.startup.HostConfig.deployWAR Deploying web application archive [/home/anup/DevOps-SRE/P2018-00/apache-tomcat-9.0.85/webapps/sample.war]
13-Feb-2024 00:14:57.827 INFO [http-nio-7070-exec-24] org.apache.catalina.startup.HostConfig.deployWAR Deployment of web application archive [/home/anup/DevOps-SRE/P2018-00/apache-tomcat-9.0.85/webapps/sample.war] has finished in [15] ms
13-Feb-2024 00:14:58.429 INFO [http-nio-7070-exec-22] org.apache.catalina.startup.HostConfig.undeploy Undeploying context [/maven-project-war]
13-Feb-2024 00:14:58.441 INFO [http-nio-7070-exec-22] org.apache.catalina.startup.HostConfig.deployWAR Deploying web application archive [/home/anup/DevOps-SRE/P2018-00/apache-tomcat-9.0.85/webapps/maven-project-war.war]
13-Feb-2024 00:14:58.462 INFO [http-nio-7070-exec-22] org.apache.catalina.startup.HostConfig.deployWAR Deployment of web application archive [/home/anup/DevOps-SRE/P2018-00/apache-tomcat-9.0.85/webapps/maven-project-war.war] has finished in [21] ms
13-Feb-2024 00:14:59.025 INFO [http-nio-7070-exec-21] org.apache.catalina.startup.HostConfig.undeploy Undeploying context [/sample]
13-Feb-2024 00:14:59.031 INFO [http-nio-7070-exec-21] org.apache.catalina.startup.HostConfig.deployWAR Deploying web application archive [/home/anup/DevOps-SRE/P2018-00/apache-tomcat-9.0.85/webapps/sample.war]
13-Feb-2024 00:14:59.055 INFO [http-nio-7070-exec-21] org.apache.catalina.startup.HostConfig.deployWAR Deployment of web application archive [/home/anup/DevOps-SRE/P2018-00/apache-tomcat-9.0.85/webapps/sample.war] has finished in [24] ms
13-Feb-2024 00:23:21.557 INFO [http-nio-7070-exec-27] org.apache.catalina.startup.HostConfig.undeploy Undeploying context [/sample]
13-Feb-2024 00:23:21.570 INFO [http-nio-7070-exec-33] org.apache.catalina.startup.HostConfig.deployWAR Deploying web application archive [/home/anup/DevOps-SRE/P2018-00/apache-tomcat-9.0.85/webapps/sample.war]
13-Feb-2024 00:23:21.589 INFO [http-nio-7070-exec-33] org.apache.catalina.startup.HostConfig.deployWAR Deployment of web application archive [/home/anup/DevOps-SRE/P2018-00/apache-tomcat-9.0.85/webapps/sample.war] has finished in [19] ms
13-Feb-2024 00:23:22.123 INFO [http-nio-7070-exec-28] org.apache.catalina.startup.HostConfig.undeploy Undeploying context [/maven-project-war]
13-Feb-2024 00:23:22.129 INFO [http-nio-7070-exec-28] org.apache.catalina.startup.HostConfig.deployWAR Deploying web application archive [/home/anup/DevOps-SRE/P2018-00/apache-tomcat-9.0.85/webapps/maven-project-war.war]
13-Feb-2024 00:23:22.151 INFO [http-nio-7070-exec-28] org.apache.catalina.startup.HostConfig.deployWAR Deployment of web application archive [/home/anup/DevOps-SRE/P2018-00/apache-tomcat-9.0.85/webapps/maven-project-war.war] has finished in [22] ms
13-Feb-2024 00:23:22.818 INFO [http-nio-7070-exec-29] org.apache.catalina.startup.HostConfig.undeploy Undeploying context [/sample]
13-Feb-2024 00:23:22.827 INFO [http-nio-7070-exec-29] org.apache.catalina.startup.HostConfig.deployWAR Deploying web application archive [/home/anup/DevOps-SRE/P2018-00/apache-tomcat-9.0.85/webapps/sample.war]
13-Feb-2024 00:23:22.844 INFO [http-nio-7070-exec-29] org.apache.catalina.startup.HostConfig.deployWAR Deployment of web application archive [/home/anup/DevOps-SRE/P2018-00/apache-tomcat-9.0.85/webapps/sample.war] has finished in [17] ms
13-Feb-2024 00:23:23.497 INFO [http-nio-7070-exec-31] org.apache.catalina.startup.HostConfig.undeploy Undeploying context [/maven-project-war]
13-Feb-2024 00:23:23.506 INFO [http-nio-7070-exec-31] org.apache.catalina.startup.HostConfig.deployWAR Deploying web application archive [/home/anup/DevOps-SRE/P2018-00/apache-tomcat-9.0.85/webapps/maven-project-war.war]
13-Feb-2024 00:23:23.525 INFO [http-nio-7070-exec-31] org.apache.catalina.startup.HostConfig.deployWAR Deployment of web application archive [/home/anup/DevOps-SRE/P2018-00/apache-tomcat-9.0.85/webapps/maven-project-war.war] has finished in [19] ms
13-Feb-2024 00:23:24.175 INFO [http-nio-7070-exec-33] org.apache.catalina.startup.HostConfig.undeploy Undeploying context [/sample]
13-Feb-2024 00:23:24.182 INFO [http-nio-7070-exec-38] org.apache.catalina.startup.HostConfig.deployWAR Deploying web application archive [/home/anup/DevOps-SRE/P2018-00/apache-tomcat-9.0.85/webapps/sample.war]
13-Feb-2024 00:23:24.225 INFO [http-nio-7070-exec-38] org.apache.catalina.startup.HostConfig.deployWAR Deployment of web application archive [/home/anup/DevOps-SRE/P2018-00/apache-tomcat-9.0.85/webapps/sample.war] has finished in [43] ms
13-Feb-2024 00:23:24.873 INFO [http-nio-7070-exec-30] org.apache.catalina.startup.HostConfig.undeploy Undeploying context [/maven-project-war]
13-Feb-2024 00:23:24.877 INFO [http-nio-7070-exec-30] org.apache.catalina.startup.HostConfig.deployWAR Deploying web application archive [/home/anup/DevOps-SRE/P2018-00/apache-tomcat-9.0.85/webapps/maven-project-war.war]
13-Feb-2024 00:23:24.887 INFO [http-nio-7070-exec-30] org.apache.catalina.startup.HostConfig.deployWAR Deployment of web application archive [/home/anup/DevOps-SRE/P2018-00/apache-tomcat-9.0.85/webapps/maven-project-war.war] has finished in [10] ms
13-Feb-2024 00:23:25.533 INFO [http-nio-7070-exec-28] org.apache.catalina.startup.HostConfig.undeploy Undeploying context [/sample]
13-Feb-2024 00:23:25.540 INFO [http-nio-7070-exec-36] org.apache.catalina.startup.HostConfig.deployWAR Deploying web application archive [/home/anup/DevOps-SRE/P2018-00/apache-tomcat-9.0.85/webapps/sample.war]
13-Feb-2024 00:23:25.558 INFO [http-nio-7070-exec-36] org.apache.catalina.startup.HostConfig.deployWAR Deployment of web application archive [/home/anup/DevOps-SRE/P2018-00/apache-tomcat-9.0.85/webapps/sample.war] has finished in [18] ms
13-Feb-2024 00:31:48.641 INFO [http-nio-7070-exec-40] org.apache.catalina.startup.HostConfig.undeploy Undeploying context [/sample]
13-Feb-2024 00:31:48.651 INFO [http-nio-7070-exec-43] org.apache.catalina.startup.HostConfig.deployWAR Deploying web application archive [/home/anup/DevOps-SRE/P2018-00/apache-tomcat-9.0.85/webapps/sample.war]
13-Feb-2024 00:31:48.664 INFO [http-nio-7070-exec-43] org.apache.catalina.startup.HostConfig.deployWAR Deployment of web application archive [/home/anup/DevOps-SRE/P2018-00/apache-tomcat-9.0.85/webapps/sample.war] has finished in [13] ms
13-Feb-2024 00:31:49.216 INFO [http-nio-7070-exec-45] org.apache.catalina.startup.HostConfig.undeploy Undeploying context [/maven-project-war]
13-Feb-2024 00:31:49.225 INFO [http-nio-7070-exec-44] org.apache.catalina.startup.HostConfig.deployWAR Deploying web application archive [/home/anup/DevOps-SRE/P2018-00/apache-tomcat-9.0.85/webapps/maven-project-war.war]
13-Feb-2024 00:31:49.240 INFO [http-nio-7070-exec-44] org.apache.catalina.startup.HostConfig.deployWAR Deployment of web application archive [/home/anup/DevOps-SRE/P2018-00/apache-tomcat-9.0.85/webapps/maven-project-war.war] has finished in [15] ms
13-Feb-2024 00:31:49.787 INFO [http-nio-7070-exec-49] org.apache.catalina.startup.HostConfig.undeploy Undeploying context [/sample]
13-Feb-2024 00:31:49.791 INFO [http-nio-7070-exec-45] org.apache.catalina.startup.HostConfig.deployWAR Deploying web application archive [/home/anup/DevOps-SRE/P2018-00/apache-tomcat-9.0.85/webapps/sample.war]
13-Feb-2024 00:31:49.802 INFO [http-nio-7070-exec-45] org.apache.catalina.startup.HostConfig.deployWAR Deployment of web application archive [/home/anup/DevOps-SRE/P2018-00/apache-tomcat-9.0.85/webapps/sample.war] has finished in [11] ms
13-Feb-2024 00:31:50.352 INFO [http-nio-7070-exec-39] org.apache.catalina.startup.HostConfig.undeploy Undeploying context [/maven-project-war]
13-Feb-2024 00:31:50.363 INFO [http-nio-7070-exec-43] org.apache.catalina.startup.HostConfig.deployWAR Deploying web application archive [/home/anup/DevOps-SRE/P2018-00/apache-tomcat-9.0.85/webapps/maven-project-war.war]
13-Feb-2024 00:31:50.381 INFO [http-nio-7070-exec-43] org.apache.catalina.startup.HostConfig.deployWAR Deployment of web application archive [/home/anup/DevOps-SRE/P2018-00/apache-tomcat-9.0.85/webapps/maven-project-war.war] has finished in [18] ms
13-Feb-2024 00:31:50.934 INFO [http-nio-7070-exec-50] org.apache.catalina.startup.HostConfig.undeploy Undeploying context [/sample]
13-Feb-2024 00:31:50.944 INFO [http-nio-7070-exec-45] org.apache.catalina.startup.HostConfig.deployWAR Deploying web application archive [/home/anup/DevOps-SRE/P2018-00/apache-tomcat-9.0.85/webapps/sample.war]
13-Feb-2024 00:31:50.957 INFO [http-nio-7070-exec-45] org.apache.catalina.startup.HostConfig.deployWAR Deployment of web application archive [/home/anup/DevOps-SRE/P2018-00/apache-tomcat-9.0.85/webapps/sample.war] has finished in [13] ms
13-Feb-2024 00:31:51.518 INFO [http-nio-7070-exec-47] org.apache.catalina.startup.HostConfig.undeploy Undeploying context [/maven-project-war]
13-Feb-2024 00:31:51.524 INFO [http-nio-7070-exec-47] org.apache.catalina.startup.HostConfig.deployWAR Deploying web application archive [/home/anup/DevOps-SRE/P2018-00/apache-tomcat-9.0.85/webapps/maven-project-war.war]
13-Feb-2024 00:31:51.541 INFO [http-nio-7070-exec-47] org.apache.catalina.startup.HostConfig.deployWAR Deployment of web application archive [/home/anup/DevOps-SRE/P2018-00/apache-tomcat-9.0.85/webapps/maven-project-war.war] has finished in [17] ms
13-Feb-2024 00:31:52.100 INFO [http-nio-7070-exec-45] org.apache.catalina.startup.HostConfig.undeploy Undeploying context [/sample]
13-Feb-2024 00:31:52.107 INFO [http-nio-7070-exec-45] org.apache.catalina.startup.HostConfig.deployWAR Deploying web application archive [/home/anup/DevOps-SRE/P2018-00/apache-tomcat-9.0.85/webapps/sample.war]
13-Feb-2024 00:31:52.120 INFO [http-nio-7070-exec-45] org.apache.catalina.startup.HostConfig.deployWAR Deployment of web application archive [/home/anup/DevOps-SRE/P2018-00/apache-tomcat-9.0.85/webapps/sample.war] has finished in [13] ms
13-Feb-2024 00:33:17.288 INFO [http-nio-7070-exec-46] org.apache.catalina.startup.HostConfig.undeploy Undeploying context [/sample]
13-Feb-2024 00:33:17.294 INFO [http-nio-7070-exec-52] org.apache.catalina.startup.HostConfig.deployWAR Deploying web application archive [/home/anup/DevOps-SRE/P2018-00/apache-tomcat-9.0.85/webapps/sample.war]
13-Feb-2024 00:33:17.307 INFO [http-nio-7070-exec-52] org.apache.catalina.startup.HostConfig.deployWAR Deployment of web application archive [/home/anup/DevOps-SRE/P2018-00/apache-tomcat-9.0.85/webapps/sample.war] has finished in [13] ms
13-Feb-2024 00:33:17.855 INFO [http-nio-7070-exec-42] org.apache.catalina.startup.HostConfig.undeploy Undeploying context [/maven-project-war]
13-Feb-2024 00:33:17.858 INFO [http-nio-7070-exec-42] org.apache.catalina.startup.HostConfig.deployWAR Deploying web application archive [/home/anup/DevOps-SRE/P2018-00/apache-tomcat-9.0.85/webapps/maven-project-war.war]
13-Feb-2024 00:33:17.868 INFO [http-nio-7070-exec-42] org.apache.catalina.startup.HostConfig.deployWAR Deployment of web application archive [/home/anup/DevOps-SRE/P2018-00/apache-tomcat-9.0.85/webapps/maven-project-war.war] has finished in [10] ms
13-Feb-2024 00:33:18.413 INFO [http-nio-7070-exec-54] org.apache.catalina.startup.HostConfig.undeploy Undeploying context [/sample]
13-Feb-2024 00:33:18.419 INFO [http-nio-7070-exec-56] org.apache.catalina.startup.HostConfig.deployWAR Deploying web application archive [/home/anup/DevOps-SRE/P2018-00/apache-tomcat-9.0.85/webapps/sample.war]
13-Feb-2024 00:33:18.431 INFO [http-nio-7070-exec-56] org.apache.catalina.startup.HostConfig.deployWAR Deployment of web application archive [/home/anup/DevOps-SRE/P2018-00/apache-tomcat-9.0.85/webapps/sample.war] has finished in [12] ms
13-Feb-2024 00:33:18.976 INFO [http-nio-7070-exec-46] org.apache.catalina.startup.HostConfig.undeploy Undeploying context [/maven-project-war]
13-Feb-2024 00:33:18.981 INFO [http-nio-7070-exec-56] org.apache.catalina.startup.HostConfig.deployWAR Deploying web application archive [/home/anup/DevOps-SRE/P2018-00/apache-tomcat-9.0.85/webapps/maven-project-war.war]
13-Feb-2024 00:33:18.990 INFO [http-nio-7070-exec-56] org.apache.catalina.startup.HostConfig.deployWAR Deployment of web application archive [/home/anup/DevOps-SRE/P2018-00/apache-tomcat-9.0.85/webapps/maven-project-war.war] has finished in [9] ms
13-Feb-2024 00:33:19.543 INFO [http-nio-7070-exec-54] org.apache.catalina.startup.HostConfig.undeploy Undeploying context [/sample]
13-Feb-2024 00:33:19.550 INFO [http-nio-7070-exec-52] org.apache.catalina.startup.HostConfig.deployWAR Deploying web application archive [/home/anup/DevOps-SRE/P2018-00/apache-tomcat-9.0.85/webapps/sample.war]
13-Feb-2024 00:33:19.561 INFO [http-nio-7070-exec-52] org.apache.catalina.startup.HostConfig.deployWAR Deployment of web application archive [/home/anup/DevOps-SRE/P2018-00/apache-tomcat-9.0.85/webapps/sample.war] has finished in [11] ms
13-Feb-2024 00:33:20.113 INFO [http-nio-7070-exec-57] org.apache.catalina.startup.HostConfig.undeploy Undeploying context [/maven-project-war]
13-Feb-2024 00:33:20.119 INFO [http-nio-7070-exec-57] org.apache.catalina.startup.HostConfig.deployWAR Deploying web application archive [/home/anup/DevOps-SRE/P2018-00/apache-tomcat-9.0.85/webapps/maven-project-war.war]
13-Feb-2024 00:33:20.170 INFO [http-nio-7070-exec-57] org.apache.catalina.startup.HostConfig.deployWAR Deployment of web application archive [/home/anup/DevOps-SRE/P2018-00/apache-tomcat-9.0.85/webapps/maven-project-war.war] has finished in [51] ms
13-Feb-2024 00:33:20.782 INFO [http-nio-7070-exec-56] org.apache.catalina.startup.HostConfig.undeploy Undeploying context [/sample]
13-Feb-2024 00:33:20.789 INFO [http-nio-7070-exec-51] org.apache.catalina.startup.HostConfig.deployWAR Deploying web application archive [/home/anup/DevOps-SRE/P2018-00/apache-tomcat-9.0.85/webapps/sample.war]
13-Feb-2024 00:33:20.809 INFO [http-nio-7070-exec-51] org.apache.catalina.startup.HostConfig.deployWAR Deployment of web application archive [/home/anup/DevOps-SRE/P2018-00/apache-tomcat-9.0.85/webapps/sample.war] has finished in [19] ms
13-Feb-2024 00:40:15.647 INFO [http-nio-7070-exec-68] org.apache.catalina.startup.HostConfig.undeploy Undeploying context [/sample]
13-Feb-2024 00:40:15.655 INFO [http-nio-7070-exec-68] org.apache.catalina.startup.HostConfig.deployWAR Deploying web application archive [/home/anup/DevOps-SRE/P2018-00/apache-tomcat-9.0.85/webapps/sample.war]
13-Feb-2024 00:40:15.675 INFO [http-nio-7070-exec-68] org.apache.catalina.startup.HostConfig.deployWAR Deployment of web application archive [/home/anup/DevOps-SRE/P2018-00/apache-tomcat-9.0.85/webapps/sample.war] has finished in [21] ms
13-Feb-2024 00:40:16.234 INFO [http-nio-7070-exec-65] org.apache.catalina.startup.HostConfig.undeploy Undeploying context [/maven-project-war]
13-Feb-2024 00:40:16.239 INFO [http-nio-7070-exec-65] org.apache.catalina.startup.HostConfig.deployWAR Deploying web application archive [/home/anup/DevOps-SRE/P2018-00/apache-tomcat-9.0.85/webapps/maven-project-war.war]
13-Feb-2024 00:40:16.251 INFO [http-nio-7070-exec-65] org.apache.catalina.startup.HostConfig.deployWAR Deployment of web application archive [/home/anup/DevOps-SRE/P2018-00/apache-tomcat-9.0.85/webapps/maven-project-war.war] has finished in [12] ms
13-Feb-2024 00:40:16.800 INFO [http-nio-7070-exec-60] org.apache.catalina.startup.HostConfig.undeploy Undeploying context [/sample]
13-Feb-2024 00:40:16.809 INFO [http-nio-7070-exec-70] org.apache.catalina.startup.HostConfig.deployWAR Deploying web application archive [/home/anup/DevOps-SRE/P2018-00/apache-tomcat-9.0.85/webapps/sample.war]
13-Feb-2024 00:40:16.822 INFO [http-nio-7070-exec-70] org.apache.catalina.startup.HostConfig.deployWAR Deployment of web application archive [/home/anup/DevOps-SRE/P2018-00/apache-tomcat-9.0.85/webapps/sample.war] has finished in [13] ms
13-Feb-2024 00:40:17.375 INFO [http-nio-7070-exec-61] org.apache.catalina.startup.HostConfig.undeploy Undeploying context [/maven-project-war]
13-Feb-2024 00:40:17.381 INFO [http-nio-7070-exec-61] org.apache.catalina.startup.HostConfig.deployWAR Deploying web application archive [/home/anup/DevOps-SRE/P2018-00/apache-tomcat-9.0.85/webapps/maven-project-war.war]
13-Feb-2024 00:40:17.395 INFO [http-nio-7070-exec-61] org.apache.catalina.startup.HostConfig.deployWAR Deployment of web application archive [/home/anup/DevOps-SRE/P2018-00/apache-tomcat-9.0.85/webapps/maven-project-war.war] has finished in [13] ms
13-Feb-2024 00:40:17.955 INFO [http-nio-7070-exec-64] org.apache.catalina.startup.HostConfig.undeploy Undeploying context [/sample]
13-Feb-2024 00:40:17.961 INFO [http-nio-7070-exec-64] org.apache.catalina.startup.HostConfig.deployWAR Deploying web application archive [/home/anup/DevOps-SRE/P2018-00/apache-tomcat-9.0.85/webapps/sample.war]
13-Feb-2024 00:40:17.974 INFO [http-nio-7070-exec-64] org.apache.catalina.startup.HostConfig.deployWAR Deployment of web application archive [/home/anup/DevOps-SRE/P2018-00/apache-tomcat-9.0.85/webapps/sample.war] has finished in [13] ms
13-Feb-2024 00:40:18.526 INFO [http-nio-7070-exec-70] org.apache.catalina.startup.HostConfig.undeploy Undeploying context [/maven-project-war]
13-Feb-2024 00:40:18.533 INFO [http-nio-7070-exec-70] org.apache.catalina.startup.HostConfig.deployWAR Deploying web application archive [/home/anup/DevOps-SRE/P2018-00/apache-tomcat-9.0.85/webapps/maven-project-war.war]
13-Feb-2024 00:40:18.567 INFO [http-nio-7070-exec-70] org.apache.catalina.startup.HostConfig.deployWAR Deployment of web application archive [/home/anup/DevOps-SRE/P2018-00/apache-tomcat-9.0.85/webapps/maven-project-war.war] has finished in [34] ms
13-Feb-2024 00:40:19.137 INFO [http-nio-7070-exec-66] org.apache.catalina.startup.HostConfig.undeploy Undeploying context [/sample]
13-Feb-2024 00:40:19.141 INFO [http-nio-7070-exec-65] org.apache.catalina.startup.HostConfig.deployWAR Deploying web application archive [/home/anup/DevOps-SRE/P2018-00/apache-tomcat-9.0.85/webapps/sample.war]
13-Feb-2024 00:40:19.148 INFO [http-nio-7070-exec-65] org.apache.catalina.startup.HostConfig.deployWAR Deployment of web application archive [/home/anup/DevOps-SRE/P2018-00/apache-tomcat-9.0.85/webapps/sample.war] has finished in [7] ms
13-Feb-2024 00:42:01.476 INFO [Thread-1] org.apache.coyote.AbstractProtocol.pause Pausing ProtocolHandler ["http-nio-7070"]
13-Feb-2024 00:42:01.485 INFO [Thread-1] org.apache.catalina.core.StandardService.stopInternal Stopping service [Catalina]
13-Feb-2024 00:42:01.511 INFO [Thread-1] org.apache.coyote.AbstractProtocol.stop Stopping ProtocolHandler ["http-nio-7070"]
13-Feb-2024 00:42:01.545 INFO [Thread-1] org.apache.coyote.AbstractProtocol.destroy Destroying ProtocolHandler ["http-nio-7070"]
