13-Feb-2024 00:06:51.902 INFO [http-nio-7070-exec-4] org.apache.catalina.core.ApplicationContext.log HTMLManager: init: Associated with Deployer 'Catalina:type=Deployer,host=localhost'
13-Feb-2024 00:06:51.903 INFO [http-nio-7070-exec-4] org.apache.catalina.core.ApplicationContext.log HTMLManager: init: Global resources are available
13-Feb-2024 00:06:51.912 INFO [http-nio-7070-exec-4] org.apache.catalina.core.ApplicationContext.log HTMLManager: list: Listing contexts for virtual host 'localhost'
13-Feb-2024 00:07:09.084 INFO [http-nio-7070-exec-10] org.apache.catalina.core.ApplicationContext.log Manager: init: Associated with Deployer 'Catalina:type=Deployer,host=localhost'
13-Feb-2024 00:07:09.084 INFO [http-nio-7070-exec-10] org.apache.catalina.core.ApplicationContext.log Manager: init: Global resources are available
13-Feb-2024 00:07:09.084 INFO [http-nio-7070-exec-10] org.apache.catalina.core.ApplicationContext.log Manager: list: Listing contexts for virtual host 'localhost'
13-Feb-2024 00:07:09.088 INFO [http-nio-7070-exec-1] org.apache.catalina.core.ApplicationContext.log Manager: deploy: Deploying web application '/sample'
13-Feb-2024 00:07:09.088 INFO [http-nio-7070-exec-1] org.apache.catalina.core.ApplicationContext.log Manager: Uploading WAR file to /home/anup/DevOps-SRE/P2018-00/apache-tomcat-9.0.85/webapps/sample.war
13-Feb-2024 00:07:09.169 INFO [http-nio-7070-exec-2] org.apache.catalina.core.ApplicationContext.log Manager: list: Listing contexts for virtual host 'localhost'
13-Feb-2024 00:07:09.172 INFO [http-nio-7070-exec-8] org.apache.catalina.core.ApplicationContext.log Manager: deploy: Deploying web application '/maven-project-war'
13-Feb-2024 00:07:09.172 INFO [http-nio-7070-exec-8] org.apache.catalina.core.ApplicationContext.log Manager: Uploading WAR file to /home/anup/DevOps-SRE/P2018-00/apache-tomcat-9.0.85/webapps/maven-project-war.war
13-Feb-2024 00:07:09.262 INFO [http-nio-7070-exec-6] org.apache.catalina.core.ApplicationContext.log Manager: list: Listing contexts for virtual host 'localhost'
13-Feb-2024 00:07:09.264 INFO [http-nio-7070-exec-7] org.apache.catalina.core.ApplicationContext.log Manager: list: Listing contexts for virtual host 'localhost'
13-Feb-2024 00:07:09.267 INFO [http-nio-7070-exec-4] org.apache.catalina.core.ApplicationContext.log Manager: undeploy: Undeploying web application at '/sample'
13-Feb-2024 00:07:09.793 INFO [http-nio-7070-exec-4] org.apache.catalina.core.ApplicationContext.log Manager: deploy: Deploying web application '/sample'
13-Feb-2024 00:07:09.794 INFO [http-nio-7070-exec-4] org.apache.catalina.core.ApplicationContext.log Manager: Uploading WAR file to /home/anup/DevOps-SRE/P2018-00/apache-tomcat-9.0.85/webapps/sample.war
13-Feb-2024 00:07:09.859 INFO [http-nio-7070-exec-10] org.apache.catalina.core.ApplicationContext.log Manager: list: Listing contexts for virtual host 'localhost'
13-Feb-2024 00:07:09.862 INFO [http-nio-7070-exec-10] org.apache.catalina.core.ApplicationContext.log Manager: list: Listing contexts for virtual host 'localhost'
13-Feb-2024 00:07:09.863 INFO [http-nio-7070-exec-10] org.apache.catalina.core.ApplicationContext.log Manager: undeploy: Undeploying web application at '/maven-project-war'
13-Feb-2024 00:07:10.374 INFO [http-nio-7070-exec-10] org.apache.catalina.core.ApplicationContext.log Manager: deploy: Deploying web application '/maven-project-war'
13-Feb-2024 00:07:10.374 INFO [http-nio-7070-exec-10] org.apache.catalina.core.ApplicationContext.log Manager: Uploading WAR file to /home/anup/DevOps-SRE/P2018-00/apache-tomcat-9.0.85/webapps/maven-project-war.war
13-Feb-2024 00:07:10.445 INFO [http-nio-7070-exec-3] org.apache.catalina.core.ApplicationContext.log Manager: list: Listing contexts for virtual host 'localhost'
13-Feb-2024 00:07:10.448 INFO [http-nio-7070-exec-6] org.apache.catalina.core.ApplicationContext.log Manager: list: Listing contexts for virtual host 'localhost'
13-Feb-2024 00:07:10.451 INFO [http-nio-7070-exec-11] org.apache.catalina.core.ApplicationContext.log Manager: undeploy: Undeploying web application at '/sample'
13-Feb-2024 00:07:10.963 INFO [http-nio-7070-exec-3] org.apache.catalina.core.ApplicationContext.log Manager: deploy: Deploying web application '/sample'
13-Feb-2024 00:07:10.963 INFO [http-nio-7070-exec-3] org.apache.catalina.core.ApplicationContext.log Manager: Uploading WAR file to /home/anup/DevOps-SRE/P2018-00/apache-tomcat-9.0.85/webapps/sample.war
13-Feb-2024 00:07:11.037 INFO [http-nio-7070-exec-10] org.apache.catalina.core.ApplicationContext.log Manager: list: Listing contexts for virtual host 'localhost'
13-Feb-2024 00:07:11.039 INFO [http-nio-7070-exec-6] org.apache.catalina.core.ApplicationContext.log Manager: list: Listing contexts for virtual host 'localhost'
13-Feb-2024 00:07:11.043 INFO [http-nio-7070-exec-9] org.apache.catalina.core.ApplicationContext.log Manager: undeploy: Undeploying web application at '/maven-project-war'
13-Feb-2024 00:07:11.560 INFO [http-nio-7070-exec-9] org.apache.catalina.core.ApplicationContext.log Manager: deploy: Deploying web application '/maven-project-war'
13-Feb-2024 00:07:11.560 INFO [http-nio-7070-exec-9] org.apache.catalina.core.ApplicationContext.log Manager: Uploading WAR file to /home/anup/DevOps-SRE/P2018-00/apache-tomcat-9.0.85/webapps/maven-project-war.war
13-Feb-2024 00:07:11.735 INFO [http-nio-7070-exec-12] org.apache.catalina.core.ApplicationContext.log Manager: list: Listing contexts for virtual host 'localhost'
13-Feb-2024 00:07:11.739 INFO [http-nio-7070-exec-7] org.apache.catalina.core.ApplicationContext.log Manager: list: Listing contexts for virtual host 'localhost'
13-Feb-2024 00:07:11.742 INFO [http-nio-7070-exec-2] org.apache.catalina.core.ApplicationContext.log Manager: undeploy: Undeploying web application at '/sample'
13-Feb-2024 00:07:12.271 INFO [http-nio-7070-exec-10] org.apache.catalina.core.ApplicationContext.log Manager: deploy: Deploying web application '/sample'
13-Feb-2024 00:07:12.272 INFO [http-nio-7070-exec-10] org.apache.catalina.core.ApplicationContext.log Manager: Uploading WAR file to /home/anup/DevOps-SRE/P2018-00/apache-tomcat-9.0.85/webapps/sample.war
13-Feb-2024 00:07:19.907 INFO [http-nio-7070-exec-1] org.apache.catalina.core.ApplicationContext.log HTMLManager: list: Listing contexts for virtual host 'localhost'
13-Feb-2024 00:14:54.908 INFO [http-nio-7070-exec-14] org.apache.catalina.core.ApplicationContext.log Manager: list: Listing contexts for virtual host 'localhost'
13-Feb-2024 00:14:54.910 INFO [http-nio-7070-exec-15] org.apache.catalina.core.ApplicationContext.log Manager: list: Listing contexts for virtual host 'localhost'
13-Feb-2024 00:14:54.911 INFO [http-nio-7070-exec-16] org.apache.catalina.core.ApplicationContext.log Manager: undeploy: Undeploying web application at '/sample'
13-Feb-2024 00:14:55.426 INFO [http-nio-7070-exec-21] org.apache.catalina.core.ApplicationContext.log Manager: deploy: Deploying web application '/sample'
13-Feb-2024 00:14:55.426 INFO [http-nio-7070-exec-21] org.apache.catalina.core.ApplicationContext.log Manager: Uploading WAR file to /home/anup/DevOps-SRE/P2018-00/apache-tomcat-9.0.85/webapps/sample.war
13-Feb-2024 00:14:55.494 INFO [http-nio-7070-exec-14] org.apache.catalina.core.ApplicationContext.log Manager: list: Listing contexts for virtual host 'localhost'
13-Feb-2024 00:14:55.495 INFO [http-nio-7070-exec-17] org.apache.catalina.core.ApplicationContext.log Manager: list: Listing contexts for virtual host 'localhost'
13-Feb-2024 00:14:55.498 INFO [http-nio-7070-exec-13] org.apache.catalina.core.ApplicationContext.log Manager: undeploy: Undeploying web application at '/maven-project-war'
13-Feb-2024 00:14:56.032 INFO [http-nio-7070-exec-21] org.apache.catalina.core.ApplicationContext.log Manager: deploy: Deploying web application '/maven-project-war'
13-Feb-2024 00:14:56.032 INFO [http-nio-7070-exec-21] org.apache.catalina.core.ApplicationContext.log Manager: Uploading WAR file to /home/anup/DevOps-SRE/P2018-00/apache-tomcat-9.0.85/webapps/maven-project-war.war
13-Feb-2024 00:14:56.110 INFO [http-nio-7070-exec-14] org.apache.catalina.core.ApplicationContext.log Manager: list: Listing contexts for virtual host 'localhost'
13-Feb-2024 00:14:56.113 INFO [http-nio-7070-exec-17] org.apache.catalina.core.ApplicationContext.log Manager: list: Listing contexts for virtual host 'localhost'
13-Feb-2024 00:14:56.113 INFO [http-nio-7070-exec-22] org.apache.catalina.core.ApplicationContext.log Manager: undeploy: Undeploying web application at '/sample'
13-Feb-2024 00:14:56.628 INFO [http-nio-7070-exec-14] org.apache.catalina.core.ApplicationContext.log Manager: deploy: Deploying web application '/sample'
13-Feb-2024 00:14:56.628 INFO [http-nio-7070-exec-14] org.apache.catalina.core.ApplicationContext.log Manager: Uploading WAR file to /home/anup/DevOps-SRE/P2018-00/apache-tomcat-9.0.85/webapps/sample.war
13-Feb-2024 00:14:56.702 INFO [http-nio-7070-exec-18] org.apache.catalina.core.ApplicationContext.log Manager: list: Listing contexts for virtual host 'localhost'
13-Feb-2024 00:14:56.709 INFO [http-nio-7070-exec-23] org.apache.catalina.core.ApplicationContext.log Manager: list: Listing contexts for virtual host 'localhost'
13-Feb-2024 00:14:56.711 INFO [http-nio-7070-exec-15] org.apache.catalina.core.ApplicationContext.log Manager: undeploy: Undeploying web application at '/maven-project-war'
13-Feb-2024 00:14:57.226 INFO [http-nio-7070-exec-15] org.apache.catalina.core.ApplicationContext.log Manager: deploy: Deploying web application '/maven-project-war'
13-Feb-2024 00:14:57.227 INFO [http-nio-7070-exec-15] org.apache.catalina.core.ApplicationContext.log Manager: Uploading WAR file to /home/anup/DevOps-SRE/P2018-00/apache-tomcat-9.0.85/webapps/maven-project-war.war
13-Feb-2024 00:14:57.291 INFO [http-nio-7070-exec-21] org.apache.catalina.core.ApplicationContext.log Manager: list: Listing contexts for virtual host 'localhost'
13-Feb-2024 00:14:57.294 INFO [http-nio-7070-exec-24] org.apache.catalina.core.ApplicationContext.log Manager: list: Listing contexts for virtual host 'localhost'
13-Feb-2024 00:14:57.296 INFO [http-nio-7070-exec-24] org.apache.catalina.core.ApplicationContext.log Manager: undeploy: Undeploying web application at '/sample'
13-Feb-2024 00:14:57.809 INFO [http-nio-7070-exec-24] org.apache.catalina.core.ApplicationContext.log Manager: deploy: Deploying web application '/sample'
13-Feb-2024 00:14:57.810 INFO [http-nio-7070-exec-24] org.apache.catalina.core.ApplicationContext.log Manager: Uploading WAR file to /home/anup/DevOps-SRE/P2018-00/apache-tomcat-9.0.85/webapps/sample.war
13-Feb-2024 00:14:57.880 INFO [http-nio-7070-exec-21] org.apache.catalina.core.ApplicationContext.log Manager: list: Listing contexts for virtual host 'localhost'
13-Feb-2024 00:14:57.886 INFO [http-nio-7070-exec-18] org.apache.catalina.core.ApplicationContext.log Manager: list: Listing contexts for virtual host 'localhost'
13-Feb-2024 00:14:57.888 INFO [http-nio-7070-exec-22] org.apache.catalina.core.ApplicationContext.log Manager: undeploy: Undeploying web application at '/maven-project-war'
13-Feb-2024 00:14:58.440 INFO [http-nio-7070-exec-22] org.apache.catalina.core.ApplicationContext.log Manager: deploy: Deploying web application '/maven-project-war'
13-Feb-2024 00:14:58.440 INFO [http-nio-7070-exec-22] org.apache.catalina.core.ApplicationContext.log Manager: Uploading WAR file to /home/anup/DevOps-SRE/P2018-00/apache-tomcat-9.0.85/webapps/maven-project-war.war
13-Feb-2024 00:14:58.513 INFO [http-nio-7070-exec-14] org.apache.catalina.core.ApplicationContext.log Manager: list: Listing contexts for virtual host 'localhost'
13-Feb-2024 00:14:58.516 INFO [http-nio-7070-exec-23] org.apache.catalina.core.ApplicationContext.log Manager: list: Listing contexts for virtual host 'localhost'
13-Feb-2024 00:14:58.518 INFO [http-nio-7070-exec-21] org.apache.catalina.core.ApplicationContext.log Manager: undeploy: Undeploying web application at '/sample'
13-Feb-2024 00:14:59.030 INFO [http-nio-7070-exec-21] org.apache.catalina.core.ApplicationContext.log Manager: deploy: Deploying web application '/sample'
13-Feb-2024 00:14:59.030 INFO [http-nio-7070-exec-21] org.apache.catalina.core.ApplicationContext.log Manager: Uploading WAR file to /home/anup/DevOps-SRE/P2018-00/apache-tomcat-9.0.85/webapps/sample.war
13-Feb-2024 00:19:02.889 INFO [http-nio-7070-exec-30] org.apache.catalina.core.ApplicationContext.log HTMLManager: list: Listing contexts for virtual host 'localhost'
13-Feb-2024 00:19:08.760 INFO [http-nio-7070-exec-31] org.apache.catalina.core.ApplicationContext.log HTMLManager: list: Listing contexts for virtual host 'localhost'
13-Feb-2024 00:19:10.736 INFO [http-nio-7070-exec-32] org.apache.catalina.core.ApplicationContext.log HTMLManager: list: Listing contexts for virtual host 'localhost'
13-Feb-2024 00:23:21.043 INFO [http-nio-7070-exec-26] org.apache.catalina.core.ApplicationContext.log Manager: list: Listing contexts for virtual host 'localhost'
13-Feb-2024 00:23:21.047 INFO [http-nio-7070-exec-29] org.apache.catalina.core.ApplicationContext.log Manager: list: Listing contexts for virtual host 'localhost'
13-Feb-2024 00:23:21.050 INFO [http-nio-7070-exec-27] org.apache.catalina.core.ApplicationContext.log Manager: undeploy: Undeploying web application at '/sample'
13-Feb-2024 00:23:21.569 INFO [http-nio-7070-exec-33] org.apache.catalina.core.ApplicationContext.log Manager: deploy: Deploying web application '/sample'
13-Feb-2024 00:23:21.569 INFO [http-nio-7070-exec-33] org.apache.catalina.core.ApplicationContext.log Manager: Uploading WAR file to /home/anup/DevOps-SRE/P2018-00/apache-tomcat-9.0.85/webapps/sample.war
13-Feb-2024 00:23:21.611 INFO [http-nio-7070-exec-32] org.apache.catalina.core.ApplicationContext.log Manager: list: Listing contexts for virtual host 'localhost'
13-Feb-2024 00:23:21.612 INFO [http-nio-7070-exec-35] org.apache.catalina.core.ApplicationContext.log Manager: list: Listing contexts for virtual host 'localhost'
13-Feb-2024 00:23:21.613 INFO [http-nio-7070-exec-28] org.apache.catalina.core.ApplicationContext.log Manager: undeploy: Undeploying web application at '/maven-project-war'
13-Feb-2024 00:23:22.128 INFO [http-nio-7070-exec-28] org.apache.catalina.core.ApplicationContext.log Manager: deploy: Deploying web application '/maven-project-war'
13-Feb-2024 00:23:22.128 INFO [http-nio-7070-exec-28] org.apache.catalina.core.ApplicationContext.log Manager: Uploading WAR file to /home/anup/DevOps-SRE/P2018-00/apache-tomcat-9.0.85/webapps/maven-project-war.war
13-Feb-2024 00:23:22.307 INFO [http-nio-7070-exec-35] org.apache.catalina.core.ApplicationContext.log Manager: list: Listing contexts for virtual host 'localhost'
13-Feb-2024 00:23:22.308 INFO [http-nio-7070-exec-32] org.apache.catalina.core.ApplicationContext.log Manager: list: Listing contexts for virtual host 'localhost'
13-Feb-2024 00:23:22.309 INFO [http-nio-7070-exec-29] org.apache.catalina.core.ApplicationContext.log Manager: undeploy: Undeploying web application at '/sample'
13-Feb-2024 00:23:22.825 INFO [http-nio-7070-exec-29] org.apache.catalina.core.ApplicationContext.log Manager: deploy: Deploying web application '/sample'
13-Feb-2024 00:23:22.825 INFO [http-nio-7070-exec-29] org.apache.catalina.core.ApplicationContext.log Manager: Uploading WAR file to /home/anup/DevOps-SRE/P2018-00/apache-tomcat-9.0.85/webapps/sample.war
13-Feb-2024 00:23:22.986 INFO [http-nio-7070-exec-36] org.apache.catalina.core.ApplicationContext.log Manager: list: Listing contexts for virtual host 'localhost'
13-Feb-2024 00:23:22.988 INFO [http-nio-7070-exec-30] org.apache.catalina.core.ApplicationContext.log Manager: list: Listing contexts for virtual host 'localhost'
13-Feb-2024 00:23:22.990 INFO [http-nio-7070-exec-31] org.apache.catalina.core.ApplicationContext.log Manager: undeploy: Undeploying web application at '/maven-project-war'
13-Feb-2024 00:23:23.505 INFO [http-nio-7070-exec-31] org.apache.catalina.core.ApplicationContext.log Manager: deploy: Deploying web application '/maven-project-war'
13-Feb-2024 00:23:23.505 INFO [http-nio-7070-exec-31] org.apache.catalina.core.ApplicationContext.log Manager: Uploading WAR file to /home/anup/DevOps-SRE/P2018-00/apache-tomcat-9.0.85/webapps/maven-project-war.war
13-Feb-2024 00:23:23.659 INFO [http-nio-7070-exec-34] org.apache.catalina.core.ApplicationContext.log Manager: list: Listing contexts for virtual host 'localhost'
13-Feb-2024 00:23:23.662 INFO [http-nio-7070-exec-30] org.apache.catalina.core.ApplicationContext.log Manager: list: Listing contexts for virtual host 'localhost'
13-Feb-2024 00:23:23.665 INFO [http-nio-7070-exec-33] org.apache.catalina.core.ApplicationContext.log Manager: undeploy: Undeploying web application at '/sample'
13-Feb-2024 00:23:24.180 INFO [http-nio-7070-exec-38] org.apache.catalina.core.ApplicationContext.log Manager: deploy: Deploying web application '/sample'
13-Feb-2024 00:23:24.180 INFO [http-nio-7070-exec-38] org.apache.catalina.core.ApplicationContext.log Manager: Uploading WAR file to /home/anup/DevOps-SRE/P2018-00/apache-tomcat-9.0.85/webapps/sample.war
13-Feb-2024 00:23:24.359 INFO [http-nio-7070-exec-28] org.apache.catalina.core.ApplicationContext.log Manager: list: Listing contexts for virtual host 'localhost'
13-Feb-2024 00:23:24.366 INFO [http-nio-7070-exec-36] org.apache.catalina.core.ApplicationContext.log Manager: list: Listing contexts for virtual host 'localhost'
13-Feb-2024 00:23:24.369 INFO [http-nio-7070-exec-30] org.apache.catalina.core.ApplicationContext.log Manager: undeploy: Undeploying web application at '/maven-project-war'
13-Feb-2024 00:23:24.876 INFO [http-nio-7070-exec-30] org.apache.catalina.core.ApplicationContext.log Manager: deploy: Deploying web application '/maven-project-war'
13-Feb-2024 00:23:24.876 INFO [http-nio-7070-exec-30] org.apache.catalina.core.ApplicationContext.log Manager: Uploading WAR file to /home/anup/DevOps-SRE/P2018-00/apache-tomcat-9.0.85/webapps/maven-project-war.war
13-Feb-2024 00:23:25.023 INFO [http-nio-7070-exec-35] org.apache.catalina.core.ApplicationContext.log Manager: list: Listing contexts for virtual host 'localhost'
13-Feb-2024 00:23:25.025 INFO [http-nio-7070-exec-32] org.apache.catalina.core.ApplicationContext.log Manager: list: Listing contexts for virtual host 'localhost'
13-Feb-2024 00:23:25.027 INFO [http-nio-7070-exec-28] org.apache.catalina.core.ApplicationContext.log Manager: undeploy: Undeploying web application at '/sample'
13-Feb-2024 00:23:25.538 INFO [http-nio-7070-exec-36] org.apache.catalina.core.ApplicationContext.log Manager: deploy: Deploying web application '/sample'
13-Feb-2024 00:23:25.538 INFO [http-nio-7070-exec-36] org.apache.catalina.core.ApplicationContext.log Manager: Uploading WAR file to /home/anup/DevOps-SRE/P2018-00/apache-tomcat-9.0.85/webapps/sample.war
13-Feb-2024 00:31:48.129 INFO [http-nio-7070-exec-39] org.apache.catalina.core.ApplicationContext.log Manager: list: Listing contexts for virtual host 'localhost'
13-Feb-2024 00:31:48.132 INFO [http-nio-7070-exec-42] org.apache.catalina.core.ApplicationContext.log Manager: list: Listing contexts for virtual host 'localhost'
13-Feb-2024 00:31:48.134 INFO [http-nio-7070-exec-40] org.apache.catalina.core.ApplicationContext.log Manager: undeploy: Undeploying web application at '/sample'
13-Feb-2024 00:31:48.650 INFO [http-nio-7070-exec-43] org.apache.catalina.core.ApplicationContext.log Manager: deploy: Deploying web application '/sample'
13-Feb-2024 00:31:48.650 INFO [http-nio-7070-exec-43] org.apache.catalina.core.ApplicationContext.log Manager: Uploading WAR file to /home/anup/DevOps-SRE/P2018-00/apache-tomcat-9.0.85/webapps/sample.war
13-Feb-2024 00:31:48.706 INFO [http-nio-7070-exec-45] org.apache.catalina.core.ApplicationContext.log Manager: list: Listing contexts for virtual host 'localhost'
13-Feb-2024 00:31:48.708 INFO [http-nio-7070-exec-45] org.apache.catalina.core.ApplicationContext.log Manager: list: Listing contexts for virtual host 'localhost'
13-Feb-2024 00:31:48.709 INFO [http-nio-7070-exec-45] org.apache.catalina.core.ApplicationContext.log Manager: undeploy: Undeploying web application at '/maven-project-war'
13-Feb-2024 00:31:49.224 INFO [http-nio-7070-exec-44] org.apache.catalina.core.ApplicationContext.log Manager: deploy: Deploying web application '/maven-project-war'
13-Feb-2024 00:31:49.224 INFO [http-nio-7070-exec-44] org.apache.catalina.core.ApplicationContext.log Manager: Uploading WAR file to /home/anup/DevOps-SRE/P2018-00/apache-tomcat-9.0.85/webapps/maven-project-war.war
13-Feb-2024 00:31:49.281 INFO [http-nio-7070-exec-43] org.apache.catalina.core.ApplicationContext.log Manager: list: Listing contexts for virtual host 'localhost'
13-Feb-2024 00:31:49.284 INFO [http-nio-7070-exec-42] org.apache.catalina.core.ApplicationContext.log Manager: list: Listing contexts for virtual host 'localhost'
13-Feb-2024 00:31:49.285 INFO [http-nio-7070-exec-49] org.apache.catalina.core.ApplicationContext.log Manager: undeploy: Undeploying web application at '/sample'
13-Feb-2024 00:31:49.790 INFO [http-nio-7070-exec-45] org.apache.catalina.core.ApplicationContext.log Manager: deploy: Deploying web application '/sample'
13-Feb-2024 00:31:49.790 INFO [http-nio-7070-exec-45] org.apache.catalina.core.ApplicationContext.log Manager: Uploading WAR file to /home/anup/DevOps-SRE/P2018-00/apache-tomcat-9.0.85/webapps/sample.war
13-Feb-2024 00:31:49.838 INFO [http-nio-7070-exec-47] org.apache.catalina.core.ApplicationContext.log Manager: list: Listing contexts for virtual host 'localhost'
13-Feb-2024 00:31:49.839 INFO [http-nio-7070-exec-48] org.apache.catalina.core.ApplicationContext.log Manager: list: Listing contexts for virtual host 'localhost'
13-Feb-2024 00:31:49.841 INFO [http-nio-7070-exec-39] org.apache.catalina.core.ApplicationContext.log Manager: undeploy: Undeploying web application at '/maven-project-war'
13-Feb-2024 00:31:50.362 INFO [http-nio-7070-exec-43] org.apache.catalina.core.ApplicationContext.log Manager: deploy: Deploying web application '/maven-project-war'
13-Feb-2024 00:31:50.362 INFO [http-nio-7070-exec-43] org.apache.catalina.core.ApplicationContext.log Manager: Uploading WAR file to /home/anup/DevOps-SRE/P2018-00/apache-tomcat-9.0.85/webapps/maven-project-war.war
13-Feb-2024 00:31:50.425 INFO [http-nio-7070-exec-46] org.apache.catalina.core.ApplicationContext.log Manager: list: Listing contexts for virtual host 'localhost'
13-Feb-2024 00:31:50.427 INFO [http-nio-7070-exec-48] org.apache.catalina.core.ApplicationContext.log Manager: list: Listing contexts for virtual host 'localhost'
13-Feb-2024 00:31:50.429 INFO [http-nio-7070-exec-50] org.apache.catalina.core.ApplicationContext.log Manager: undeploy: Undeploying web application at '/sample'
13-Feb-2024 00:31:50.943 INFO [http-nio-7070-exec-45] org.apache.catalina.core.ApplicationContext.log Manager: deploy: Deploying web application '/sample'
13-Feb-2024 00:31:50.943 INFO [http-nio-7070-exec-45] org.apache.catalina.core.ApplicationContext.log Manager: Uploading WAR file to /home/anup/DevOps-SRE/P2018-00/apache-tomcat-9.0.85/webapps/sample.war
13-Feb-2024 00:31:50.999 INFO [http-nio-7070-exec-44] org.apache.catalina.core.ApplicationContext.log Manager: list: Listing contexts for virtual host 'localhost'
13-Feb-2024 00:31:51.001 INFO [http-nio-7070-exec-42] org.apache.catalina.core.ApplicationContext.log Manager: list: Listing contexts for virtual host 'localhost'
13-Feb-2024 00:31:51.002 INFO [http-nio-7070-exec-47] org.apache.catalina.core.ApplicationContext.log Manager: undeploy: Undeploying web application at '/maven-project-war'
13-Feb-2024 00:31:51.523 INFO [http-nio-7070-exec-47] org.apache.catalina.core.ApplicationContext.log Manager: deploy: Deploying web application '/maven-project-war'
13-Feb-2024 00:31:51.523 INFO [http-nio-7070-exec-47] org.apache.catalina.core.ApplicationContext.log Manager: Uploading WAR file to /home/anup/DevOps-SRE/P2018-00/apache-tomcat-9.0.85/webapps/maven-project-war.war
13-Feb-2024 00:31:51.586 INFO [http-nio-7070-exec-43] org.apache.catalina.core.ApplicationContext.log Manager: list: Listing contexts for virtual host 'localhost'
13-Feb-2024 00:31:51.593 INFO [http-nio-7070-exec-45] org.apache.catalina.core.ApplicationContext.log Manager: list: Listing contexts for virtual host 'localhost'
13-Feb-2024 00:31:51.595 INFO [http-nio-7070-exec-45] org.apache.catalina.core.ApplicationContext.log Manager: undeploy: Undeploying web application at '/sample'
13-Feb-2024 00:31:52.106 INFO [http-nio-7070-exec-45] org.apache.catalina.core.ApplicationContext.log Manager: deploy: Deploying web application '/sample'
13-Feb-2024 00:31:52.106 INFO [http-nio-7070-exec-45] org.apache.catalina.core.ApplicationContext.log Manager: Uploading WAR file to /home/anup/DevOps-SRE/P2018-00/apache-tomcat-9.0.85/webapps/sample.war
13-Feb-2024 00:33:16.778 INFO [http-nio-7070-exec-39] org.apache.catalina.core.ApplicationContext.log Manager: list: Listing contexts for virtual host 'localhost'
13-Feb-2024 00:33:16.782 INFO [http-nio-7070-exec-51] org.apache.catalina.core.ApplicationContext.log Manager: list: Listing contexts for virtual host 'localhost'
13-Feb-2024 00:33:16.783 INFO [http-nio-7070-exec-46] org.apache.catalina.core.ApplicationContext.log Manager: undeploy: Undeploying web application at '/sample'
13-Feb-2024 00:33:17.293 INFO [http-nio-7070-exec-52] org.apache.catalina.core.ApplicationContext.log Manager: deploy: Deploying web application '/sample'
13-Feb-2024 00:33:17.293 INFO [http-nio-7070-exec-52] org.apache.catalina.core.ApplicationContext.log Manager: Uploading WAR file to /home/anup/DevOps-SRE/P2018-00/apache-tomcat-9.0.85/webapps/sample.war
13-Feb-2024 00:33:17.342 INFO [http-nio-7070-exec-43] org.apache.catalina.core.ApplicationContext.log Manager: list: Listing contexts for virtual host 'localhost'
13-Feb-2024 00:33:17.345 INFO [http-nio-7070-exec-47] org.apache.catalina.core.ApplicationContext.log Manager: list: Listing contexts for virtual host 'localhost'
13-Feb-2024 00:33:17.347 INFO [http-nio-7070-exec-42] org.apache.catalina.core.ApplicationContext.log Manager: undeploy: Undeploying web application at '/maven-project-war'
13-Feb-2024 00:33:17.858 INFO [http-nio-7070-exec-42] org.apache.catalina.core.ApplicationContext.log Manager: deploy: Deploying web application '/maven-project-war'
13-Feb-2024 00:33:17.858 INFO [http-nio-7070-exec-42] org.apache.catalina.core.ApplicationContext.log Manager: Uploading WAR file to /home/anup/DevOps-SRE/P2018-00/apache-tomcat-9.0.85/webapps/maven-project-war.war
13-Feb-2024 00:33:17.906 INFO [http-nio-7070-exec-43] org.apache.catalina.core.ApplicationContext.log Manager: list: Listing contexts for virtual host 'localhost'
13-Feb-2024 00:33:17.908 INFO [http-nio-7070-exec-47] org.apache.catalina.core.ApplicationContext.log Manager: list: Listing contexts for virtual host 'localhost'
13-Feb-2024 00:33:17.909 INFO [http-nio-7070-exec-54] org.apache.catalina.core.ApplicationContext.log Manager: undeploy: Undeploying web application at '/sample'
13-Feb-2024 00:33:18.418 INFO [http-nio-7070-exec-56] org.apache.catalina.core.ApplicationContext.log Manager: deploy: Deploying web application '/sample'
13-Feb-2024 00:33:18.419 INFO [http-nio-7070-exec-56] org.apache.catalina.core.ApplicationContext.log Manager: Uploading WAR file to /home/anup/DevOps-SRE/P2018-00/apache-tomcat-9.0.85/webapps/sample.war
13-Feb-2024 00:33:18.469 INFO [http-nio-7070-exec-57] org.apache.catalina.core.ApplicationContext.log Manager: list: Listing contexts for virtual host 'localhost'
13-Feb-2024 00:33:18.470 INFO [http-nio-7070-exec-46] org.apache.catalina.core.ApplicationContext.log Manager: list: Listing contexts for virtual host 'localhost'
13-Feb-2024 00:33:18.470 INFO [http-nio-7070-exec-46] org.apache.catalina.core.ApplicationContext.log Manager: undeploy: Undeploying web application at '/maven-project-war'
13-Feb-2024 00:33:18.980 INFO [http-nio-7070-exec-56] org.apache.catalina.core.ApplicationContext.log Manager: deploy: Deploying web application '/maven-project-war'
13-Feb-2024 00:33:18.980 INFO [http-nio-7070-exec-56] org.apache.catalina.core.ApplicationContext.log Manager: Uploading WAR file to /home/anup/DevOps-SRE/P2018-00/apache-tomcat-9.0.85/webapps/maven-project-war.war
13-Feb-2024 00:33:19.030 INFO [http-nio-7070-exec-43] org.apache.catalina.core.ApplicationContext.log Manager: list: Listing contexts for virtual host 'localhost'
13-Feb-2024 00:33:19.033 INFO [http-nio-7070-exec-51] org.apache.catalina.core.ApplicationContext.log Manager: list: Listing contexts for virtual host 'localhost'
13-Feb-2024 00:33:19.035 INFO [http-nio-7070-exec-54] org.apache.catalina.core.ApplicationContext.log Manager: undeploy: Undeploying web application at '/sample'
13-Feb-2024 00:33:19.548 INFO [http-nio-7070-exec-52] org.apache.catalina.core.ApplicationContext.log Manager: deploy: Deploying web application '/sample'
13-Feb-2024 00:33:19.549 INFO [http-nio-7070-exec-52] org.apache.catalina.core.ApplicationContext.log Manager: Uploading WAR file to /home/anup/DevOps-SRE/P2018-00/apache-tomcat-9.0.85/webapps/sample.war
13-Feb-2024 00:33:19.600 INFO [http-nio-7070-exec-51] org.apache.catalina.core.ApplicationContext.log Manager: list: Listing contexts for virtual host 'localhost'
13-Feb-2024 00:33:19.601 INFO [http-nio-7070-exec-47] org.apache.catalina.core.ApplicationContext.log Manager: list: Listing contexts for virtual host 'localhost'
13-Feb-2024 00:33:19.605 INFO [http-nio-7070-exec-57] org.apache.catalina.core.ApplicationContext.log Manager: undeploy: Undeploying web application at '/maven-project-war'
13-Feb-2024 00:33:20.119 INFO [http-nio-7070-exec-57] org.apache.catalina.core.ApplicationContext.log Manager: deploy: Deploying web application '/maven-project-war'
13-Feb-2024 00:33:20.119 INFO [http-nio-7070-exec-57] org.apache.catalina.core.ApplicationContext.log Manager: Uploading WAR file to /home/anup/DevOps-SRE/P2018-00/apache-tomcat-9.0.85/webapps/maven-project-war.war
13-Feb-2024 00:33:20.209 INFO [http-nio-7070-exec-43] org.apache.catalina.core.ApplicationContext.log Manager: list: Listing contexts for virtual host 'localhost'
13-Feb-2024 00:33:20.210 INFO [http-nio-7070-exec-43] org.apache.catalina.core.ApplicationContext.log Manager: list: Listing contexts for virtual host 'localhost'
13-Feb-2024 00:33:20.213 INFO [http-nio-7070-exec-56] org.apache.catalina.core.ApplicationContext.log Manager: undeploy: Undeploying web application at '/sample'
13-Feb-2024 00:33:20.788 INFO [http-nio-7070-exec-51] org.apache.catalina.core.ApplicationContext.log Manager: deploy: Deploying web application '/sample'
13-Feb-2024 00:33:20.788 INFO [http-nio-7070-exec-51] org.apache.catalina.core.ApplicationContext.log Manager: Uploading WAR file to /home/anup/DevOps-SRE/P2018-00/apache-tomcat-9.0.85/webapps/sample.war
13-Feb-2024 00:40:15.136 INFO [http-nio-7070-exec-63] org.apache.catalina.core.ApplicationContext.log Manager: list: Listing contexts for virtual host 'localhost'
13-Feb-2024 00:40:15.140 INFO [http-nio-7070-exec-64] org.apache.catalina.core.ApplicationContext.log Manager: list: Listing contexts for virtual host 'localhost'
13-Feb-2024 00:40:15.142 INFO [http-nio-7070-exec-68] org.apache.catalina.core.ApplicationContext.log Manager: undeploy: Undeploying web application at '/sample'
13-Feb-2024 00:40:15.652 INFO [http-nio-7070-exec-68] org.apache.catalina.core.ApplicationContext.log Manager: deploy: Deploying web application '/sample'
13-Feb-2024 00:40:15.653 INFO [http-nio-7070-exec-68] org.apache.catalina.core.ApplicationContext.log Manager: Uploading WAR file to /home/anup/DevOps-SRE/P2018-00/apache-tomcat-9.0.85/webapps/sample.war
13-Feb-2024 00:40:15.724 INFO [http-nio-7070-exec-61] org.apache.catalina.core.ApplicationContext.log Manager: list: Listing contexts for virtual host 'localhost'
13-Feb-2024 00:40:15.725 INFO [http-nio-7070-exec-66] org.apache.catalina.core.ApplicationContext.log Manager: list: Listing contexts for virtual host 'localhost'
13-Feb-2024 00:40:15.728 INFO [http-nio-7070-exec-65] org.apache.catalina.core.ApplicationContext.log Manager: undeploy: Undeploying web application at '/maven-project-war'
13-Feb-2024 00:40:16.238 INFO [http-nio-7070-exec-65] org.apache.catalina.core.ApplicationContext.log Manager: deploy: Deploying web application '/maven-project-war'
13-Feb-2024 00:40:16.238 INFO [http-nio-7070-exec-65] org.apache.catalina.core.ApplicationContext.log Manager: Uploading WAR file to /home/anup/DevOps-SRE/P2018-00/apache-tomcat-9.0.85/webapps/maven-project-war.war
13-Feb-2024 00:40:16.294 INFO [http-nio-7070-exec-69] org.apache.catalina.core.ApplicationContext.log Manager: list: Listing contexts for virtual host 'localhost'
13-Feb-2024 00:40:16.296 INFO [http-nio-7070-exec-62] org.apache.catalina.core.ApplicationContext.log Manager: list: Listing contexts for virtual host 'localhost'
13-Feb-2024 00:40:16.297 INFO [http-nio-7070-exec-60] org.apache.catalina.core.ApplicationContext.log Manager: undeploy: Undeploying web application at '/sample'
13-Feb-2024 00:40:16.808 INFO [http-nio-7070-exec-70] org.apache.catalina.core.ApplicationContext.log Manager: deploy: Deploying web application '/sample'
13-Feb-2024 00:40:16.808 INFO [http-nio-7070-exec-70] org.apache.catalina.core.ApplicationContext.log Manager: Uploading WAR file to /home/anup/DevOps-SRE/P2018-00/apache-tomcat-9.0.85/webapps/sample.war
13-Feb-2024 00:40:16.864 INFO [http-nio-7070-exec-67] org.apache.catalina.core.ApplicationContext.log Manager: list: Listing contexts for virtual host 'localhost'
13-Feb-2024 00:40:16.865 INFO [http-nio-7070-exec-63] org.apache.catalina.core.ApplicationContext.log Manager: list: Listing contexts for virtual host 'localhost'
13-Feb-2024 00:40:16.869 INFO [http-nio-7070-exec-61] org.apache.catalina.core.ApplicationContext.log Manager: undeploy: Undeploying web application at '/maven-project-war'
13-Feb-2024 00:40:17.380 INFO [http-nio-7070-exec-61] org.apache.catalina.core.ApplicationContext.log Manager: deploy: Deploying web application '/maven-project-war'
13-Feb-2024 00:40:17.380 INFO [http-nio-7070-exec-61] org.apache.catalina.core.ApplicationContext.log Manager: Uploading WAR file to /home/anup/DevOps-SRE/P2018-00/apache-tomcat-9.0.85/webapps/maven-project-war.war
13-Feb-2024 00:40:17.436 INFO [http-nio-7070-exec-66] org.apache.catalina.core.ApplicationContext.log Manager: list: Listing contexts for virtual host 'localhost'
13-Feb-2024 00:40:17.437 INFO [http-nio-7070-exec-63] org.apache.catalina.core.ApplicationContext.log Manager: list: Listing contexts for virtual host 'localhost'
13-Feb-2024 00:40:17.439 INFO [http-nio-7070-exec-64] org.apache.catalina.core.ApplicationContext.log Manager: undeploy: Undeploying web application at '/sample'
13-Feb-2024 00:40:17.960 INFO [http-nio-7070-exec-64] org.apache.catalina.core.ApplicationContext.log Manager: deploy: Deploying web application '/sample'
13-Feb-2024 00:40:17.960 INFO [http-nio-7070-exec-64] org.apache.catalina.core.ApplicationContext.log Manager: Uploading WAR file to /home/anup/DevOps-SRE/P2018-00/apache-tomcat-9.0.85/webapps/sample.war
13-Feb-2024 00:40:18.016 INFO [http-nio-7070-exec-65] org.apache.catalina.core.ApplicationContext.log Manager: list: Listing contexts for virtual host 'localhost'
13-Feb-2024 00:40:18.017 INFO [http-nio-7070-exec-69] org.apache.catalina.core.ApplicationContext.log Manager: list: Listing contexts for virtual host 'localhost'
13-Feb-2024 00:40:18.021 INFO [http-nio-7070-exec-70] org.apache.catalina.core.ApplicationContext.log Manager: undeploy: Undeploying web application at '/maven-project-war'
13-Feb-2024 00:40:18.532 INFO [http-nio-7070-exec-70] org.apache.catalina.core.ApplicationContext.log Manager: deploy: Deploying web application '/maven-project-war'
13-Feb-2024 00:40:18.533 INFO [http-nio-7070-exec-70] org.apache.catalina.core.ApplicationContext.log Manager: Uploading WAR file to /home/anup/DevOps-SRE/P2018-00/apache-tomcat-9.0.85/webapps/maven-project-war.war
13-Feb-2024 00:40:18.614 INFO [http-nio-7070-exec-69] org.apache.catalina.core.ApplicationContext.log Manager: list: Listing contexts for virtual host 'localhost'
13-Feb-2024 00:40:18.619 INFO [http-nio-7070-exec-71] org.apache.catalina.core.ApplicationContext.log Manager: list: Listing contexts for virtual host 'localhost'
13-Feb-2024 00:40:18.620 INFO [http-nio-7070-exec-66] org.apache.catalina.core.ApplicationContext.log Manager: undeploy: Undeploying web application at '/sample'
13-Feb-2024 00:40:19.140 INFO [http-nio-7070-exec-65] org.apache.catalina.core.ApplicationContext.log Manager: deploy: Deploying web application '/sample'
13-Feb-2024 00:40:19.140 INFO [http-nio-7070-exec-65] org.apache.catalina.core.ApplicationContext.log Manager: Uploading WAR file to /home/anup/DevOps-SRE/P2018-00/apache-tomcat-9.0.85/webapps/sample.war
