Error: LinkageError occurred while loading main class org.apache.catalina.startup.Bootstrap
	java.lang.UnsupportedClassVersionError: org/apache/catalina/startup/Bootstrap has been compiled by a more recent version of the Java Runtime (class file version 65.0), this version of the Java Runtime only recognizes class file versions up to 61.0
Error: LinkageError occurred while loading main class org.apache.catalina.startup.Bootstrap
	java.lang.UnsupportedClassVersionError: org/apache/catalina/startup/Bootstrap has been compiled by a more recent version of the Java Runtime (class file version 65.0), this version of the Java Runtime only recognizes class file versions up to 61.0
11-Feb-2024 23:00:46.673 INFO [main] org.apache.catalina.startup.VersionLoggerListener.log Server version name:   Apache Tomcat/11.0.0-M16
11-Feb-2024 23:00:46.677 INFO [main] org.apache.catalina.startup.VersionLoggerListener.log Server built:          Jan 4 2024 17:56:17 UTC
11-Feb-2024 23:00:46.678 INFO [main] org.apache.catalina.startup.VersionLoggerListener.log Server version number: 11.0.0.0
11-Feb-2024 23:00:46.678 INFO [main] org.apache.catalina.startup.VersionLoggerListener.log OS Name:               Linux
11-Feb-2024 23:00:46.678 INFO [main] org.apache.catalina.startup.VersionLoggerListener.log OS Version:            5.14.0-362.18.1.el9_3.x86_64
11-Feb-2024 23:00:46.678 INFO [main] org.apache.catalina.startup.VersionLoggerListener.log Architecture:          amd64
11-Feb-2024 23:00:46.678 INFO [main] org.apache.catalina.startup.VersionLoggerListener.log Java Home:             /usr/lib/jvm/java-21-openjdk-21.0.2.0.13-1.el9.x86_64
11-Feb-2024 23:00:46.678 INFO [main] org.apache.catalina.startup.VersionLoggerListener.log JVM Version:           21.0.2+13-LTS
11-Feb-2024 23:00:46.678 INFO [main] org.apache.catalina.startup.VersionLoggerListener.log JVM Vendor:            Red Hat, Inc.
11-Feb-2024 23:00:46.678 INFO [main] org.apache.catalina.startup.VersionLoggerListener.log CATALINA_BASE:         /home/anup/DevOps-SRE/P2018-00/apache-tomcat-11.0.0-M16
11-Feb-2024 23:00:46.678 INFO [main] org.apache.catalina.startup.VersionLoggerListener.log CATALINA_HOME:         /home/anup/DevOps-SRE/P2018-00/apache-tomcat-11.0.0-M16
11-Feb-2024 23:00:46.688 INFO [main] org.apache.catalina.startup.VersionLoggerListener.log Command line argument: -Djava.util.logging.config.file=/home/anup/DevOps-SRE/P2018-00/tomcat-11/conf/logging.properties
11-Feb-2024 23:00:46.688 INFO [main] org.apache.catalina.startup.VersionLoggerListener.log Command line argument: -Djava.util.logging.manager=org.apache.juli.ClassLoaderLogManager
11-Feb-2024 23:00:46.688 INFO [main] org.apache.catalina.startup.VersionLoggerListener.log Command line argument: -Djdk.tls.ephemeralDHKeySize=2048
11-Feb-2024 23:00:46.688 INFO [main] org.apache.catalina.startup.VersionLoggerListener.log Command line argument: -Dorg.apache.catalina.security.SecurityListener.UMASK=0027
11-Feb-2024 23:00:46.688 INFO [main] org.apache.catalina.startup.VersionLoggerListener.log Command line argument: --add-opens=java.base/java.lang=ALL-UNNAMED
11-Feb-2024 23:00:46.689 INFO [main] org.apache.catalina.startup.VersionLoggerListener.log Command line argument: --add-opens=java.base/java.io=ALL-UNNAMED
11-Feb-2024 23:00:46.689 INFO [main] org.apache.catalina.startup.VersionLoggerListener.log Command line argument: --add-opens=java.base/java.util=ALL-UNNAMED
11-Feb-2024 23:00:46.689 INFO [main] org.apache.catalina.startup.VersionLoggerListener.log Command line argument: --add-opens=java.base/java.util.concurrent=ALL-UNNAMED
11-Feb-2024 23:00:46.689 INFO [main] org.apache.catalina.startup.VersionLoggerListener.log Command line argument: --add-opens=java.rmi/sun.rmi.transport=ALL-UNNAMED
11-Feb-2024 23:00:46.689 INFO [main] org.apache.catalina.startup.VersionLoggerListener.log Command line argument: -Dcatalina.base=/home/anup/DevOps-SRE/P2018-00/tomcat-11
11-Feb-2024 23:00:46.689 INFO [main] org.apache.catalina.startup.VersionLoggerListener.log Command line argument: -Dcatalina.home=/home/anup/DevOps-SRE/P2018-00/tomcat-11
11-Feb-2024 23:00:46.689 INFO [main] org.apache.catalina.startup.VersionLoggerListener.log Command line argument: -Djava.io.tmpdir=/home/anup/DevOps-SRE/P2018-00/tomcat-11/temp
11-Feb-2024 23:00:46.690 INFO [main] org.apache.catalina.core.AprLifecycleListener.lifecycleEvent The Apache Tomcat Native library which allows using OpenSSL was not found on the java.library.path: [/usr/java/packages/lib:/usr/lib64:/lib64:/lib:/usr/lib]
11-Feb-2024 23:00:47.165 INFO [main] org.apache.coyote.AbstractProtocol.init Initializing ProtocolHandler ["http-nio-9090"]
11-Feb-2024 23:00:47.201 INFO [main] org.apache.catalina.startup.Catalina.load Server initialization in [781] milliseconds
11-Feb-2024 23:00:47.254 INFO [main] org.apache.catalina.core.StandardService.startInternal Starting service [Catalina]
11-Feb-2024 23:00:47.255 INFO [main] org.apache.catalina.core.StandardEngine.startInternal Starting Servlet engine: [Apache Tomcat/11.0.0-M16]
11-Feb-2024 23:00:47.265 INFO [main] org.apache.catalina.startup.HostConfig.deployDirectory Deploying web application directory [/home/anup/DevOps-SRE/P2018-00/apache-tomcat-11.0.0-M16/webapps/ROOT]
11-Feb-2024 23:00:47.625 INFO [main] org.apache.catalina.startup.HostConfig.deployDirectory Deployment of web application directory [/home/anup/DevOps-SRE/P2018-00/apache-tomcat-11.0.0-M16/webapps/ROOT] has finished in [360] ms
11-Feb-2024 23:00:47.626 INFO [main] org.apache.catalina.startup.HostConfig.deployDirectory Deploying web application directory [/home/anup/DevOps-SRE/P2018-00/apache-tomcat-11.0.0-M16/webapps/docs]
11-Feb-2024 23:00:47.659 INFO [main] org.apache.catalina.startup.HostConfig.deployDirectory Deployment of web application directory [/home/anup/DevOps-SRE/P2018-00/apache-tomcat-11.0.0-M16/webapps/docs] has finished in [33] ms
11-Feb-2024 23:00:47.659 INFO [main] org.apache.catalina.startup.HostConfig.deployDirectory Deploying web application directory [/home/anup/DevOps-SRE/P2018-00/apache-tomcat-11.0.0-M16/webapps/examples]
11-Feb-2024 23:00:48.534 INFO [main] org.apache.catalina.startup.HostConfig.deployDirectory Deployment of web application directory [/home/anup/DevOps-SRE/P2018-00/apache-tomcat-11.0.0-M16/webapps/examples] has finished in [875] ms
11-Feb-2024 23:00:48.535 INFO [main] org.apache.catalina.startup.HostConfig.deployDirectory Deploying web application directory [/home/anup/DevOps-SRE/P2018-00/apache-tomcat-11.0.0-M16/webapps/host-manager]
11-Feb-2024 23:00:48.556 INFO [main] org.apache.catalina.startup.HostConfig.deployDirectory Deployment of web application directory [/home/anup/DevOps-SRE/P2018-00/apache-tomcat-11.0.0-M16/webapps/host-manager] has finished in [21] ms
11-Feb-2024 23:00:48.556 INFO [main] org.apache.catalina.startup.HostConfig.deployDirectory Deploying web application directory [/home/anup/DevOps-SRE/P2018-00/apache-tomcat-11.0.0-M16/webapps/manager]
11-Feb-2024 23:00:48.576 INFO [main] org.apache.catalina.startup.HostConfig.deployDirectory Deployment of web application directory [/home/anup/DevOps-SRE/P2018-00/apache-tomcat-11.0.0-M16/webapps/manager] has finished in [19] ms
11-Feb-2024 23:00:48.578 INFO [main] org.apache.coyote.AbstractProtocol.start Starting ProtocolHandler ["http-nio-9090"]
11-Feb-2024 23:00:48.603 INFO [main] org.apache.catalina.startup.Catalina.start Server startup in [1397] milliseconds
11-Feb-2024 23:57:41.469 INFO [Catalina-utility-2] org.apache.catalina.users.MemoryUserDatabase.backgroundProcess Reloading memory user database [UserDatabase] from updated source [file:/home/anup/DevOps-SRE/P2018-00/apache-tomcat-11.0.0-M16/conf/tomcat-users.xml]
11-Feb-2024 23:58:51.508 INFO [Catalina-utility-1] org.apache.catalina.startup.HostConfig.undeploy Undeploying context [/manager]
11-Feb-2024 23:58:51.523 INFO [Catalina-utility-1] org.apache.catalina.startup.HostConfig.deployDirectory Deploying web application directory [/home/anup/DevOps-SRE/P2018-00/apache-tomcat-11.0.0-M16/webapps/manager]
11-Feb-2024 23:58:51.557 INFO [Catalina-utility-1] org.apache.catalina.startup.HostConfig.deployDirectory Deployment of web application directory [/home/anup/DevOps-SRE/P2018-00/apache-tomcat-11.0.0-M16/webapps/manager] has finished in [34] ms
12-Feb-2024 00:00:01.608 INFO [Catalina-utility-2] org.apache.catalina.startup.HostConfig.undeploy Undeploying context [/host-manager]
12-Feb-2024 00:00:01.623 INFO [Catalina-utility-2] org.apache.catalina.startup.HostConfig.deployDirectory Deploying web application directory [/home/anup/DevOps-SRE/P2018-00/apache-tomcat-11.0.0-M16/webapps/host-manager]
12-Feb-2024 00:00:01.639 INFO [Catalina-utility-2] org.apache.catalina.startup.HostConfig.deployDirectory Deployment of web application directory [/home/anup/DevOps-SRE/P2018-00/apache-tomcat-11.0.0-M16/webapps/host-manager] has finished in [16] ms
12-Feb-2024 00:00:17.428 INFO [main] org.apache.catalina.startup.VersionLoggerListener.log Server version name:   Apache Tomcat/11.0.0-M16
12-Feb-2024 00:00:17.431 INFO [main] org.apache.catalina.startup.VersionLoggerListener.log Server built:          Jan 4 2024 17:56:17 UTC
12-Feb-2024 00:00:17.431 INFO [main] org.apache.catalina.startup.VersionLoggerListener.log Server version number: 11.0.0.0
12-Feb-2024 00:00:17.431 INFO [main] org.apache.catalina.startup.VersionLoggerListener.log OS Name:               Linux
12-Feb-2024 00:00:17.431 INFO [main] org.apache.catalina.startup.VersionLoggerListener.log OS Version:            5.14.0-362.18.1.el9_3.x86_64
12-Feb-2024 00:00:17.431 INFO [main] org.apache.catalina.startup.VersionLoggerListener.log Architecture:          amd64
12-Feb-2024 00:00:17.432 INFO [main] org.apache.catalina.startup.VersionLoggerListener.log Java Home:             /usr/lib/jvm/java-21-openjdk-21.0.2.0.13-1.el9.x86_64
12-Feb-2024 00:00:17.432 INFO [main] org.apache.catalina.startup.VersionLoggerListener.log JVM Version:           21.0.2+13-LTS
12-Feb-2024 00:00:17.432 INFO [main] org.apache.catalina.startup.VersionLoggerListener.log JVM Vendor:            Red Hat, Inc.
12-Feb-2024 00:00:17.432 INFO [main] org.apache.catalina.startup.VersionLoggerListener.log CATALINA_BASE:         /home/anup/DevOps-SRE/P2018-00/apache-tomcat-11.0.0-M16
12-Feb-2024 00:00:17.432 INFO [main] org.apache.catalina.startup.VersionLoggerListener.log CATALINA_HOME:         /home/anup/DevOps-SRE/P2018-00/apache-tomcat-11.0.0-M16
12-Feb-2024 00:00:17.441 INFO [main] org.apache.catalina.startup.VersionLoggerListener.log Command line argument: -Djava.util.logging.config.file=/home/anup/DevOps-SRE/P2018-00/tomcat-11/conf/logging.properties
12-Feb-2024 00:00:17.443 INFO [main] org.apache.catalina.startup.VersionLoggerListener.log Command line argument: -Djava.util.logging.manager=org.apache.juli.ClassLoaderLogManager
12-Feb-2024 00:00:17.446 INFO [main] org.apache.catalina.startup.VersionLoggerListener.log Command line argument: -Djdk.tls.ephemeralDHKeySize=2048
12-Feb-2024 00:00:17.447 INFO [main] org.apache.catalina.startup.VersionLoggerListener.log Command line argument: -Dorg.apache.catalina.security.SecurityListener.UMASK=0027
12-Feb-2024 00:00:17.447 INFO [main] org.apache.catalina.startup.VersionLoggerListener.log Command line argument: --add-opens=java.base/java.lang=ALL-UNNAMED
12-Feb-2024 00:00:17.447 INFO [main] org.apache.catalina.startup.VersionLoggerListener.log Command line argument: --add-opens=java.base/java.io=ALL-UNNAMED
12-Feb-2024 00:00:17.448 INFO [main] org.apache.catalina.startup.VersionLoggerListener.log Command line argument: --add-opens=java.base/java.util=ALL-UNNAMED
12-Feb-2024 00:00:17.449 INFO [main] org.apache.catalina.startup.VersionLoggerListener.log Command line argument: --add-opens=java.base/java.util.concurrent=ALL-UNNAMED
12-Feb-2024 00:00:17.449 INFO [main] org.apache.catalina.startup.VersionLoggerListener.log Command line argument: --add-opens=java.rmi/sun.rmi.transport=ALL-UNNAMED
12-Feb-2024 00:00:17.450 INFO [main] org.apache.catalina.startup.VersionLoggerListener.log Command line argument: -Dcatalina.base=/home/anup/DevOps-SRE/P2018-00/tomcat-11
12-Feb-2024 00:00:17.450 INFO [main] org.apache.catalina.startup.VersionLoggerListener.log Command line argument: -Dcatalina.home=/home/anup/DevOps-SRE/P2018-00/tomcat-11
12-Feb-2024 00:00:17.451 INFO [main] org.apache.catalina.startup.VersionLoggerListener.log Command line argument: -Djava.io.tmpdir=/home/anup/DevOps-SRE/P2018-00/tomcat-11/temp
12-Feb-2024 00:00:17.452 INFO [main] org.apache.catalina.core.AprLifecycleListener.lifecycleEvent The Apache Tomcat Native library which allows using OpenSSL was not found on the java.library.path: [/usr/java/packages/lib:/usr/lib64:/lib64:/lib:/usr/lib]
12-Feb-2024 00:00:17.991 INFO [main] org.apache.coyote.AbstractProtocol.init Initializing ProtocolHandler ["http-nio-9090"]
12-Feb-2024 00:00:18.003 SEVERE [main] org.apache.catalina.util.LifecycleBase.handleSubClassException Failed to initialize component [Connector["http-nio-9090"]]
	org.apache.catalina.LifecycleException: Protocol handler initialization failed
		at org.apache.catalina.connector.Connector.initInternal(Connector.java:1031)
		at org.apache.catalina.util.LifecycleBase.init(LifecycleBase.java:127)
		at org.apache.catalina.core.StandardService.initInternal(StandardService.java:554)
		at org.apache.catalina.util.LifecycleBase.init(LifecycleBase.java:127)
		at org.apache.catalina.core.StandardServer.initInternal(StandardServer.java:1006)
		at org.apache.catalina.util.LifecycleBase.init(LifecycleBase.java:127)
		at org.apache.catalina.startup.Catalina.load(Catalina.java:745)
		at org.apache.catalina.startup.Catalina.load(Catalina.java:767)
		at java.base/jdk.internal.reflect.DirectMethodHandleAccessor.invoke(DirectMethodHandleAccessor.java:103)
		at java.base/java.lang.reflect.Method.invoke(Method.java:580)
		at org.apache.catalina.startup.Bootstrap.load(Bootstrap.java:304)
		at org.apache.catalina.startup.Bootstrap.main(Bootstrap.java:474)
	Caused by: java.net.BindException: Address already in use
		at java.base/sun.nio.ch.Net.bind0(Native Method)
		at java.base/sun.nio.ch.Net.bind(Net.java:565)
		at java.base/sun.nio.ch.ServerSocketChannelImpl.netBind(ServerSocketChannelImpl.java:344)
		at java.base/sun.nio.ch.ServerSocketChannelImpl.bind(ServerSocketChannelImpl.java:301)
		at org.apache.tomcat.util.net.NioEndpoint.initServerSocket(NioEndpoint.java:248)
		at org.apache.tomcat.util.net.NioEndpoint.bind(NioEndpoint.java:203)
		at org.apache.tomcat.util.net.AbstractEndpoint.bindWithCleanup(AbstractEndpoint.java:1422)
		at org.apache.tomcat.util.net.AbstractEndpoint.init(AbstractEndpoint.java:1435)
		at org.apache.coyote.AbstractProtocol.init(AbstractProtocol.java:624)
		at org.apache.coyote.http11.AbstractHttp11Protocol.init(AbstractHttp11Protocol.java:78)
		at org.apache.catalina.connector.Connector.initInternal(Connector.java:1029)
		... 11 more
12-Feb-2024 00:00:18.004 INFO [main] org.apache.coyote.AbstractProtocol.init Initializing ProtocolHandler ["ajp-nio-0:0:0:0:0:0:0:1-9009"]
12-Feb-2024 00:00:18.014 INFO [main] org.apache.catalina.startup.Catalina.load Server initialization in [809] milliseconds
12-Feb-2024 00:00:18.060 INFO [main] org.apache.catalina.core.StandardService.startInternal Starting service [Catalina]
12-Feb-2024 00:00:18.060 INFO [main] org.apache.catalina.core.StandardEngine.startInternal Starting Servlet engine: [Apache Tomcat/11.0.0-M16]
12-Feb-2024 00:00:18.066 INFO [main] org.apache.catalina.startup.HostConfig.deployDirectory Deploying web application directory [/home/anup/DevOps-SRE/P2018-00/apache-tomcat-11.0.0-M16/webapps/ROOT]
12-Feb-2024 00:00:18.275 INFO [main] org.apache.catalina.startup.HostConfig.deployDirectory Deployment of web application directory [/home/anup/DevOps-SRE/P2018-00/apache-tomcat-11.0.0-M16/webapps/ROOT] has finished in [209] ms
12-Feb-2024 00:00:18.276 INFO [main] org.apache.catalina.startup.HostConfig.deployDirectory Deploying web application directory [/home/anup/DevOps-SRE/P2018-00/apache-tomcat-11.0.0-M16/webapps/docs]
12-Feb-2024 00:00:18.298 INFO [main] org.apache.catalina.startup.HostConfig.deployDirectory Deployment of web application directory [/home/anup/DevOps-SRE/P2018-00/apache-tomcat-11.0.0-M16/webapps/docs] has finished in [22] ms
12-Feb-2024 00:00:18.299 INFO [main] org.apache.catalina.startup.HostConfig.deployDirectory Deploying web application directory [/home/anup/DevOps-SRE/P2018-00/apache-tomcat-11.0.0-M16/webapps/examples]
12-Feb-2024 00:00:18.493 INFO [main] org.apache.catalina.startup.HostConfig.deployDirectory Deployment of web application directory [/home/anup/DevOps-SRE/P2018-00/apache-tomcat-11.0.0-M16/webapps/examples] has finished in [194] ms
12-Feb-2024 00:00:18.493 INFO [main] org.apache.catalina.startup.HostConfig.deployDirectory Deploying web application directory [/home/anup/DevOps-SRE/P2018-00/apache-tomcat-11.0.0-M16/webapps/host-manager]
12-Feb-2024 00:00:18.510 INFO [main] org.apache.catalina.startup.HostConfig.deployDirectory Deployment of web application directory [/home/anup/DevOps-SRE/P2018-00/apache-tomcat-11.0.0-M16/webapps/host-manager] has finished in [17] ms
12-Feb-2024 00:00:18.510 INFO [main] org.apache.catalina.startup.HostConfig.deployDirectory Deploying web application directory [/home/anup/DevOps-SRE/P2018-00/apache-tomcat-11.0.0-M16/webapps/manager]
12-Feb-2024 00:00:18.526 INFO [main] org.apache.catalina.startup.HostConfig.deployDirectory Deployment of web application directory [/home/anup/DevOps-SRE/P2018-00/apache-tomcat-11.0.0-M16/webapps/manager] has finished in [15] ms
12-Feb-2024 00:00:18.528 SEVERE [main] org.apache.catalina.util.LifecycleBase.handleSubClassException Failed to start component [Connector["ajp-nio-0:0:0:0:0:0:0:1-9009"]]
	org.apache.catalina.LifecycleException: Protocol handler start failed
		at org.apache.catalina.connector.Connector.startInternal(Connector.java:1062)
		at org.apache.catalina.util.LifecycleBase.start(LifecycleBase.java:171)
		at org.apache.catalina.core.StandardService.startInternal(StandardService.java:450)
		at org.apache.catalina.util.LifecycleBase.start(LifecycleBase.java:171)
		at org.apache.catalina.core.StandardServer.startInternal(StandardServer.java:913)
		at org.apache.catalina.util.LifecycleBase.start(LifecycleBase.java:171)
		at org.apache.catalina.startup.Catalina.start(Catalina.java:793)
		at java.base/jdk.internal.reflect.DirectMethodHandleAccessor.invoke(DirectMethodHandleAccessor.java:103)
		at java.base/java.lang.reflect.Method.invoke(Method.java:580)
		at org.apache.catalina.startup.Bootstrap.start(Bootstrap.java:344)
		at org.apache.catalina.startup.Bootstrap.main(Bootstrap.java:475)
	Caused by: java.lang.IllegalArgumentException: The AJP Connector is configured with secretRequired="true" but the secret attribute is either null or "". This combination is not valid.
		at org.apache.coyote.ajp.AbstractAjpProtocol.start(AbstractAjpProtocol.java:255)
		at org.apache.catalina.connector.Connector.startInternal(Connector.java:1059)
		... 10 more
12-Feb-2024 00:00:18.530 INFO [main] org.apache.catalina.startup.Catalina.start Server startup in [513] milliseconds
12-Feb-2024 00:00:18.533 SEVERE [main] org.apache.catalina.core.StandardServer.await Failed to create server shutdown socket on address [localhost] and port [9005] (base port [9005] and offset [0])
	java.net.BindException: Address already in use
		at java.base/sun.nio.ch.Net.bind0(Native Method)
		at java.base/sun.nio.ch.Net.bind(Net.java:565)
		at java.base/sun.nio.ch.Net.bind(Net.java:554)
		at java.base/sun.nio.ch.NioSocketImpl.bind(NioSocketImpl.java:636)
		at java.base/java.net.ServerSocket.bind(ServerSocket.java:391)
		at java.base/java.net.ServerSocket.<init>(ServerSocket.java:278)
		at org.apache.catalina.core.StandardServer.await(StandardServer.java:576)
		at org.apache.catalina.startup.Catalina.await(Catalina.java:885)
		at org.apache.catalina.startup.Catalina.start(Catalina.java:831)
		at java.base/jdk.internal.reflect.DirectMethodHandleAccessor.invoke(DirectMethodHandleAccessor.java:103)
		at java.base/java.lang.reflect.Method.invoke(Method.java:580)
		at org.apache.catalina.startup.Bootstrap.start(Bootstrap.java:344)
		at org.apache.catalina.startup.Bootstrap.main(Bootstrap.java:475)
12-Feb-2024 00:00:18.535 INFO [main] org.apache.coyote.AbstractProtocol.pause Pausing ProtocolHandler ["http-nio-9090"]
12-Feb-2024 00:00:18.535 INFO [main] org.apache.coyote.AbstractProtocol.pause Pausing ProtocolHandler ["ajp-nio-0:0:0:0:0:0:0:1-9009"]
12-Feb-2024 00:00:18.536 INFO [main] org.apache.catalina.core.StandardService.stopInternal Stopping service [Catalina]
12-Feb-2024 00:00:18.553 INFO [main] org.apache.coyote.AbstractProtocol.stop Stopping ProtocolHandler ["http-nio-9090"]
12-Feb-2024 00:00:18.554 INFO [main] org.apache.coyote.AbstractProtocol.destroy Destroying ProtocolHandler ["http-nio-9090"]
12-Feb-2024 00:00:18.554 INFO [main] org.apache.coyote.AbstractProtocol.stop Stopping ProtocolHandler ["ajp-nio-0:0:0:0:0:0:0:1-9009"]
12-Feb-2024 00:00:18.555 INFO [main] org.apache.coyote.AbstractProtocol.destroy Destroying ProtocolHandler ["ajp-nio-0:0:0:0:0:0:0:1-9009"]
12-Feb-2024 00:00:23.702 INFO [main] org.apache.catalina.core.StandardServer.await A valid shutdown command was received via the shutdown port. Stopping the Server instance.
12-Feb-2024 00:00:23.703 INFO [main] org.apache.coyote.AbstractProtocol.pause Pausing ProtocolHandler ["http-nio-9090"]
12-Feb-2024 00:00:23.706 INFO [main] org.apache.catalina.core.StandardService.stopInternal Stopping service [Catalina]
12-Feb-2024 00:00:23.715 INFO [main] org.apache.coyote.AbstractProtocol.stop Stopping ProtocolHandler ["http-nio-9090"]
12-Feb-2024 00:00:23.729 INFO [main] org.apache.coyote.AbstractProtocol.destroy Destroying ProtocolHandler ["http-nio-9090"]
12-Feb-2024 00:00:28.242 INFO [main] org.apache.catalina.startup.VersionLoggerListener.log Server version name:   Apache Tomcat/11.0.0-M16
12-Feb-2024 00:00:28.245 INFO [main] org.apache.catalina.startup.VersionLoggerListener.log Server built:          Jan 4 2024 17:56:17 UTC
12-Feb-2024 00:00:28.245 INFO [main] org.apache.catalina.startup.VersionLoggerListener.log Server version number: 11.0.0.0
12-Feb-2024 00:00:28.245 INFO [main] org.apache.catalina.startup.VersionLoggerListener.log OS Name:               Linux
12-Feb-2024 00:00:28.245 INFO [main] org.apache.catalina.startup.VersionLoggerListener.log OS Version:            5.14.0-362.18.1.el9_3.x86_64
12-Feb-2024 00:00:28.246 INFO [main] org.apache.catalina.startup.VersionLoggerListener.log Architecture:          amd64
12-Feb-2024 00:00:28.246 INFO [main] org.apache.catalina.startup.VersionLoggerListener.log Java Home:             /usr/lib/jvm/java-21-openjdk-21.0.2.0.13-1.el9.x86_64
12-Feb-2024 00:00:28.246 INFO [main] org.apache.catalina.startup.VersionLoggerListener.log JVM Version:           21.0.2+13-LTS
12-Feb-2024 00:00:28.246 INFO [main] org.apache.catalina.startup.VersionLoggerListener.log JVM Vendor:            Red Hat, Inc.
12-Feb-2024 00:00:28.246 INFO [main] org.apache.catalina.startup.VersionLoggerListener.log CATALINA_BASE:         /home/anup/DevOps-SRE/P2018-00/apache-tomcat-11.0.0-M16
12-Feb-2024 00:00:28.247 INFO [main] org.apache.catalina.startup.VersionLoggerListener.log CATALINA_HOME:         /home/anup/DevOps-SRE/P2018-00/apache-tomcat-11.0.0-M16
12-Feb-2024 00:00:28.262 INFO [main] org.apache.catalina.startup.VersionLoggerListener.log Command line argument: -Djava.util.logging.config.file=/home/anup/DevOps-SRE/P2018-00/tomcat-11/conf/logging.properties
12-Feb-2024 00:00:28.263 INFO [main] org.apache.catalina.startup.VersionLoggerListener.log Command line argument: -Djava.util.logging.manager=org.apache.juli.ClassLoaderLogManager
12-Feb-2024 00:00:28.263 INFO [main] org.apache.catalina.startup.VersionLoggerListener.log Command line argument: -Djdk.tls.ephemeralDHKeySize=2048
12-Feb-2024 00:00:28.263 INFO [main] org.apache.catalina.startup.VersionLoggerListener.log Command line argument: -Dorg.apache.catalina.security.SecurityListener.UMASK=0027
12-Feb-2024 00:00:28.263 INFO [main] org.apache.catalina.startup.VersionLoggerListener.log Command line argument: --add-opens=java.base/java.lang=ALL-UNNAMED
12-Feb-2024 00:00:28.264 INFO [main] org.apache.catalina.startup.VersionLoggerListener.log Command line argument: --add-opens=java.base/java.io=ALL-UNNAMED
12-Feb-2024 00:00:28.264 INFO [main] org.apache.catalina.startup.VersionLoggerListener.log Command line argument: --add-opens=java.base/java.util=ALL-UNNAMED
12-Feb-2024 00:00:28.264 INFO [main] org.apache.catalina.startup.VersionLoggerListener.log Command line argument: --add-opens=java.base/java.util.concurrent=ALL-UNNAMED
12-Feb-2024 00:00:28.264 INFO [main] org.apache.catalina.startup.VersionLoggerListener.log Command line argument: --add-opens=java.rmi/sun.rmi.transport=ALL-UNNAMED
12-Feb-2024 00:00:28.264 INFO [main] org.apache.catalina.startup.VersionLoggerListener.log Command line argument: -Dcatalina.base=/home/anup/DevOps-SRE/P2018-00/tomcat-11
12-Feb-2024 00:00:28.266 INFO [main] org.apache.catalina.startup.VersionLoggerListener.log Command line argument: -Dcatalina.home=/home/anup/DevOps-SRE/P2018-00/tomcat-11
12-Feb-2024 00:00:28.267 INFO [main] org.apache.catalina.startup.VersionLoggerListener.log Command line argument: -Djava.io.tmpdir=/home/anup/DevOps-SRE/P2018-00/tomcat-11/temp
12-Feb-2024 00:00:28.268 INFO [main] org.apache.catalina.core.AprLifecycleListener.lifecycleEvent The Apache Tomcat Native library which allows using OpenSSL was not found on the java.library.path: [/usr/java/packages/lib:/usr/lib64:/lib64:/lib:/usr/lib]
12-Feb-2024 00:00:28.544 INFO [main] org.apache.coyote.AbstractProtocol.init Initializing ProtocolHandler ["http-nio-9090"]
12-Feb-2024 00:00:28.564 INFO [main] org.apache.coyote.AbstractProtocol.init Initializing ProtocolHandler ["ajp-nio-0:0:0:0:0:0:0:1-9009"]
12-Feb-2024 00:00:28.566 INFO [main] org.apache.catalina.startup.Catalina.load Server initialization in [490] milliseconds
12-Feb-2024 00:00:28.597 INFO [main] org.apache.catalina.core.StandardService.startInternal Starting service [Catalina]
12-Feb-2024 00:00:28.597 INFO [main] org.apache.catalina.core.StandardEngine.startInternal Starting Servlet engine: [Apache Tomcat/11.0.0-M16]
12-Feb-2024 00:00:28.602 INFO [main] org.apache.catalina.startup.HostConfig.deployDirectory Deploying web application directory [/home/anup/DevOps-SRE/P2018-00/apache-tomcat-11.0.0-M16/webapps/ROOT]
12-Feb-2024 00:00:28.833 INFO [main] org.apache.catalina.startup.HostConfig.deployDirectory Deployment of web application directory [/home/anup/DevOps-SRE/P2018-00/apache-tomcat-11.0.0-M16/webapps/ROOT] has finished in [231] ms
12-Feb-2024 00:00:28.834 INFO [main] org.apache.catalina.startup.HostConfig.deployDirectory Deploying web application directory [/home/anup/DevOps-SRE/P2018-00/apache-tomcat-11.0.0-M16/webapps/docs]
12-Feb-2024 00:00:28.856 INFO [main] org.apache.catalina.startup.HostConfig.deployDirectory Deployment of web application directory [/home/anup/DevOps-SRE/P2018-00/apache-tomcat-11.0.0-M16/webapps/docs] has finished in [22] ms
12-Feb-2024 00:00:28.856 INFO [main] org.apache.catalina.startup.HostConfig.deployDirectory Deploying web application directory [/home/anup/DevOps-SRE/P2018-00/apache-tomcat-11.0.0-M16/webapps/examples]
12-Feb-2024 00:00:29.059 INFO [main] org.apache.catalina.startup.HostConfig.deployDirectory Deployment of web application directory [/home/anup/DevOps-SRE/P2018-00/apache-tomcat-11.0.0-M16/webapps/examples] has finished in [203] ms
12-Feb-2024 00:00:29.061 INFO [main] org.apache.catalina.startup.HostConfig.deployDirectory Deploying web application directory [/home/anup/DevOps-SRE/P2018-00/apache-tomcat-11.0.0-M16/webapps/host-manager]
12-Feb-2024 00:00:29.091 INFO [main] org.apache.catalina.startup.HostConfig.deployDirectory Deployment of web application directory [/home/anup/DevOps-SRE/P2018-00/apache-tomcat-11.0.0-M16/webapps/host-manager] has finished in [30] ms
12-Feb-2024 00:00:29.092 INFO [main] org.apache.catalina.startup.HostConfig.deployDirectory Deploying web application directory [/home/anup/DevOps-SRE/P2018-00/apache-tomcat-11.0.0-M16/webapps/manager]
12-Feb-2024 00:00:29.118 INFO [main] org.apache.catalina.startup.HostConfig.deployDirectory Deployment of web application directory [/home/anup/DevOps-SRE/P2018-00/apache-tomcat-11.0.0-M16/webapps/manager] has finished in [26] ms
12-Feb-2024 00:00:29.121 INFO [main] org.apache.coyote.AbstractProtocol.start Starting ProtocolHandler ["http-nio-9090"]
12-Feb-2024 00:00:29.130 SEVERE [main] org.apache.catalina.util.LifecycleBase.handleSubClassException Failed to start component [Connector["ajp-nio-0:0:0:0:0:0:0:1-9009"]]
	org.apache.catalina.LifecycleException: Protocol handler start failed
		at org.apache.catalina.connector.Connector.startInternal(Connector.java:1062)
		at org.apache.catalina.util.LifecycleBase.start(LifecycleBase.java:171)
		at org.apache.catalina.core.StandardService.startInternal(StandardService.java:450)
		at org.apache.catalina.util.LifecycleBase.start(LifecycleBase.java:171)
		at org.apache.catalina.core.StandardServer.startInternal(StandardServer.java:913)
		at org.apache.catalina.util.LifecycleBase.start(LifecycleBase.java:171)
		at org.apache.catalina.startup.Catalina.start(Catalina.java:793)
		at java.base/jdk.internal.reflect.DirectMethodHandleAccessor.invoke(DirectMethodHandleAccessor.java:103)
		at java.base/java.lang.reflect.Method.invoke(Method.java:580)
		at org.apache.catalina.startup.Bootstrap.start(Bootstrap.java:344)
		at org.apache.catalina.startup.Bootstrap.main(Bootstrap.java:475)
	Caused by: java.lang.IllegalArgumentException: The AJP Connector is configured with secretRequired="true" but the secret attribute is either null or "". This combination is not valid.
		at org.apache.coyote.ajp.AbstractAjpProtocol.start(AbstractAjpProtocol.java:255)
		at org.apache.catalina.connector.Connector.startInternal(Connector.java:1059)
		... 10 more
12-Feb-2024 00:00:29.131 INFO [main] org.apache.catalina.startup.Catalina.start Server startup in [563] milliseconds
12-Feb-2024 00:19:13.735 INFO [http-nio-9090-exec-5] org.apache.catalina.startup.HostConfig.deployWAR Deploying web application archive [/home/anup/DevOps-SRE/P2018-00/apache-tomcat-11.0.0-M16/webapps/sample.war]
12-Feb-2024 00:19:13.767 INFO [http-nio-9090-exec-5] org.apache.catalina.startup.HostConfig.deployWAR Deployment of web application archive [/home/anup/DevOps-SRE/P2018-00/apache-tomcat-11.0.0-M16/webapps/sample.war] has finished in [32] ms
12-Feb-2024 00:19:13.836 INFO [http-nio-9090-exec-8] org.apache.catalina.startup.HostConfig.deployWAR Deploying web application archive [/home/anup/DevOps-SRE/P2018-00/apache-tomcat-11.0.0-M16/webapps/maven-project-war.war]
12-Feb-2024 00:19:13.874 INFO [http-nio-9090-exec-8] org.apache.catalina.startup.HostConfig.deployWAR Deployment of web application archive [/home/anup/DevOps-SRE/P2018-00/apache-tomcat-11.0.0-M16/webapps/maven-project-war.war] has finished in [37] ms
12-Feb-2024 00:19:13.960 INFO [http-nio-9090-exec-7] org.apache.catalina.startup.HostConfig.undeploy Undeploying context [/sample]
12-Feb-2024 00:19:13.967 INFO [http-nio-9090-exec-5] org.apache.catalina.startup.HostConfig.deployWAR Deploying web application archive [/home/anup/DevOps-SRE/P2018-00/apache-tomcat-11.0.0-M16/webapps/sample.war]
12-Feb-2024 00:19:14.000 INFO [http-nio-9090-exec-5] org.apache.catalina.startup.HostConfig.deployWAR Deployment of web application archive [/home/anup/DevOps-SRE/P2018-00/apache-tomcat-11.0.0-M16/webapps/sample.war] has finished in [33] ms
12-Feb-2024 00:27:32.251 INFO [Thread-1] org.apache.coyote.AbstractProtocol.pause Pausing ProtocolHandler ["http-nio-9090"]
12-Feb-2024 00:27:32.272 INFO [Thread-1] org.apache.coyote.AbstractProtocol.pause Pausing ProtocolHandler ["ajp-nio-0:0:0:0:0:0:0:1-9009"]
12-Feb-2024 00:27:32.272 INFO [Thread-1] org.apache.catalina.core.StandardService.stopInternal Stopping service [Catalina]
12-Feb-2024 00:27:32.371 INFO [Thread-1] org.apache.coyote.AbstractProtocol.stop Stopping ProtocolHandler ["http-nio-9090"]
12-Feb-2024 00:27:32.417 INFO [Thread-1] org.apache.coyote.AbstractProtocol.destroy Destroying ProtocolHandler ["http-nio-9090"]
12-Feb-2024 00:27:32.417 INFO [Thread-1] org.apache.coyote.AbstractProtocol.stop Stopping ProtocolHandler ["ajp-nio-0:0:0:0:0:0:0:1-9009"]
12-Feb-2024 00:27:32.417 INFO [Thread-1] org.apache.coyote.AbstractProtocol.destroy Destroying ProtocolHandler ["ajp-nio-0:0:0:0:0:0:0:1-9009"]
12-Feb-2024 23:03:11.661 INFO [main] org.apache.catalina.startup.VersionLoggerListener.log Server version name:   Apache Tomcat/11.0.0-M16
12-Feb-2024 23:03:11.664 INFO [main] org.apache.catalina.startup.VersionLoggerListener.log Server built:          Jan 4 2024 17:56:17 UTC
12-Feb-2024 23:03:11.666 INFO [main] org.apache.catalina.startup.VersionLoggerListener.log Server version number: 11.0.0.0
12-Feb-2024 23:03:11.666 INFO [main] org.apache.catalina.startup.VersionLoggerListener.log OS Name:               Linux
12-Feb-2024 23:03:11.666 INFO [main] org.apache.catalina.startup.VersionLoggerListener.log OS Version:            5.14.0-362.18.1.el9_3.x86_64
12-Feb-2024 23:03:11.666 INFO [main] org.apache.catalina.startup.VersionLoggerListener.log Architecture:          amd64
12-Feb-2024 23:03:11.666 INFO [main] org.apache.catalina.startup.VersionLoggerListener.log Java Home:             /usr/lib/jvm/java-21-openjdk-21.0.2.0.13-1.el9.x86_64
12-Feb-2024 23:03:11.666 INFO [main] org.apache.catalina.startup.VersionLoggerListener.log JVM Version:           21.0.2+13-LTS
12-Feb-2024 23:03:11.666 INFO [main] org.apache.catalina.startup.VersionLoggerListener.log JVM Vendor:            Red Hat, Inc.
12-Feb-2024 23:03:11.667 INFO [main] org.apache.catalina.startup.VersionLoggerListener.log CATALINA_BASE:         /home/anup/DevOps-SRE/P2018-00/apache-tomcat-11.0.0-M16
12-Feb-2024 23:03:11.667 INFO [main] org.apache.catalina.startup.VersionLoggerListener.log CATALINA_HOME:         /home/anup/DevOps-SRE/P2018-00/apache-tomcat-11.0.0-M16
12-Feb-2024 23:03:11.678 INFO [main] org.apache.catalina.startup.VersionLoggerListener.log Command line argument: -Djava.util.logging.config.file=/home/anup/DevOps-SRE/P2018-00/tomcat-11/conf/logging.properties
12-Feb-2024 23:03:11.678 INFO [main] org.apache.catalina.startup.VersionLoggerListener.log Command line argument: -Djava.util.logging.manager=org.apache.juli.ClassLoaderLogManager
12-Feb-2024 23:03:11.679 INFO [main] org.apache.catalina.startup.VersionLoggerListener.log Command line argument: -Djdk.tls.ephemeralDHKeySize=2048
12-Feb-2024 23:03:11.679 INFO [main] org.apache.catalina.startup.VersionLoggerListener.log Command line argument: -Dorg.apache.catalina.security.SecurityListener.UMASK=0027
12-Feb-2024 23:03:11.679 INFO [main] org.apache.catalina.startup.VersionLoggerListener.log Command line argument: --add-opens=java.base/java.lang=ALL-UNNAMED
12-Feb-2024 23:03:11.679 INFO [main] org.apache.catalina.startup.VersionLoggerListener.log Command line argument: --add-opens=java.base/java.io=ALL-UNNAMED
12-Feb-2024 23:03:11.680 INFO [main] org.apache.catalina.startup.VersionLoggerListener.log Command line argument: --add-opens=java.base/java.util=ALL-UNNAMED
12-Feb-2024 23:03:11.680 INFO [main] org.apache.catalina.startup.VersionLoggerListener.log Command line argument: --add-opens=java.base/java.util.concurrent=ALL-UNNAMED
12-Feb-2024 23:03:11.680 INFO [main] org.apache.catalina.startup.VersionLoggerListener.log Command line argument: --add-opens=java.rmi/sun.rmi.transport=ALL-UNNAMED
12-Feb-2024 23:03:11.680 INFO [main] org.apache.catalina.startup.VersionLoggerListener.log Command line argument: -Dcatalina.base=/home/anup/DevOps-SRE/P2018-00/tomcat-11
12-Feb-2024 23:03:11.680 INFO [main] org.apache.catalina.startup.VersionLoggerListener.log Command line argument: -Dcatalina.home=/home/anup/DevOps-SRE/P2018-00/tomcat-11
12-Feb-2024 23:03:11.680 INFO [main] org.apache.catalina.startup.VersionLoggerListener.log Command line argument: -Djava.io.tmpdir=/home/anup/DevOps-SRE/P2018-00/tomcat-11/temp
12-Feb-2024 23:03:11.686 INFO [main] org.apache.catalina.core.AprLifecycleListener.lifecycleEvent The Apache Tomcat Native library which allows using OpenSSL was not found on the java.library.path: [/usr/java/packages/lib:/usr/lib64:/lib64:/lib:/usr/lib]
12-Feb-2024 23:03:12.236 INFO [main] org.apache.coyote.AbstractProtocol.init Initializing ProtocolHandler ["http-nio-9090"]
12-Feb-2024 23:03:12.267 INFO [main] org.apache.coyote.AbstractProtocol.init Initializing ProtocolHandler ["ajp-nio-0:0:0:0:0:0:0:1-9009"]
12-Feb-2024 23:03:12.270 INFO [main] org.apache.catalina.startup.Catalina.load Server initialization in [936] milliseconds
12-Feb-2024 23:03:12.337 INFO [main] org.apache.catalina.core.StandardService.startInternal Starting service [Catalina]
12-Feb-2024 23:03:12.338 INFO [main] org.apache.catalina.core.StandardEngine.startInternal Starting Servlet engine: [Apache Tomcat/11.0.0-M16]
12-Feb-2024 23:03:12.377 INFO [main] org.apache.catalina.startup.HostConfig.deployWAR Deploying web application archive [/home/anup/DevOps-SRE/P2018-00/apache-tomcat-11.0.0-M16/webapps/maven-project-war.war]
12-Feb-2024 23:03:12.719 INFO [main] org.apache.catalina.startup.HostConfig.deployWAR Deployment of web application archive [/home/anup/DevOps-SRE/P2018-00/apache-tomcat-11.0.0-M16/webapps/maven-project-war.war] has finished in [342] ms
12-Feb-2024 23:03:12.723 INFO [main] org.apache.catalina.startup.HostConfig.deployWAR Deploying web application archive [/home/anup/DevOps-SRE/P2018-00/apache-tomcat-11.0.0-M16/webapps/sample.war]
12-Feb-2024 23:03:12.762 INFO [main] org.apache.catalina.startup.HostConfig.deployWAR Deployment of web application archive [/home/anup/DevOps-SRE/P2018-00/apache-tomcat-11.0.0-M16/webapps/sample.war] has finished in [39] ms
12-Feb-2024 23:03:12.763 INFO [main] org.apache.catalina.startup.HostConfig.deployDirectory Deploying web application directory [/home/anup/DevOps-SRE/P2018-00/apache-tomcat-11.0.0-M16/webapps/ROOT]
12-Feb-2024 23:03:12.774 INFO [main] org.apache.catalina.startup.HostConfig.deployDirectory Deployment of web application directory [/home/anup/DevOps-SRE/P2018-00/apache-tomcat-11.0.0-M16/webapps/ROOT] has finished in [11] ms
12-Feb-2024 23:03:12.775 INFO [main] org.apache.catalina.startup.HostConfig.deployDirectory Deploying web application directory [/home/anup/DevOps-SRE/P2018-00/apache-tomcat-11.0.0-M16/webapps/docs]
12-Feb-2024 23:03:12.791 INFO [main] org.apache.catalina.startup.HostConfig.deployDirectory Deployment of web application directory [/home/anup/DevOps-SRE/P2018-00/apache-tomcat-11.0.0-M16/webapps/docs] has finished in [16] ms
12-Feb-2024 23:03:12.792 INFO [main] org.apache.catalina.startup.HostConfig.deployDirectory Deploying web application directory [/home/anup/DevOps-SRE/P2018-00/apache-tomcat-11.0.0-M16/webapps/examples]
12-Feb-2024 23:03:13.141 INFO [main] org.apache.catalina.startup.HostConfig.deployDirectory Deployment of web application directory [/home/anup/DevOps-SRE/P2018-00/apache-tomcat-11.0.0-M16/webapps/examples] has finished in [350] ms
12-Feb-2024 23:03:13.142 INFO [main] org.apache.catalina.startup.HostConfig.deployDirectory Deploying web application directory [/home/anup/DevOps-SRE/P2018-00/apache-tomcat-11.0.0-M16/webapps/host-manager]
12-Feb-2024 23:03:13.163 INFO [main] org.apache.catalina.startup.HostConfig.deployDirectory Deployment of web application directory [/home/anup/DevOps-SRE/P2018-00/apache-tomcat-11.0.0-M16/webapps/host-manager] has finished in [21] ms
12-Feb-2024 23:03:13.164 INFO [main] org.apache.catalina.startup.HostConfig.deployDirectory Deploying web application directory [/home/anup/DevOps-SRE/P2018-00/apache-tomcat-11.0.0-M16/webapps/manager]
12-Feb-2024 23:03:13.184 INFO [main] org.apache.catalina.startup.HostConfig.deployDirectory Deployment of web application directory [/home/anup/DevOps-SRE/P2018-00/apache-tomcat-11.0.0-M16/webapps/manager] has finished in [20] ms
12-Feb-2024 23:03:13.187 INFO [main] org.apache.coyote.AbstractProtocol.start Starting ProtocolHandler ["http-nio-9090"]
12-Feb-2024 23:03:13.196 SEVERE [main] org.apache.catalina.util.LifecycleBase.handleSubClassException Failed to start component [Connector["ajp-nio-0:0:0:0:0:0:0:1-9009"]]
	org.apache.catalina.LifecycleException: Protocol handler start failed
		at org.apache.catalina.connector.Connector.startInternal(Connector.java:1062)
		at org.apache.catalina.util.LifecycleBase.start(LifecycleBase.java:171)
		at org.apache.catalina.core.StandardService.startInternal(StandardService.java:450)
		at org.apache.catalina.util.LifecycleBase.start(LifecycleBase.java:171)
		at org.apache.catalina.core.StandardServer.startInternal(StandardServer.java:913)
		at org.apache.catalina.util.LifecycleBase.start(LifecycleBase.java:171)
		at org.apache.catalina.startup.Catalina.start(Catalina.java:793)
		at java.base/jdk.internal.reflect.DirectMethodHandleAccessor.invoke(DirectMethodHandleAccessor.java:103)
		at java.base/java.lang.reflect.Method.invoke(Method.java:580)
		at org.apache.catalina.startup.Bootstrap.start(Bootstrap.java:344)
		at org.apache.catalina.startup.Bootstrap.main(Bootstrap.java:475)
	Caused by: java.lang.IllegalArgumentException: The AJP Connector is configured with secretRequired="true" but the secret attribute is either null or "". This combination is not valid.
		at org.apache.coyote.ajp.AbstractAjpProtocol.start(AbstractAjpProtocol.java:255)
		at org.apache.catalina.connector.Connector.startInternal(Connector.java:1059)
		... 10 more
12-Feb-2024 23:03:13.198 INFO [main] org.apache.catalina.startup.Catalina.start Server startup in [925] milliseconds
12-Feb-2024 23:14:28.160 INFO [http-nio-9090-exec-9] org.apache.catalina.startup.HostConfig.undeploy Undeploying context [/sample]
12-Feb-2024 23:14:28.167 INFO [http-nio-9090-exec-9] org.apache.catalina.startup.HostConfig.deployWAR Deploying web application archive [/home/anup/DevOps-SRE/P2018-00/apache-tomcat-11.0.0-M16/webapps/sample.war]
12-Feb-2024 23:14:28.195 INFO [http-nio-9090-exec-9] org.apache.catalina.startup.HostConfig.deployWAR Deployment of web application archive [/home/anup/DevOps-SRE/P2018-00/apache-tomcat-11.0.0-M16/webapps/sample.war] has finished in [28] ms
12-Feb-2024 23:14:28.257 INFO [http-nio-9090-exec-5] org.apache.catalina.startup.HostConfig.undeploy Undeploying context [/maven-project-war]
12-Feb-2024 23:14:28.263 INFO [http-nio-9090-exec-1] org.apache.catalina.startup.HostConfig.deployWAR Deploying web application archive [/home/anup/DevOps-SRE/P2018-00/apache-tomcat-11.0.0-M16/webapps/maven-project-war.war]
12-Feb-2024 23:14:28.279 INFO [http-nio-9090-exec-1] org.apache.catalina.startup.HostConfig.deployWAR Deployment of web application archive [/home/anup/DevOps-SRE/P2018-00/apache-tomcat-11.0.0-M16/webapps/maven-project-war.war] has finished in [16] ms
12-Feb-2024 23:14:28.343 INFO [http-nio-9090-exec-7] org.apache.catalina.startup.HostConfig.undeploy Undeploying context [/sample]
12-Feb-2024 23:14:28.353 INFO [http-nio-9090-exec-7] org.apache.catalina.startup.HostConfig.deployWAR Deploying web application archive [/home/anup/DevOps-SRE/P2018-00/apache-tomcat-11.0.0-M16/webapps/sample.war]
12-Feb-2024 23:14:28.849 INFO [http-nio-9090-exec-7] org.apache.catalina.startup.HostConfig.deployWAR Deployment of web application archive [/home/anup/DevOps-SRE/P2018-00/apache-tomcat-11.0.0-M16/webapps/sample.war] has finished in [497] ms
12-Feb-2024 23:14:28.917 INFO [http-nio-9090-exec-1] org.apache.catalina.startup.HostConfig.undeploy Undeploying context [/maven-project-war]
12-Feb-2024 23:14:28.925 INFO [http-nio-9090-exec-1] org.apache.catalina.startup.HostConfig.deployWAR Deploying web application archive [/home/anup/DevOps-SRE/P2018-00/apache-tomcat-11.0.0-M16/webapps/maven-project-war.war]
12-Feb-2024 23:14:28.944 INFO [http-nio-9090-exec-1] org.apache.catalina.startup.HostConfig.deployWAR Deployment of web application archive [/home/anup/DevOps-SRE/P2018-00/apache-tomcat-11.0.0-M16/webapps/maven-project-war.war] has finished in [19] ms
12-Feb-2024 23:14:28.992 INFO [http-nio-9090-exec-8] org.apache.catalina.startup.HostConfig.undeploy Undeploying context [/sample]
12-Feb-2024 23:14:29.002 INFO [http-nio-9090-exec-8] org.apache.catalina.startup.HostConfig.deployWAR Deploying web application archive [/home/anup/DevOps-SRE/P2018-00/apache-tomcat-11.0.0-M16/webapps/sample.war]
12-Feb-2024 23:14:29.014 INFO [http-nio-9090-exec-8] org.apache.catalina.startup.HostConfig.deployWAR Deployment of web application archive [/home/anup/DevOps-SRE/P2018-00/apache-tomcat-11.0.0-M16/webapps/sample.war] has finished in [12] ms
12-Feb-2024 23:14:29.054 INFO [http-nio-9090-exec-5] org.apache.catalina.startup.HostConfig.undeploy Undeploying context [/maven-project-war]
12-Feb-2024 23:14:29.059 INFO [http-nio-9090-exec-5] org.apache.catalina.startup.HostConfig.deployWAR Deploying web application archive [/home/anup/DevOps-SRE/P2018-00/apache-tomcat-11.0.0-M16/webapps/maven-project-war.war]
12-Feb-2024 23:14:29.093 INFO [http-nio-9090-exec-5] org.apache.catalina.startup.HostConfig.deployWAR Deployment of web application archive [/home/anup/DevOps-SRE/P2018-00/apache-tomcat-11.0.0-M16/webapps/maven-project-war.war] has finished in [34] ms
12-Feb-2024 23:14:29.154 INFO [http-nio-9090-exec-6] org.apache.catalina.startup.HostConfig.undeploy Undeploying context [/sample]
12-Feb-2024 23:14:29.160 INFO [http-nio-9090-exec-2] org.apache.catalina.startup.HostConfig.deployWAR Deploying web application archive [/home/anup/DevOps-SRE/P2018-00/apache-tomcat-11.0.0-M16/webapps/sample.war]
12-Feb-2024 23:14:29.173 INFO [http-nio-9090-exec-2] org.apache.catalina.startup.HostConfig.deployWAR Deployment of web application archive [/home/anup/DevOps-SRE/P2018-00/apache-tomcat-11.0.0-M16/webapps/sample.war] has finished in [13] ms
