12-Feb-2024 00:00:01.608 INFO [Catalina-utility-2] org.apache.catalina.startup.HostConfig.undeploy Undeploying context [/host-manager]
12-Feb-2024 00:00:01.623 INFO [Catalina-utility-2] org.apache.catalina.startup.HostConfig.deployDirectory Deploying web application directory [/home/anup/DevOps-SRE/P2018-00/apache-tomcat-11.0.0-M16/webapps/host-manager]
12-Feb-2024 00:00:01.639 INFO [Catalina-utility-2] org.apache.catalina.startup.HostConfig.deployDirectory Deployment of web application directory [/home/anup/DevOps-SRE/P2018-00/apache-tomcat-11.0.0-M16/webapps/host-manager] has finished in [16] ms
12-Feb-2024 00:00:17.428 INFO [main] org.apache.catalina.startup.VersionLoggerListener.log Server version name:   Apache Tomcat/11.0.0-M16
12-Feb-2024 00:00:17.431 INFO [main] org.apache.catalina.startup.VersionLoggerListener.log Server built:          Jan 4 2024 17:56:17 UTC
12-Feb-2024 00:00:17.431 INFO [main] org.apache.catalina.startup.VersionLoggerListener.log Server version number: 11.0.0.0
12-Feb-2024 00:00:17.431 INFO [main] org.apache.catalina.startup.VersionLoggerListener.log OS Name:               Linux
12-Feb-2024 00:00:17.431 INFO [main] org.apache.catalina.startup.VersionLoggerListener.log OS Version:            5.14.0-362.18.1.el9_3.x86_64
12-Feb-2024 00:00:17.431 INFO [main] org.apache.catalina.startup.VersionLoggerListener.log Architecture:          amd64
12-Feb-2024 00:00:17.432 INFO [main] org.apache.catalina.startup.VersionLoggerListener.log Java Home:             /usr/lib/jvm/java-21-openjdk-21.0.2.0.13-1.el9.x86_64
12-Feb-2024 00:00:17.432 INFO [main] org.apache.catalina.startup.VersionLoggerListener.log JVM Version:           21.0.2+13-LTS
12-Feb-2024 00:00:17.432 INFO [main] org.apache.catalina.startup.VersionLoggerListener.log JVM Vendor:            Red Hat, Inc.
12-Feb-2024 00:00:17.432 INFO [main] org.apache.catalina.startup.VersionLoggerListener.log CATALINA_BASE:         /home/anup/DevOps-SRE/P2018-00/apache-tomcat-11.0.0-M16
12-Feb-2024 00:00:17.432 INFO [main] org.apache.catalina.startup.VersionLoggerListener.log CATALINA_HOME:         /home/anup/DevOps-SRE/P2018-00/apache-tomcat-11.0.0-M16
12-Feb-2024 00:00:17.441 INFO [main] org.apache.catalina.startup.VersionLoggerListener.log Command line argument: -Djava.util.logging.config.file=/home/anup/DevOps-SRE/P2018-00/tomcat-11/conf/logging.properties
12-Feb-2024 00:00:17.443 INFO [main] org.apache.catalina.startup.VersionLoggerListener.log Command line argument: -Djava.util.logging.manager=org.apache.juli.ClassLoaderLogManager
12-Feb-2024 00:00:17.446 INFO [main] org.apache.catalina.startup.VersionLoggerListener.log Command line argument: -Djdk.tls.ephemeralDHKeySize=2048
12-Feb-2024 00:00:17.447 INFO [main] org.apache.catalina.startup.VersionLoggerListener.log Command line argument: -Dorg.apache.catalina.security.SecurityListener.UMASK=0027
12-Feb-2024 00:00:17.447 INFO [main] org.apache.catalina.startup.VersionLoggerListener.log Command line argument: --add-opens=java.base/java.lang=ALL-UNNAMED
12-Feb-2024 00:00:17.447 INFO [main] org.apache.catalina.startup.VersionLoggerListener.log Command line argument: --add-opens=java.base/java.io=ALL-UNNAMED
12-Feb-2024 00:00:17.448 INFO [main] org.apache.catalina.startup.VersionLoggerListener.log Command line argument: --add-opens=java.base/java.util=ALL-UNNAMED
12-Feb-2024 00:00:17.449 INFO [main] org.apache.catalina.startup.VersionLoggerListener.log Command line argument: --add-opens=java.base/java.util.concurrent=ALL-UNNAMED
12-Feb-2024 00:00:17.449 INFO [main] org.apache.catalina.startup.VersionLoggerListener.log Command line argument: --add-opens=java.rmi/sun.rmi.transport=ALL-UNNAMED
12-Feb-2024 00:00:17.450 INFO [main] org.apache.catalina.startup.VersionLoggerListener.log Command line argument: -Dcatalina.base=/home/anup/DevOps-SRE/P2018-00/tomcat-11
12-Feb-2024 00:00:17.450 INFO [main] org.apache.catalina.startup.VersionLoggerListener.log Command line argument: -Dcatalina.home=/home/anup/DevOps-SRE/P2018-00/tomcat-11
12-Feb-2024 00:00:17.451 INFO [main] org.apache.catalina.startup.VersionLoggerListener.log Command line argument: -Djava.io.tmpdir=/home/anup/DevOps-SRE/P2018-00/tomcat-11/temp
12-Feb-2024 00:00:17.452 INFO [main] org.apache.catalina.core.AprLifecycleListener.lifecycleEvent The Apache Tomcat Native library which allows using OpenSSL was not found on the java.library.path: [/usr/java/packages/lib:/usr/lib64:/lib64:/lib:/usr/lib]
12-Feb-2024 00:00:17.991 INFO [main] org.apache.coyote.AbstractProtocol.init Initializing ProtocolHandler ["http-nio-9090"]
12-Feb-2024 00:00:18.003 SEVERE [main] org.apache.catalina.util.LifecycleBase.handleSubClassException Failed to initialize component [Connector["http-nio-9090"]]
	org.apache.catalina.LifecycleException: Protocol handler initialization failed
		at org.apache.catalina.connector.Connector.initInternal(Connector.java:1031)
		at org.apache.catalina.util.LifecycleBase.init(LifecycleBase.java:127)
		at org.apache.catalina.core.StandardService.initInternal(StandardService.java:554)
		at org.apache.catalina.util.LifecycleBase.init(LifecycleBase.java:127)
		at org.apache.catalina.core.StandardServer.initInternal(StandardServer.java:1006)
		at org.apache.catalina.util.LifecycleBase.init(LifecycleBase.java:127)
		at org.apache.catalina.startup.Catalina.load(Catalina.java:745)
		at org.apache.catalina.startup.Catalina.load(Catalina.java:767)
		at java.base/jdk.internal.reflect.DirectMethodHandleAccessor.invoke(DirectMethodHandleAccessor.java:103)
		at java.base/java.lang.reflect.Method.invoke(Method.java:580)
		at org.apache.catalina.startup.Bootstrap.load(Bootstrap.java:304)
		at org.apache.catalina.startup.Bootstrap.main(Bootstrap.java:474)
	Caused by: java.net.BindException: Address already in use
		at java.base/sun.nio.ch.Net.bind0(Native Method)
		at java.base/sun.nio.ch.Net.bind(Net.java:565)
		at java.base/sun.nio.ch.ServerSocketChannelImpl.netBind(ServerSocketChannelImpl.java:344)
		at java.base/sun.nio.ch.ServerSocketChannelImpl.bind(ServerSocketChannelImpl.java:301)
		at org.apache.tomcat.util.net.NioEndpoint.initServerSocket(NioEndpoint.java:248)
		at org.apache.tomcat.util.net.NioEndpoint.bind(NioEndpoint.java:203)
		at org.apache.tomcat.util.net.AbstractEndpoint.bindWithCleanup(AbstractEndpoint.java:1422)
		at org.apache.tomcat.util.net.AbstractEndpoint.init(AbstractEndpoint.java:1435)
		at org.apache.coyote.AbstractProtocol.init(AbstractProtocol.java:624)
		at org.apache.coyote.http11.AbstractHttp11Protocol.init(AbstractHttp11Protocol.java:78)
		at org.apache.catalina.connector.Connector.initInternal(Connector.java:1029)
		... 11 more
12-Feb-2024 00:00:18.004 INFO [main] org.apache.coyote.AbstractProtocol.init Initializing ProtocolHandler ["ajp-nio-0:0:0:0:0:0:0:1-9009"]
12-Feb-2024 00:00:18.014 INFO [main] org.apache.catalina.startup.Catalina.load Server initialization in [809] milliseconds
12-Feb-2024 00:00:18.060 INFO [main] org.apache.catalina.core.StandardService.startInternal Starting service [Catalina]
12-Feb-2024 00:00:18.060 INFO [main] org.apache.catalina.core.StandardEngine.startInternal Starting Servlet engine: [Apache Tomcat/11.0.0-M16]
12-Feb-2024 00:00:18.066 INFO [main] org.apache.catalina.startup.HostConfig.deployDirectory Deploying web application directory [/home/anup/DevOps-SRE/P2018-00/apache-tomcat-11.0.0-M16/webapps/ROOT]
12-Feb-2024 00:00:18.275 INFO [main] org.apache.catalina.startup.HostConfig.deployDirectory Deployment of web application directory [/home/anup/DevOps-SRE/P2018-00/apache-tomcat-11.0.0-M16/webapps/ROOT] has finished in [209] ms
12-Feb-2024 00:00:18.276 INFO [main] org.apache.catalina.startup.HostConfig.deployDirectory Deploying web application directory [/home/anup/DevOps-SRE/P2018-00/apache-tomcat-11.0.0-M16/webapps/docs]
12-Feb-2024 00:00:18.298 INFO [main] org.apache.catalina.startup.HostConfig.deployDirectory Deployment of web application directory [/home/anup/DevOps-SRE/P2018-00/apache-tomcat-11.0.0-M16/webapps/docs] has finished in [22] ms
12-Feb-2024 00:00:18.299 INFO [main] org.apache.catalina.startup.HostConfig.deployDirectory Deploying web application directory [/home/anup/DevOps-SRE/P2018-00/apache-tomcat-11.0.0-M16/webapps/examples]
12-Feb-2024 00:00:18.493 INFO [main] org.apache.catalina.startup.HostConfig.deployDirectory Deployment of web application directory [/home/anup/DevOps-SRE/P2018-00/apache-tomcat-11.0.0-M16/webapps/examples] has finished in [194] ms
12-Feb-2024 00:00:18.493 INFO [main] org.apache.catalina.startup.HostConfig.deployDirectory Deploying web application directory [/home/anup/DevOps-SRE/P2018-00/apache-tomcat-11.0.0-M16/webapps/host-manager]
12-Feb-2024 00:00:18.510 INFO [main] org.apache.catalina.startup.HostConfig.deployDirectory Deployment of web application directory [/home/anup/DevOps-SRE/P2018-00/apache-tomcat-11.0.0-M16/webapps/host-manager] has finished in [17] ms
12-Feb-2024 00:00:18.510 INFO [main] org.apache.catalina.startup.HostConfig.deployDirectory Deploying web application directory [/home/anup/DevOps-SRE/P2018-00/apache-tomcat-11.0.0-M16/webapps/manager]
12-Feb-2024 00:00:18.526 INFO [main] org.apache.catalina.startup.HostConfig.deployDirectory Deployment of web application directory [/home/anup/DevOps-SRE/P2018-00/apache-tomcat-11.0.0-M16/webapps/manager] has finished in [15] ms
12-Feb-2024 00:00:18.528 SEVERE [main] org.apache.catalina.util.LifecycleBase.handleSubClassException Failed to start component [Connector["ajp-nio-0:0:0:0:0:0:0:1-9009"]]
	org.apache.catalina.LifecycleException: Protocol handler start failed
		at org.apache.catalina.connector.Connector.startInternal(Connector.java:1062)
		at org.apache.catalina.util.LifecycleBase.start(LifecycleBase.java:171)
		at org.apache.catalina.core.StandardService.startInternal(StandardService.java:450)
		at org.apache.catalina.util.LifecycleBase.start(LifecycleBase.java:171)
		at org.apache.catalina.core.StandardServer.startInternal(StandardServer.java:913)
		at org.apache.catalina.util.LifecycleBase.start(LifecycleBase.java:171)
		at org.apache.catalina.startup.Catalina.start(Catalina.java:793)
		at java.base/jdk.internal.reflect.DirectMethodHandleAccessor.invoke(DirectMethodHandleAccessor.java:103)
		at java.base/java.lang.reflect.Method.invoke(Method.java:580)
		at org.apache.catalina.startup.Bootstrap.start(Bootstrap.java:344)
		at org.apache.catalina.startup.Bootstrap.main(Bootstrap.java:475)
	Caused by: java.lang.IllegalArgumentException: The AJP Connector is configured with secretRequired="true" but the secret attribute is either null or "". This combination is not valid.
		at org.apache.coyote.ajp.AbstractAjpProtocol.start(AbstractAjpProtocol.java:255)
		at org.apache.catalina.connector.Connector.startInternal(Connector.java:1059)
		... 10 more
12-Feb-2024 00:00:18.530 INFO [main] org.apache.catalina.startup.Catalina.start Server startup in [513] milliseconds
12-Feb-2024 00:00:18.533 SEVERE [main] org.apache.catalina.core.StandardServer.await Failed to create server shutdown socket on address [localhost] and port [9005] (base port [9005] and offset [0])
	java.net.BindException: Address already in use
		at java.base/sun.nio.ch.Net.bind0(Native Method)
		at java.base/sun.nio.ch.Net.bind(Net.java:565)
		at java.base/sun.nio.ch.Net.bind(Net.java:554)
		at java.base/sun.nio.ch.NioSocketImpl.bind(NioSocketImpl.java:636)
		at java.base/java.net.ServerSocket.bind(ServerSocket.java:391)
		at java.base/java.net.ServerSocket.<init>(ServerSocket.java:278)
		at org.apache.catalina.core.StandardServer.await(StandardServer.java:576)
		at org.apache.catalina.startup.Catalina.await(Catalina.java:885)
		at org.apache.catalina.startup.Catalina.start(Catalina.java:831)
		at java.base/jdk.internal.reflect.DirectMethodHandleAccessor.invoke(DirectMethodHandleAccessor.java:103)
		at java.base/java.lang.reflect.Method.invoke(Method.java:580)
		at org.apache.catalina.startup.Bootstrap.start(Bootstrap.java:344)
		at org.apache.catalina.startup.Bootstrap.main(Bootstrap.java:475)
12-Feb-2024 00:00:18.535 INFO [main] org.apache.coyote.AbstractProtocol.pause Pausing ProtocolHandler ["http-nio-9090"]
12-Feb-2024 00:00:18.535 INFO [main] org.apache.coyote.AbstractProtocol.pause Pausing ProtocolHandler ["ajp-nio-0:0:0:0:0:0:0:1-9009"]
12-Feb-2024 00:00:18.536 INFO [main] org.apache.catalina.core.StandardService.stopInternal Stopping service [Catalina]
12-Feb-2024 00:00:18.553 INFO [main] org.apache.coyote.AbstractProtocol.stop Stopping ProtocolHandler ["http-nio-9090"]
12-Feb-2024 00:00:18.554 INFO [main] org.apache.coyote.AbstractProtocol.destroy Destroying ProtocolHandler ["http-nio-9090"]
12-Feb-2024 00:00:18.554 INFO [main] org.apache.coyote.AbstractProtocol.stop Stopping ProtocolHandler ["ajp-nio-0:0:0:0:0:0:0:1-9009"]
12-Feb-2024 00:00:18.555 INFO [main] org.apache.coyote.AbstractProtocol.destroy Destroying ProtocolHandler ["ajp-nio-0:0:0:0:0:0:0:1-9009"]
12-Feb-2024 00:00:23.702 INFO [main] org.apache.catalina.core.StandardServer.await A valid shutdown command was received via the shutdown port. Stopping the Server instance.
12-Feb-2024 00:00:23.703 INFO [main] org.apache.coyote.AbstractProtocol.pause Pausing ProtocolHandler ["http-nio-9090"]
12-Feb-2024 00:00:23.706 INFO [main] org.apache.catalina.core.StandardService.stopInternal Stopping service [Catalina]
12-Feb-2024 00:00:23.715 INFO [main] org.apache.coyote.AbstractProtocol.stop Stopping ProtocolHandler ["http-nio-9090"]
12-Feb-2024 00:00:23.729 INFO [main] org.apache.coyote.AbstractProtocol.destroy Destroying ProtocolHandler ["http-nio-9090"]
12-Feb-2024 00:00:28.242 INFO [main] org.apache.catalina.startup.VersionLoggerListener.log Server version name:   Apache Tomcat/11.0.0-M16
12-Feb-2024 00:00:28.245 INFO [main] org.apache.catalina.startup.VersionLoggerListener.log Server built:          Jan 4 2024 17:56:17 UTC
12-Feb-2024 00:00:28.245 INFO [main] org.apache.catalina.startup.VersionLoggerListener.log Server version number: 11.0.0.0
12-Feb-2024 00:00:28.245 INFO [main] org.apache.catalina.startup.VersionLoggerListener.log OS Name:               Linux
12-Feb-2024 00:00:28.245 INFO [main] org.apache.catalina.startup.VersionLoggerListener.log OS Version:            5.14.0-362.18.1.el9_3.x86_64
12-Feb-2024 00:00:28.246 INFO [main] org.apache.catalina.startup.VersionLoggerListener.log Architecture:          amd64
12-Feb-2024 00:00:28.246 INFO [main] org.apache.catalina.startup.VersionLoggerListener.log Java Home:             /usr/lib/jvm/java-21-openjdk-21.0.2.0.13-1.el9.x86_64
12-Feb-2024 00:00:28.246 INFO [main] org.apache.catalina.startup.VersionLoggerListener.log JVM Version:           21.0.2+13-LTS
12-Feb-2024 00:00:28.246 INFO [main] org.apache.catalina.startup.VersionLoggerListener.log JVM Vendor:            Red Hat, Inc.
12-Feb-2024 00:00:28.246 INFO [main] org.apache.catalina.startup.VersionLoggerListener.log CATALINA_BASE:         /home/anup/DevOps-SRE/P2018-00/apache-tomcat-11.0.0-M16
12-Feb-2024 00:00:28.247 INFO [main] org.apache.catalina.startup.VersionLoggerListener.log CATALINA_HOME:         /home/anup/DevOps-SRE/P2018-00/apache-tomcat-11.0.0-M16
12-Feb-2024 00:00:28.262 INFO [main] org.apache.catalina.startup.VersionLoggerListener.log Command line argument: -Djava.util.logging.config.file=/home/anup/DevOps-SRE/P2018-00/tomcat-11/conf/logging.properties
12-Feb-2024 00:00:28.263 INFO [main] org.apache.catalina.startup.VersionLoggerListener.log Command line argument: -Djava.util.logging.manager=org.apache.juli.ClassLoaderLogManager
12-Feb-2024 00:00:28.263 INFO [main] org.apache.catalina.startup.VersionLoggerListener.log Command line argument: -Djdk.tls.ephemeralDHKeySize=2048
12-Feb-2024 00:00:28.263 INFO [main] org.apache.catalina.startup.VersionLoggerListener.log Command line argument: -Dorg.apache.catalina.security.SecurityListener.UMASK=0027
12-Feb-2024 00:00:28.263 INFO [main] org.apache.catalina.startup.VersionLoggerListener.log Command line argument: --add-opens=java.base/java.lang=ALL-UNNAMED
12-Feb-2024 00:00:28.264 INFO [main] org.apache.catalina.startup.VersionLoggerListener.log Command line argument: --add-opens=java.base/java.io=ALL-UNNAMED
12-Feb-2024 00:00:28.264 INFO [main] org.apache.catalina.startup.VersionLoggerListener.log Command line argument: --add-opens=java.base/java.util=ALL-UNNAMED
12-Feb-2024 00:00:28.264 INFO [main] org.apache.catalina.startup.VersionLoggerListener.log Command line argument: --add-opens=java.base/java.util.concurrent=ALL-UNNAMED
12-Feb-2024 00:00:28.264 INFO [main] org.apache.catalina.startup.VersionLoggerListener.log Command line argument: --add-opens=java.rmi/sun.rmi.transport=ALL-UNNAMED
12-Feb-2024 00:00:28.264 INFO [main] org.apache.catalina.startup.VersionLoggerListener.log Command line argument: -Dcatalina.base=/home/anup/DevOps-SRE/P2018-00/tomcat-11
12-Feb-2024 00:00:28.266 INFO [main] org.apache.catalina.startup.VersionLoggerListener.log Command line argument: -Dcatalina.home=/home/anup/DevOps-SRE/P2018-00/tomcat-11
12-Feb-2024 00:00:28.267 INFO [main] org.apache.catalina.startup.VersionLoggerListener.log Command line argument: -Djava.io.tmpdir=/home/anup/DevOps-SRE/P2018-00/tomcat-11/temp
12-Feb-2024 00:00:28.268 INFO [main] org.apache.catalina.core.AprLifecycleListener.lifecycleEvent The Apache Tomcat Native library which allows using OpenSSL was not found on the java.library.path: [/usr/java/packages/lib:/usr/lib64:/lib64:/lib:/usr/lib]
12-Feb-2024 00:00:28.544 INFO [main] org.apache.coyote.AbstractProtocol.init Initializing ProtocolHandler ["http-nio-9090"]
12-Feb-2024 00:00:28.564 INFO [main] org.apache.coyote.AbstractProtocol.init Initializing ProtocolHandler ["ajp-nio-0:0:0:0:0:0:0:1-9009"]
12-Feb-2024 00:00:28.566 INFO [main] org.apache.catalina.startup.Catalina.load Server initialization in [490] milliseconds
12-Feb-2024 00:00:28.597 INFO [main] org.apache.catalina.core.StandardService.startInternal Starting service [Catalina]
12-Feb-2024 00:00:28.597 INFO [main] org.apache.catalina.core.StandardEngine.startInternal Starting Servlet engine: [Apache Tomcat/11.0.0-M16]
12-Feb-2024 00:00:28.602 INFO [main] org.apache.catalina.startup.HostConfig.deployDirectory Deploying web application directory [/home/anup/DevOps-SRE/P2018-00/apache-tomcat-11.0.0-M16/webapps/ROOT]
12-Feb-2024 00:00:28.833 INFO [main] org.apache.catalina.startup.HostConfig.deployDirectory Deployment of web application directory [/home/anup/DevOps-SRE/P2018-00/apache-tomcat-11.0.0-M16/webapps/ROOT] has finished in [231] ms
12-Feb-2024 00:00:28.834 INFO [main] org.apache.catalina.startup.HostConfig.deployDirectory Deploying web application directory [/home/anup/DevOps-SRE/P2018-00/apache-tomcat-11.0.0-M16/webapps/docs]
12-Feb-2024 00:00:28.856 INFO [main] org.apache.catalina.startup.HostConfig.deployDirectory Deployment of web application directory [/home/anup/DevOps-SRE/P2018-00/apache-tomcat-11.0.0-M16/webapps/docs] has finished in [22] ms
12-Feb-2024 00:00:28.856 INFO [main] org.apache.catalina.startup.HostConfig.deployDirectory Deploying web application directory [/home/anup/DevOps-SRE/P2018-00/apache-tomcat-11.0.0-M16/webapps/examples]
12-Feb-2024 00:00:29.059 INFO [main] org.apache.catalina.startup.HostConfig.deployDirectory Deployment of web application directory [/home/anup/DevOps-SRE/P2018-00/apache-tomcat-11.0.0-M16/webapps/examples] has finished in [203] ms
12-Feb-2024 00:00:29.061 INFO [main] org.apache.catalina.startup.HostConfig.deployDirectory Deploying web application directory [/home/anup/DevOps-SRE/P2018-00/apache-tomcat-11.0.0-M16/webapps/host-manager]
12-Feb-2024 00:00:29.091 INFO [main] org.apache.catalina.startup.HostConfig.deployDirectory Deployment of web application directory [/home/anup/DevOps-SRE/P2018-00/apache-tomcat-11.0.0-M16/webapps/host-manager] has finished in [30] ms
12-Feb-2024 00:00:29.092 INFO [main] org.apache.catalina.startup.HostConfig.deployDirectory Deploying web application directory [/home/anup/DevOps-SRE/P2018-00/apache-tomcat-11.0.0-M16/webapps/manager]
12-Feb-2024 00:00:29.118 INFO [main] org.apache.catalina.startup.HostConfig.deployDirectory Deployment of web application directory [/home/anup/DevOps-SRE/P2018-00/apache-tomcat-11.0.0-M16/webapps/manager] has finished in [26] ms
12-Feb-2024 00:00:29.121 INFO [main] org.apache.coyote.AbstractProtocol.start Starting ProtocolHandler ["http-nio-9090"]
12-Feb-2024 00:00:29.130 SEVERE [main] org.apache.catalina.util.LifecycleBase.handleSubClassException Failed to start component [Connector["ajp-nio-0:0:0:0:0:0:0:1-9009"]]
	org.apache.catalina.LifecycleException: Protocol handler start failed
		at org.apache.catalina.connector.Connector.startInternal(Connector.java:1062)
		at org.apache.catalina.util.LifecycleBase.start(LifecycleBase.java:171)
		at org.apache.catalina.core.StandardService.startInternal(StandardService.java:450)
		at org.apache.catalina.util.LifecycleBase.start(LifecycleBase.java:171)
		at org.apache.catalina.core.StandardServer.startInternal(StandardServer.java:913)
		at org.apache.catalina.util.LifecycleBase.start(LifecycleBase.java:171)
		at org.apache.catalina.startup.Catalina.start(Catalina.java:793)
		at java.base/jdk.internal.reflect.DirectMethodHandleAccessor.invoke(DirectMethodHandleAccessor.java:103)
		at java.base/java.lang.reflect.Method.invoke(Method.java:580)
		at org.apache.catalina.startup.Bootstrap.start(Bootstrap.java:344)
		at org.apache.catalina.startup.Bootstrap.main(Bootstrap.java:475)
	Caused by: java.lang.IllegalArgumentException: The AJP Connector is configured with secretRequired="true" but the secret attribute is either null or "". This combination is not valid.
		at org.apache.coyote.ajp.AbstractAjpProtocol.start(AbstractAjpProtocol.java:255)
		at org.apache.catalina.connector.Connector.startInternal(Connector.java:1059)
		... 10 more
12-Feb-2024 00:00:29.131 INFO [main] org.apache.catalina.startup.Catalina.start Server startup in [563] milliseconds
12-Feb-2024 00:19:13.735 INFO [http-nio-9090-exec-5] org.apache.catalina.startup.HostConfig.deployWAR Deploying web application archive [/home/anup/DevOps-SRE/P2018-00/apache-tomcat-11.0.0-M16/webapps/sample.war]
12-Feb-2024 00:19:13.767 INFO [http-nio-9090-exec-5] org.apache.catalina.startup.HostConfig.deployWAR Deployment of web application archive [/home/anup/DevOps-SRE/P2018-00/apache-tomcat-11.0.0-M16/webapps/sample.war] has finished in [32] ms
12-Feb-2024 00:19:13.836 INFO [http-nio-9090-exec-8] org.apache.catalina.startup.HostConfig.deployWAR Deploying web application archive [/home/anup/DevOps-SRE/P2018-00/apache-tomcat-11.0.0-M16/webapps/maven-project-war.war]
12-Feb-2024 00:19:13.874 INFO [http-nio-9090-exec-8] org.apache.catalina.startup.HostConfig.deployWAR Deployment of web application archive [/home/anup/DevOps-SRE/P2018-00/apache-tomcat-11.0.0-M16/webapps/maven-project-war.war] has finished in [37] ms
12-Feb-2024 00:19:13.960 INFO [http-nio-9090-exec-7] org.apache.catalina.startup.HostConfig.undeploy Undeploying context [/sample]
12-Feb-2024 00:19:13.967 INFO [http-nio-9090-exec-5] org.apache.catalina.startup.HostConfig.deployWAR Deploying web application archive [/home/anup/DevOps-SRE/P2018-00/apache-tomcat-11.0.0-M16/webapps/sample.war]
12-Feb-2024 00:19:14.000 INFO [http-nio-9090-exec-5] org.apache.catalina.startup.HostConfig.deployWAR Deployment of web application archive [/home/anup/DevOps-SRE/P2018-00/apache-tomcat-11.0.0-M16/webapps/sample.war] has finished in [33] ms
12-Feb-2024 00:27:32.251 INFO [Thread-1] org.apache.coyote.AbstractProtocol.pause Pausing ProtocolHandler ["http-nio-9090"]
12-Feb-2024 00:27:32.272 INFO [Thread-1] org.apache.coyote.AbstractProtocol.pause Pausing ProtocolHandler ["ajp-nio-0:0:0:0:0:0:0:1-9009"]
12-Feb-2024 00:27:32.272 INFO [Thread-1] org.apache.catalina.core.StandardService.stopInternal Stopping service [Catalina]
12-Feb-2024 00:27:32.371 INFO [Thread-1] org.apache.coyote.AbstractProtocol.stop Stopping ProtocolHandler ["http-nio-9090"]
12-Feb-2024 00:27:32.417 INFO [Thread-1] org.apache.coyote.AbstractProtocol.destroy Destroying ProtocolHandler ["http-nio-9090"]
12-Feb-2024 00:27:32.417 INFO [Thread-1] org.apache.coyote.AbstractProtocol.stop Stopping ProtocolHandler ["ajp-nio-0:0:0:0:0:0:0:1-9009"]
12-Feb-2024 00:27:32.417 INFO [Thread-1] org.apache.coyote.AbstractProtocol.destroy Destroying ProtocolHandler ["ajp-nio-0:0:0:0:0:0:0:1-9009"]
12-Feb-2024 23:03:11.661 INFO [main] org.apache.catalina.startup.VersionLoggerListener.log Server version name:   Apache Tomcat/11.0.0-M16
12-Feb-2024 23:03:11.664 INFO [main] org.apache.catalina.startup.VersionLoggerListener.log Server built:          Jan 4 2024 17:56:17 UTC
12-Feb-2024 23:03:11.666 INFO [main] org.apache.catalina.startup.VersionLoggerListener.log Server version number: 11.0.0.0
12-Feb-2024 23:03:11.666 INFO [main] org.apache.catalina.startup.VersionLoggerListener.log OS Name:               Linux
12-Feb-2024 23:03:11.666 INFO [main] org.apache.catalina.startup.VersionLoggerListener.log OS Version:            5.14.0-362.18.1.el9_3.x86_64
12-Feb-2024 23:03:11.666 INFO [main] org.apache.catalina.startup.VersionLoggerListener.log Architecture:          amd64
12-Feb-2024 23:03:11.666 INFO [main] org.apache.catalina.startup.VersionLoggerListener.log Java Home:             /usr/lib/jvm/java-21-openjdk-21.0.2.0.13-1.el9.x86_64
12-Feb-2024 23:03:11.666 INFO [main] org.apache.catalina.startup.VersionLoggerListener.log JVM Version:           21.0.2+13-LTS
12-Feb-2024 23:03:11.666 INFO [main] org.apache.catalina.startup.VersionLoggerListener.log JVM Vendor:            Red Hat, Inc.
12-Feb-2024 23:03:11.667 INFO [main] org.apache.catalina.startup.VersionLoggerListener.log CATALINA_BASE:         /home/anup/DevOps-SRE/P2018-00/apache-tomcat-11.0.0-M16
12-Feb-2024 23:03:11.667 INFO [main] org.apache.catalina.startup.VersionLoggerListener.log CATALINA_HOME:         /home/anup/DevOps-SRE/P2018-00/apache-tomcat-11.0.0-M16
12-Feb-2024 23:03:11.678 INFO [main] org.apache.catalina.startup.VersionLoggerListener.log Command line argument: -Djava.util.logging.config.file=/home/anup/DevOps-SRE/P2018-00/tomcat-11/conf/logging.properties
12-Feb-2024 23:03:11.678 INFO [main] org.apache.catalina.startup.VersionLoggerListener.log Command line argument: -Djava.util.logging.manager=org.apache.juli.ClassLoaderLogManager
12-Feb-2024 23:03:11.679 INFO [main] org.apache.catalina.startup.VersionLoggerListener.log Command line argument: -Djdk.tls.ephemeralDHKeySize=2048
12-Feb-2024 23:03:11.679 INFO [main] org.apache.catalina.startup.VersionLoggerListener.log Command line argument: -Dorg.apache.catalina.security.SecurityListener.UMASK=0027
12-Feb-2024 23:03:11.679 INFO [main] org.apache.catalina.startup.VersionLoggerListener.log Command line argument: --add-opens=java.base/java.lang=ALL-UNNAMED
12-Feb-2024 23:03:11.679 INFO [main] org.apache.catalina.startup.VersionLoggerListener.log Command line argument: --add-opens=java.base/java.io=ALL-UNNAMED
12-Feb-2024 23:03:11.680 INFO [main] org.apache.catalina.startup.VersionLoggerListener.log Command line argument: --add-opens=java.base/java.util=ALL-UNNAMED
12-Feb-2024 23:03:11.680 INFO [main] org.apache.catalina.startup.VersionLoggerListener.log Command line argument: --add-opens=java.base/java.util.concurrent=ALL-UNNAMED
12-Feb-2024 23:03:11.680 INFO [main] org.apache.catalina.startup.VersionLoggerListener.log Command line argument: --add-opens=java.rmi/sun.rmi.transport=ALL-UNNAMED
12-Feb-2024 23:03:11.680 INFO [main] org.apache.catalina.startup.VersionLoggerListener.log Command line argument: -Dcatalina.base=/home/anup/DevOps-SRE/P2018-00/tomcat-11
12-Feb-2024 23:03:11.680 INFO [main] org.apache.catalina.startup.VersionLoggerListener.log Command line argument: -Dcatalina.home=/home/anup/DevOps-SRE/P2018-00/tomcat-11
12-Feb-2024 23:03:11.680 INFO [main] org.apache.catalina.startup.VersionLoggerListener.log Command line argument: -Djava.io.tmpdir=/home/anup/DevOps-SRE/P2018-00/tomcat-11/temp
12-Feb-2024 23:03:11.686 INFO [main] org.apache.catalina.core.AprLifecycleListener.lifecycleEvent The Apache Tomcat Native library which allows using OpenSSL was not found on the java.library.path: [/usr/java/packages/lib:/usr/lib64:/lib64:/lib:/usr/lib]
12-Feb-2024 23:03:12.236 INFO [main] org.apache.coyote.AbstractProtocol.init Initializing ProtocolHandler ["http-nio-9090"]
12-Feb-2024 23:03:12.267 INFO [main] org.apache.coyote.AbstractProtocol.init Initializing ProtocolHandler ["ajp-nio-0:0:0:0:0:0:0:1-9009"]
12-Feb-2024 23:03:12.270 INFO [main] org.apache.catalina.startup.Catalina.load Server initialization in [936] milliseconds
12-Feb-2024 23:03:12.337 INFO [main] org.apache.catalina.core.StandardService.startInternal Starting service [Catalina]
12-Feb-2024 23:03:12.338 INFO [main] org.apache.catalina.core.StandardEngine.startInternal Starting Servlet engine: [Apache Tomcat/11.0.0-M16]
12-Feb-2024 23:03:12.377 INFO [main] org.apache.catalina.startup.HostConfig.deployWAR Deploying web application archive [/home/anup/DevOps-SRE/P2018-00/apache-tomcat-11.0.0-M16/webapps/maven-project-war.war]
12-Feb-2024 23:03:12.719 INFO [main] org.apache.catalina.startup.HostConfig.deployWAR Deployment of web application archive [/home/anup/DevOps-SRE/P2018-00/apache-tomcat-11.0.0-M16/webapps/maven-project-war.war] has finished in [342] ms
12-Feb-2024 23:03:12.723 INFO [main] org.apache.catalina.startup.HostConfig.deployWAR Deploying web application archive [/home/anup/DevOps-SRE/P2018-00/apache-tomcat-11.0.0-M16/webapps/sample.war]
12-Feb-2024 23:03:12.762 INFO [main] org.apache.catalina.startup.HostConfig.deployWAR Deployment of web application archive [/home/anup/DevOps-SRE/P2018-00/apache-tomcat-11.0.0-M16/webapps/sample.war] has finished in [39] ms
12-Feb-2024 23:03:12.763 INFO [main] org.apache.catalina.startup.HostConfig.deployDirectory Deploying web application directory [/home/anup/DevOps-SRE/P2018-00/apache-tomcat-11.0.0-M16/webapps/ROOT]
12-Feb-2024 23:03:12.774 INFO [main] org.apache.catalina.startup.HostConfig.deployDirectory Deployment of web application directory [/home/anup/DevOps-SRE/P2018-00/apache-tomcat-11.0.0-M16/webapps/ROOT] has finished in [11] ms
12-Feb-2024 23:03:12.775 INFO [main] org.apache.catalina.startup.HostConfig.deployDirectory Deploying web application directory [/home/anup/DevOps-SRE/P2018-00/apache-tomcat-11.0.0-M16/webapps/docs]
12-Feb-2024 23:03:12.791 INFO [main] org.apache.catalina.startup.HostConfig.deployDirectory Deployment of web application directory [/home/anup/DevOps-SRE/P2018-00/apache-tomcat-11.0.0-M16/webapps/docs] has finished in [16] ms
12-Feb-2024 23:03:12.792 INFO [main] org.apache.catalina.startup.HostConfig.deployDirectory Deploying web application directory [/home/anup/DevOps-SRE/P2018-00/apache-tomcat-11.0.0-M16/webapps/examples]
12-Feb-2024 23:03:13.141 INFO [main] org.apache.catalina.startup.HostConfig.deployDirectory Deployment of web application directory [/home/anup/DevOps-SRE/P2018-00/apache-tomcat-11.0.0-M16/webapps/examples] has finished in [350] ms
12-Feb-2024 23:03:13.142 INFO [main] org.apache.catalina.startup.HostConfig.deployDirectory Deploying web application directory [/home/anup/DevOps-SRE/P2018-00/apache-tomcat-11.0.0-M16/webapps/host-manager]
12-Feb-2024 23:03:13.163 INFO [main] org.apache.catalina.startup.HostConfig.deployDirectory Deployment of web application directory [/home/anup/DevOps-SRE/P2018-00/apache-tomcat-11.0.0-M16/webapps/host-manager] has finished in [21] ms
12-Feb-2024 23:03:13.164 INFO [main] org.apache.catalina.startup.HostConfig.deployDirectory Deploying web application directory [/home/anup/DevOps-SRE/P2018-00/apache-tomcat-11.0.0-M16/webapps/manager]
12-Feb-2024 23:03:13.184 INFO [main] org.apache.catalina.startup.HostConfig.deployDirectory Deployment of web application directory [/home/anup/DevOps-SRE/P2018-00/apache-tomcat-11.0.0-M16/webapps/manager] has finished in [20] ms
12-Feb-2024 23:03:13.187 INFO [main] org.apache.coyote.AbstractProtocol.start Starting ProtocolHandler ["http-nio-9090"]
12-Feb-2024 23:03:13.196 SEVERE [main] org.apache.catalina.util.LifecycleBase.handleSubClassException Failed to start component [Connector["ajp-nio-0:0:0:0:0:0:0:1-9009"]]
	org.apache.catalina.LifecycleException: Protocol handler start failed
		at org.apache.catalina.connector.Connector.startInternal(Connector.java:1062)
		at org.apache.catalina.util.LifecycleBase.start(LifecycleBase.java:171)
		at org.apache.catalina.core.StandardService.startInternal(StandardService.java:450)
		at org.apache.catalina.util.LifecycleBase.start(LifecycleBase.java:171)
		at org.apache.catalina.core.StandardServer.startInternal(StandardServer.java:913)
		at org.apache.catalina.util.LifecycleBase.start(LifecycleBase.java:171)
		at org.apache.catalina.startup.Catalina.start(Catalina.java:793)
		at java.base/jdk.internal.reflect.DirectMethodHandleAccessor.invoke(DirectMethodHandleAccessor.java:103)
		at java.base/java.lang.reflect.Method.invoke(Method.java:580)
		at org.apache.catalina.startup.Bootstrap.start(Bootstrap.java:344)
		at org.apache.catalina.startup.Bootstrap.main(Bootstrap.java:475)
	Caused by: java.lang.IllegalArgumentException: The AJP Connector is configured with secretRequired="true" but the secret attribute is either null or "". This combination is not valid.
		at org.apache.coyote.ajp.AbstractAjpProtocol.start(AbstractAjpProtocol.java:255)
		at org.apache.catalina.connector.Connector.startInternal(Connector.java:1059)
		... 10 more
12-Feb-2024 23:03:13.198 INFO [main] org.apache.catalina.startup.Catalina.start Server startup in [925] milliseconds
12-Feb-2024 23:14:28.160 INFO [http-nio-9090-exec-9] org.apache.catalina.startup.HostConfig.undeploy Undeploying context [/sample]
12-Feb-2024 23:14:28.167 INFO [http-nio-9090-exec-9] org.apache.catalina.startup.HostConfig.deployWAR Deploying web application archive [/home/anup/DevOps-SRE/P2018-00/apache-tomcat-11.0.0-M16/webapps/sample.war]
12-Feb-2024 23:14:28.195 INFO [http-nio-9090-exec-9] org.apache.catalina.startup.HostConfig.deployWAR Deployment of web application archive [/home/anup/DevOps-SRE/P2018-00/apache-tomcat-11.0.0-M16/webapps/sample.war] has finished in [28] ms
12-Feb-2024 23:14:28.257 INFO [http-nio-9090-exec-5] org.apache.catalina.startup.HostConfig.undeploy Undeploying context [/maven-project-war]
12-Feb-2024 23:14:28.263 INFO [http-nio-9090-exec-1] org.apache.catalina.startup.HostConfig.deployWAR Deploying web application archive [/home/anup/DevOps-SRE/P2018-00/apache-tomcat-11.0.0-M16/webapps/maven-project-war.war]
12-Feb-2024 23:14:28.279 INFO [http-nio-9090-exec-1] org.apache.catalina.startup.HostConfig.deployWAR Deployment of web application archive [/home/anup/DevOps-SRE/P2018-00/apache-tomcat-11.0.0-M16/webapps/maven-project-war.war] has finished in [16] ms
12-Feb-2024 23:14:28.343 INFO [http-nio-9090-exec-7] org.apache.catalina.startup.HostConfig.undeploy Undeploying context [/sample]
12-Feb-2024 23:14:28.353 INFO [http-nio-9090-exec-7] org.apache.catalina.startup.HostConfig.deployWAR Deploying web application archive [/home/anup/DevOps-SRE/P2018-00/apache-tomcat-11.0.0-M16/webapps/sample.war]
12-Feb-2024 23:14:28.849 INFO [http-nio-9090-exec-7] org.apache.catalina.startup.HostConfig.deployWAR Deployment of web application archive [/home/anup/DevOps-SRE/P2018-00/apache-tomcat-11.0.0-M16/webapps/sample.war] has finished in [497] ms
12-Feb-2024 23:14:28.917 INFO [http-nio-9090-exec-1] org.apache.catalina.startup.HostConfig.undeploy Undeploying context [/maven-project-war]
12-Feb-2024 23:14:28.925 INFO [http-nio-9090-exec-1] org.apache.catalina.startup.HostConfig.deployWAR Deploying web application archive [/home/anup/DevOps-SRE/P2018-00/apache-tomcat-11.0.0-M16/webapps/maven-project-war.war]
12-Feb-2024 23:14:28.944 INFO [http-nio-9090-exec-1] org.apache.catalina.startup.HostConfig.deployWAR Deployment of web application archive [/home/anup/DevOps-SRE/P2018-00/apache-tomcat-11.0.0-M16/webapps/maven-project-war.war] has finished in [19] ms
12-Feb-2024 23:14:28.992 INFO [http-nio-9090-exec-8] org.apache.catalina.startup.HostConfig.undeploy Undeploying context [/sample]
12-Feb-2024 23:14:29.002 INFO [http-nio-9090-exec-8] org.apache.catalina.startup.HostConfig.deployWAR Deploying web application archive [/home/anup/DevOps-SRE/P2018-00/apache-tomcat-11.0.0-M16/webapps/sample.war]
12-Feb-2024 23:14:29.014 INFO [http-nio-9090-exec-8] org.apache.catalina.startup.HostConfig.deployWAR Deployment of web application archive [/home/anup/DevOps-SRE/P2018-00/apache-tomcat-11.0.0-M16/webapps/sample.war] has finished in [12] ms
12-Feb-2024 23:14:29.054 INFO [http-nio-9090-exec-5] org.apache.catalina.startup.HostConfig.undeploy Undeploying context [/maven-project-war]
12-Feb-2024 23:14:29.059 INFO [http-nio-9090-exec-5] org.apache.catalina.startup.HostConfig.deployWAR Deploying web application archive [/home/anup/DevOps-SRE/P2018-00/apache-tomcat-11.0.0-M16/webapps/maven-project-war.war]
12-Feb-2024 23:14:29.093 INFO [http-nio-9090-exec-5] org.apache.catalina.startup.HostConfig.deployWAR Deployment of web application archive [/home/anup/DevOps-SRE/P2018-00/apache-tomcat-11.0.0-M16/webapps/maven-project-war.war] has finished in [34] ms
12-Feb-2024 23:14:29.154 INFO [http-nio-9090-exec-6] org.apache.catalina.startup.HostConfig.undeploy Undeploying context [/sample]
12-Feb-2024 23:14:29.160 INFO [http-nio-9090-exec-2] org.apache.catalina.startup.HostConfig.deployWAR Deploying web application archive [/home/anup/DevOps-SRE/P2018-00/apache-tomcat-11.0.0-M16/webapps/sample.war]
12-Feb-2024 23:14:29.173 INFO [http-nio-9090-exec-2] org.apache.catalina.startup.HostConfig.deployWAR Deployment of web application archive [/home/anup/DevOps-SRE/P2018-00/apache-tomcat-11.0.0-M16/webapps/sample.war] has finished in [13] ms
12-Feb-2024 23:16:19.188 INFO [http-nio-9090-exec-1] org.apache.catalina.startup.HostConfig.undeploy Undeploying context [/sample]
12-Feb-2024 23:16:19.196 INFO [http-nio-9090-exec-1] org.apache.catalina.startup.HostConfig.deployWAR Deploying web application archive [/home/anup/DevOps-SRE/P2018-00/apache-tomcat-11.0.0-M16/webapps/sample.war]
12-Feb-2024 23:16:19.213 INFO [http-nio-9090-exec-1] org.apache.catalina.startup.HostConfig.deployWAR Deployment of web application archive [/home/anup/DevOps-SRE/P2018-00/apache-tomcat-11.0.0-M16/webapps/sample.war] has finished in [17] ms
12-Feb-2024 23:16:19.274 INFO [http-nio-9090-exec-7] org.apache.catalina.startup.HostConfig.undeploy Undeploying context [/maven-project-war]
12-Feb-2024 23:16:19.284 INFO [http-nio-9090-exec-8] org.apache.catalina.startup.HostConfig.deployWAR Deploying web application archive [/home/anup/DevOps-SRE/P2018-00/apache-tomcat-11.0.0-M16/webapps/maven-project-war.war]
12-Feb-2024 23:16:19.307 INFO [http-nio-9090-exec-8] org.apache.catalina.startup.HostConfig.deployWAR Deployment of web application archive [/home/anup/DevOps-SRE/P2018-00/apache-tomcat-11.0.0-M16/webapps/maven-project-war.war] has finished in [22] ms
12-Feb-2024 23:16:19.376 INFO [http-nio-9090-exec-14] org.apache.catalina.startup.HostConfig.undeploy Undeploying context [/sample]
12-Feb-2024 23:16:19.381 INFO [http-nio-9090-exec-5] org.apache.catalina.startup.HostConfig.deployWAR Deploying web application archive [/home/anup/DevOps-SRE/P2018-00/apache-tomcat-11.0.0-M16/webapps/sample.war]
12-Feb-2024 23:16:19.397 INFO [http-nio-9090-exec-5] org.apache.catalina.startup.HostConfig.deployWAR Deployment of web application archive [/home/anup/DevOps-SRE/P2018-00/apache-tomcat-11.0.0-M16/webapps/sample.war] has finished in [16] ms
12-Feb-2024 23:16:19.463 INFO [http-nio-9090-exec-6] org.apache.catalina.startup.HostConfig.undeploy Undeploying context [/maven-project-war]
12-Feb-2024 23:16:19.471 INFO [http-nio-9090-exec-6] org.apache.catalina.startup.HostConfig.deployWAR Deploying web application archive [/home/anup/DevOps-SRE/P2018-00/apache-tomcat-11.0.0-M16/webapps/maven-project-war.war]
12-Feb-2024 23:16:19.479 INFO [http-nio-9090-exec-6] org.apache.catalina.startup.HostConfig.deployWAR Deployment of web application archive [/home/anup/DevOps-SRE/P2018-00/apache-tomcat-11.0.0-M16/webapps/maven-project-war.war] has finished in [7] ms
12-Feb-2024 23:16:19.549 INFO [http-nio-9090-exec-14] org.apache.catalina.startup.HostConfig.undeploy Undeploying context [/sample]
12-Feb-2024 23:16:19.561 INFO [http-nio-9090-exec-14] org.apache.catalina.startup.HostConfig.deployWAR Deploying web application archive [/home/anup/DevOps-SRE/P2018-00/apache-tomcat-11.0.0-M16/webapps/sample.war]
12-Feb-2024 23:16:19.599 INFO [http-nio-9090-exec-14] org.apache.catalina.startup.HostConfig.deployWAR Deployment of web application archive [/home/anup/DevOps-SRE/P2018-00/apache-tomcat-11.0.0-M16/webapps/sample.war] has finished in [38] ms
12-Feb-2024 23:16:19.660 INFO [http-nio-9090-exec-7] org.apache.catalina.startup.HostConfig.undeploy Undeploying context [/maven-project-war]
12-Feb-2024 23:16:19.664 INFO [http-nio-9090-exec-2] org.apache.catalina.startup.HostConfig.deployWAR Deploying web application archive [/home/anup/DevOps-SRE/P2018-00/apache-tomcat-11.0.0-M16/webapps/maven-project-war.war]
12-Feb-2024 23:16:19.687 INFO [http-nio-9090-exec-2] org.apache.catalina.startup.HostConfig.deployWAR Deployment of web application archive [/home/anup/DevOps-SRE/P2018-00/apache-tomcat-11.0.0-M16/webapps/maven-project-war.war] has finished in [23] ms
12-Feb-2024 23:16:19.752 INFO [http-nio-9090-exec-1] org.apache.catalina.startup.HostConfig.undeploy Undeploying context [/sample]
12-Feb-2024 23:16:19.757 INFO [http-nio-9090-exec-1] org.apache.catalina.startup.HostConfig.deployWAR Deploying web application archive [/home/anup/DevOps-SRE/P2018-00/apache-tomcat-11.0.0-M16/webapps/sample.war]
12-Feb-2024 23:16:19.781 INFO [http-nio-9090-exec-1] org.apache.catalina.startup.HostConfig.deployWAR Deployment of web application archive [/home/anup/DevOps-SRE/P2018-00/apache-tomcat-11.0.0-M16/webapps/sample.war] has finished in [24] ms
12-Feb-2024 23:22:55.836 INFO [http-nio-9090-exec-17] org.apache.catalina.startup.HostConfig.undeploy Undeploying context [/sample]
12-Feb-2024 23:22:55.873 INFO [http-nio-9090-exec-16] org.apache.catalina.startup.HostConfig.deployWAR Deploying web application archive [/home/anup/DevOps-SRE/P2018-00/apache-tomcat-11.0.0-M16/webapps/sample.war]
12-Feb-2024 23:22:55.907 INFO [http-nio-9090-exec-16] org.apache.catalina.startup.HostConfig.deployWAR Deployment of web application archive [/home/anup/DevOps-SRE/P2018-00/apache-tomcat-11.0.0-M16/webapps/sample.war] has finished in [34] ms
12-Feb-2024 23:22:55.983 INFO [http-nio-9090-exec-19] org.apache.catalina.startup.HostConfig.undeploy Undeploying context [/maven-project-war]
12-Feb-2024 23:22:55.986 INFO [http-nio-9090-exec-24] org.apache.catalina.startup.HostConfig.deployWAR Deploying web application archive [/home/anup/DevOps-SRE/P2018-00/apache-tomcat-11.0.0-M16/webapps/maven-project-war.war]
12-Feb-2024 23:22:56.004 INFO [http-nio-9090-exec-24] org.apache.catalina.startup.HostConfig.deployWAR Deployment of web application archive [/home/anup/DevOps-SRE/P2018-00/apache-tomcat-11.0.0-M16/webapps/maven-project-war.war] has finished in [18] ms
12-Feb-2024 23:22:56.059 INFO [http-nio-9090-exec-16] org.apache.catalina.startup.HostConfig.undeploy Undeploying context [/sample]
12-Feb-2024 23:22:56.069 INFO [http-nio-9090-exec-16] org.apache.catalina.startup.HostConfig.deployWAR Deploying web application archive [/home/anup/DevOps-SRE/P2018-00/apache-tomcat-11.0.0-M16/webapps/sample.war]
12-Feb-2024 23:22:56.086 INFO [http-nio-9090-exec-16] org.apache.catalina.startup.HostConfig.deployWAR Deployment of web application archive [/home/anup/DevOps-SRE/P2018-00/apache-tomcat-11.0.0-M16/webapps/sample.war] has finished in [16] ms
12-Feb-2024 23:22:56.136 INFO [http-nio-9090-exec-19] org.apache.catalina.startup.HostConfig.undeploy Undeploying context [/maven-project-war]
12-Feb-2024 23:22:56.140 INFO [http-nio-9090-exec-16] org.apache.catalina.startup.HostConfig.deployWAR Deploying web application archive [/home/anup/DevOps-SRE/P2018-00/apache-tomcat-11.0.0-M16/webapps/maven-project-war.war]
12-Feb-2024 23:22:56.163 INFO [http-nio-9090-exec-16] org.apache.catalina.startup.HostConfig.deployWAR Deployment of web application archive [/home/anup/DevOps-SRE/P2018-00/apache-tomcat-11.0.0-M16/webapps/maven-project-war.war] has finished in [23] ms
12-Feb-2024 23:22:56.218 INFO [http-nio-9090-exec-24] org.apache.catalina.startup.HostConfig.undeploy Undeploying context [/sample]
12-Feb-2024 23:22:56.222 INFO [http-nio-9090-exec-24] org.apache.catalina.startup.HostConfig.deployWAR Deploying web application archive [/home/anup/DevOps-SRE/P2018-00/apache-tomcat-11.0.0-M16/webapps/sample.war]
12-Feb-2024 23:22:56.235 INFO [http-nio-9090-exec-24] org.apache.catalina.startup.HostConfig.deployWAR Deployment of web application archive [/home/anup/DevOps-SRE/P2018-00/apache-tomcat-11.0.0-M16/webapps/sample.war] has finished in [13] ms
12-Feb-2024 23:22:56.275 INFO [http-nio-9090-exec-22] org.apache.catalina.startup.HostConfig.undeploy Undeploying context [/maven-project-war]
12-Feb-2024 23:22:56.281 INFO [http-nio-9090-exec-22] org.apache.catalina.startup.HostConfig.deployWAR Deploying web application archive [/home/anup/DevOps-SRE/P2018-00/apache-tomcat-11.0.0-M16/webapps/maven-project-war.war]
12-Feb-2024 23:22:56.291 INFO [http-nio-9090-exec-22] org.apache.catalina.startup.HostConfig.deployWAR Deployment of web application archive [/home/anup/DevOps-SRE/P2018-00/apache-tomcat-11.0.0-M16/webapps/maven-project-war.war] has finished in [10] ms
12-Feb-2024 23:22:56.346 INFO [http-nio-9090-exec-19] org.apache.catalina.startup.HostConfig.undeploy Undeploying context [/sample]
12-Feb-2024 23:22:56.353 INFO [http-nio-9090-exec-19] org.apache.catalina.startup.HostConfig.deployWAR Deploying web application archive [/home/anup/DevOps-SRE/P2018-00/apache-tomcat-11.0.0-M16/webapps/sample.war]
12-Feb-2024 23:22:56.366 INFO [http-nio-9090-exec-19] org.apache.catalina.startup.HostConfig.deployWAR Deployment of web application archive [/home/anup/DevOps-SRE/P2018-00/apache-tomcat-11.0.0-M16/webapps/sample.war] has finished in [13] ms
12-Feb-2024 23:24:17.466 INFO [http-nio-9090-exec-29] org.apache.catalina.startup.HostConfig.undeploy Undeploying context [/sample]
12-Feb-2024 23:24:17.474 INFO [http-nio-9090-exec-30] org.apache.catalina.startup.HostConfig.deployWAR Deploying web application archive [/home/anup/DevOps-SRE/P2018-00/apache-tomcat-11.0.0-M16/webapps/sample.war]
12-Feb-2024 23:24:17.483 INFO [http-nio-9090-exec-30] org.apache.catalina.startup.HostConfig.deployWAR Deployment of web application archive [/home/anup/DevOps-SRE/P2018-00/apache-tomcat-11.0.0-M16/webapps/sample.war] has finished in [9] ms
12-Feb-2024 23:24:17.557 INFO [http-nio-9090-exec-26] org.apache.catalina.startup.HostConfig.undeploy Undeploying context [/maven-project-war]
12-Feb-2024 23:24:17.564 INFO [http-nio-9090-exec-30] org.apache.catalina.startup.HostConfig.deployWAR Deploying web application archive [/home/anup/DevOps-SRE/P2018-00/apache-tomcat-11.0.0-M16/webapps/maven-project-war.war]
12-Feb-2024 23:24:17.576 INFO [http-nio-9090-exec-30] org.apache.catalina.startup.HostConfig.deployWAR Deployment of web application archive [/home/anup/DevOps-SRE/P2018-00/apache-tomcat-11.0.0-M16/webapps/maven-project-war.war] has finished in [12] ms
12-Feb-2024 23:24:17.606 INFO [http-nio-9090-exec-28] org.apache.catalina.startup.HostConfig.undeploy Undeploying context [/sample]
12-Feb-2024 23:24:17.610 INFO [http-nio-9090-exec-28] org.apache.catalina.startup.HostConfig.deployWAR Deploying web application archive [/home/anup/DevOps-SRE/P2018-00/apache-tomcat-11.0.0-M16/webapps/sample.war]
12-Feb-2024 23:24:17.637 INFO [http-nio-9090-exec-28] org.apache.catalina.startup.HostConfig.deployWAR Deployment of web application archive [/home/anup/DevOps-SRE/P2018-00/apache-tomcat-11.0.0-M16/webapps/sample.war] has finished in [26] ms
12-Feb-2024 23:24:17.690 INFO [http-nio-9090-exec-33] org.apache.catalina.startup.HostConfig.undeploy Undeploying context [/maven-project-war]
12-Feb-2024 23:24:17.692 INFO [http-nio-9090-exec-23] org.apache.catalina.startup.HostConfig.deployWAR Deploying web application archive [/home/anup/DevOps-SRE/P2018-00/apache-tomcat-11.0.0-M16/webapps/maven-project-war.war]
12-Feb-2024 23:24:17.703 INFO [http-nio-9090-exec-23] org.apache.catalina.startup.HostConfig.deployWAR Deployment of web application archive [/home/anup/DevOps-SRE/P2018-00/apache-tomcat-11.0.0-M16/webapps/maven-project-war.war] has finished in [10] ms
12-Feb-2024 23:24:17.770 INFO [http-nio-9090-exec-20] org.apache.catalina.startup.HostConfig.undeploy Undeploying context [/sample]
12-Feb-2024 23:24:17.773 INFO [http-nio-9090-exec-33] org.apache.catalina.startup.HostConfig.deployWAR Deploying web application archive [/home/anup/DevOps-SRE/P2018-00/apache-tomcat-11.0.0-M16/webapps/sample.war]
12-Feb-2024 23:24:17.785 INFO [http-nio-9090-exec-33] org.apache.catalina.startup.HostConfig.deployWAR Deployment of web application archive [/home/anup/DevOps-SRE/P2018-00/apache-tomcat-11.0.0-M16/webapps/sample.war] has finished in [12] ms
12-Feb-2024 23:24:17.812 INFO [http-nio-9090-exec-28] org.apache.catalina.startup.HostConfig.undeploy Undeploying context [/maven-project-war]
12-Feb-2024 23:24:17.817 INFO [http-nio-9090-exec-20] org.apache.catalina.startup.HostConfig.deployWAR Deploying web application archive [/home/anup/DevOps-SRE/P2018-00/apache-tomcat-11.0.0-M16/webapps/maven-project-war.war]
12-Feb-2024 23:24:17.940 INFO [http-nio-9090-exec-20] org.apache.catalina.startup.HostConfig.deployWAR Deployment of web application archive [/home/anup/DevOps-SRE/P2018-00/apache-tomcat-11.0.0-M16/webapps/maven-project-war.war] has finished in [122] ms
12-Feb-2024 23:24:18.011 INFO [http-nio-9090-exec-31] org.apache.catalina.startup.HostConfig.undeploy Undeploying context [/sample]
12-Feb-2024 23:24:18.032 INFO [http-nio-9090-exec-31] org.apache.catalina.startup.HostConfig.deployWAR Deploying web application archive [/home/anup/DevOps-SRE/P2018-00/apache-tomcat-11.0.0-M16/webapps/sample.war]
12-Feb-2024 23:24:18.062 INFO [http-nio-9090-exec-31] org.apache.catalina.startup.HostConfig.deployWAR Deployment of web application archive [/home/anup/DevOps-SRE/P2018-00/apache-tomcat-11.0.0-M16/webapps/sample.war] has finished in [30] ms
12-Feb-2024 23:29:21.791 INFO [main] org.apache.catalina.core.StandardServer.await A valid shutdown command was received via the shutdown port. Stopping the Server instance.
12-Feb-2024 23:29:21.791 INFO [main] org.apache.coyote.AbstractProtocol.pause Pausing ProtocolHandler ["http-nio-9090"]
12-Feb-2024 23:29:21.796 INFO [main] org.apache.coyote.AbstractProtocol.pause Pausing ProtocolHandler ["ajp-nio-0:0:0:0:0:0:0:1-9009"]
12-Feb-2024 23:29:21.796 INFO [main] org.apache.catalina.core.StandardService.stopInternal Stopping service [Catalina]
12-Feb-2024 23:29:21.813 INFO [main] org.apache.coyote.AbstractProtocol.stop Stopping ProtocolHandler ["http-nio-9090"]
12-Feb-2024 23:29:21.827 INFO [main] org.apache.coyote.AbstractProtocol.destroy Destroying ProtocolHandler ["http-nio-9090"]
12-Feb-2024 23:29:21.827 INFO [main] org.apache.coyote.AbstractProtocol.stop Stopping ProtocolHandler ["ajp-nio-0:0:0:0:0:0:0:1-9009"]
12-Feb-2024 23:29:21.827 INFO [main] org.apache.coyote.AbstractProtocol.destroy Destroying ProtocolHandler ["ajp-nio-0:0:0:0:0:0:0:1-9009"]
12-Feb-2024 23:29:24.710 INFO [main] org.apache.catalina.startup.VersionLoggerListener.log Server version name:   Apache Tomcat/11.0.0-M16
12-Feb-2024 23:29:24.713 INFO [main] org.apache.catalina.startup.VersionLoggerListener.log Server built:          Jan 4 2024 17:56:17 UTC
12-Feb-2024 23:29:24.713 INFO [main] org.apache.catalina.startup.VersionLoggerListener.log Server version number: 11.0.0.0
12-Feb-2024 23:29:24.714 INFO [main] org.apache.catalina.startup.VersionLoggerListener.log OS Name:               Linux
12-Feb-2024 23:29:24.714 INFO [main] org.apache.catalina.startup.VersionLoggerListener.log OS Version:            5.14.0-362.18.1.el9_3.x86_64
12-Feb-2024 23:29:24.714 INFO [main] org.apache.catalina.startup.VersionLoggerListener.log Architecture:          amd64
12-Feb-2024 23:29:24.714 INFO [main] org.apache.catalina.startup.VersionLoggerListener.log Java Home:             /usr/lib/jvm/java-21-openjdk-21.0.2.0.13-1.el9.x86_64
12-Feb-2024 23:29:24.714 INFO [main] org.apache.catalina.startup.VersionLoggerListener.log JVM Version:           21.0.2+13-LTS
12-Feb-2024 23:29:24.715 INFO [main] org.apache.catalina.startup.VersionLoggerListener.log JVM Vendor:            Red Hat, Inc.
12-Feb-2024 23:29:24.715 INFO [main] org.apache.catalina.startup.VersionLoggerListener.log CATALINA_BASE:         /home/anup/DevOps-SRE/P2018-00/apache-tomcat-11.0.0-M16
12-Feb-2024 23:29:24.715 INFO [main] org.apache.catalina.startup.VersionLoggerListener.log CATALINA_HOME:         /home/anup/DevOps-SRE/P2018-00/apache-tomcat-11.0.0-M16
12-Feb-2024 23:29:24.724 INFO [main] org.apache.catalina.startup.VersionLoggerListener.log Command line argument: -Djava.util.logging.config.file=/home/anup/DevOps-SRE/P2018-00/tomcat-11/conf/logging.properties
12-Feb-2024 23:29:24.725 INFO [main] org.apache.catalina.startup.VersionLoggerListener.log Command line argument: -Djava.util.logging.manager=org.apache.juli.ClassLoaderLogManager
12-Feb-2024 23:29:24.727 INFO [main] org.apache.catalina.startup.VersionLoggerListener.log Command line argument: -Djdk.tls.ephemeralDHKeySize=2048
12-Feb-2024 23:29:24.728 INFO [main] org.apache.catalina.startup.VersionLoggerListener.log Command line argument: -Dorg.apache.catalina.security.SecurityListener.UMASK=0027
12-Feb-2024 23:29:24.729 INFO [main] org.apache.catalina.startup.VersionLoggerListener.log Command line argument: --add-opens=java.base/java.lang=ALL-UNNAMED
12-Feb-2024 23:29:24.730 INFO [main] org.apache.catalina.startup.VersionLoggerListener.log Command line argument: --add-opens=java.base/java.io=ALL-UNNAMED
12-Feb-2024 23:29:24.730 INFO [main] org.apache.catalina.startup.VersionLoggerListener.log Command line argument: --add-opens=java.base/java.util=ALL-UNNAMED
12-Feb-2024 23:29:24.730 INFO [main] org.apache.catalina.startup.VersionLoggerListener.log Command line argument: --add-opens=java.base/java.util.concurrent=ALL-UNNAMED
12-Feb-2024 23:29:24.730 INFO [main] org.apache.catalina.startup.VersionLoggerListener.log Command line argument: --add-opens=java.rmi/sun.rmi.transport=ALL-UNNAMED
12-Feb-2024 23:29:24.731 INFO [main] org.apache.catalina.startup.VersionLoggerListener.log Command line argument: -Dcatalina.base=/home/anup/DevOps-SRE/P2018-00/tomcat-11
12-Feb-2024 23:29:24.731 INFO [main] org.apache.catalina.startup.VersionLoggerListener.log Command line argument: -Dcatalina.home=/home/anup/DevOps-SRE/P2018-00/tomcat-11
12-Feb-2024 23:29:24.732 INFO [main] org.apache.catalina.startup.VersionLoggerListener.log Command line argument: -Djava.io.tmpdir=/home/anup/DevOps-SRE/P2018-00/tomcat-11/temp
12-Feb-2024 23:29:24.733 INFO [main] org.apache.catalina.core.AprLifecycleListener.lifecycleEvent The Apache Tomcat Native library which allows using OpenSSL was not found on the java.library.path: [/usr/java/packages/lib:/usr/lib64:/lib64:/lib:/usr/lib]
12-Feb-2024 23:29:25.011 INFO [main] org.apache.coyote.AbstractProtocol.init Initializing ProtocolHandler ["http-nio-9090"]
12-Feb-2024 23:29:25.027 INFO [main] org.apache.coyote.AbstractProtocol.init Initializing ProtocolHandler ["ajp-nio-0:0:0:0:0:0:0:1-9009"]
12-Feb-2024 23:29:25.029 INFO [main] org.apache.catalina.startup.Catalina.load Server initialization in [464] milliseconds
12-Feb-2024 23:29:25.065 INFO [main] org.apache.catalina.core.StandardService.startInternal Starting service [Catalina]
12-Feb-2024 23:29:25.065 INFO [main] org.apache.catalina.core.StandardEngine.startInternal Starting Servlet engine: [Apache Tomcat/11.0.0-M16]
12-Feb-2024 23:29:25.084 INFO [main] org.apache.catalina.startup.HostConfig.deployWAR Deploying web application archive [/home/anup/DevOps-SRE/P2018-00/apache-tomcat-11.0.0-M16/webapps/maven-project-war.war]
12-Feb-2024 23:29:25.311 INFO [main] org.apache.catalina.startup.HostConfig.deployWAR Deployment of web application archive [/home/anup/DevOps-SRE/P2018-00/apache-tomcat-11.0.0-M16/webapps/maven-project-war.war] has finished in [227] ms
12-Feb-2024 23:29:25.312 INFO [main] org.apache.catalina.startup.HostConfig.deployWAR Deploying web application archive [/home/anup/DevOps-SRE/P2018-00/apache-tomcat-11.0.0-M16/webapps/sample.war]
12-Feb-2024 23:29:25.339 INFO [main] org.apache.catalina.startup.HostConfig.deployWAR Deployment of web application archive [/home/anup/DevOps-SRE/P2018-00/apache-tomcat-11.0.0-M16/webapps/sample.war] has finished in [28] ms
12-Feb-2024 23:29:25.339 INFO [main] org.apache.catalina.startup.HostConfig.deployDirectory Deploying web application directory [/home/anup/DevOps-SRE/P2018-00/apache-tomcat-11.0.0-M16/webapps/ROOT]
12-Feb-2024 23:29:25.354 INFO [main] org.apache.catalina.startup.HostConfig.deployDirectory Deployment of web application directory [/home/anup/DevOps-SRE/P2018-00/apache-tomcat-11.0.0-M16/webapps/ROOT] has finished in [15] ms
12-Feb-2024 23:29:25.355 INFO [main] org.apache.catalina.startup.HostConfig.deployDirectory Deploying web application directory [/home/anup/DevOps-SRE/P2018-00/apache-tomcat-11.0.0-M16/webapps/docs]
12-Feb-2024 23:29:25.368 INFO [main] org.apache.catalina.startup.HostConfig.deployDirectory Deployment of web application directory [/home/anup/DevOps-SRE/P2018-00/apache-tomcat-11.0.0-M16/webapps/docs] has finished in [13] ms
12-Feb-2024 23:29:25.369 INFO [main] org.apache.catalina.startup.HostConfig.deployDirectory Deploying web application directory [/home/anup/DevOps-SRE/P2018-00/apache-tomcat-11.0.0-M16/webapps/examples]
12-Feb-2024 23:29:25.552 INFO [main] org.apache.catalina.startup.HostConfig.deployDirectory Deployment of web application directory [/home/anup/DevOps-SRE/P2018-00/apache-tomcat-11.0.0-M16/webapps/examples] has finished in [183] ms
12-Feb-2024 23:29:25.552 INFO [main] org.apache.catalina.startup.HostConfig.deployDirectory Deploying web application directory [/home/anup/DevOps-SRE/P2018-00/apache-tomcat-11.0.0-M16/webapps/host-manager]
12-Feb-2024 23:29:25.572 INFO [main] org.apache.catalina.startup.HostConfig.deployDirectory Deployment of web application directory [/home/anup/DevOps-SRE/P2018-00/apache-tomcat-11.0.0-M16/webapps/host-manager] has finished in [19] ms
12-Feb-2024 23:29:25.572 INFO [main] org.apache.catalina.startup.HostConfig.deployDirectory Deploying web application directory [/home/anup/DevOps-SRE/P2018-00/apache-tomcat-11.0.0-M16/webapps/manager]
12-Feb-2024 23:29:25.582 INFO [main] org.apache.catalina.startup.HostConfig.deployDirectory Deployment of web application directory [/home/anup/DevOps-SRE/P2018-00/apache-tomcat-11.0.0-M16/webapps/manager] has finished in [10] ms
12-Feb-2024 23:29:25.584 INFO [main] org.apache.coyote.AbstractProtocol.start Starting ProtocolHandler ["http-nio-9090"]
12-Feb-2024 23:29:25.598 SEVERE [main] org.apache.catalina.util.LifecycleBase.handleSubClassException Failed to start component [Connector["ajp-nio-0:0:0:0:0:0:0:1-9009"]]
	org.apache.catalina.LifecycleException: Protocol handler start failed
		at org.apache.catalina.connector.Connector.startInternal(Connector.java:1062)
		at org.apache.catalina.util.LifecycleBase.start(LifecycleBase.java:171)
		at org.apache.catalina.core.StandardService.startInternal(StandardService.java:450)
		at org.apache.catalina.util.LifecycleBase.start(LifecycleBase.java:171)
		at org.apache.catalina.core.StandardServer.startInternal(StandardServer.java:913)
		at org.apache.catalina.util.LifecycleBase.start(LifecycleBase.java:171)
		at org.apache.catalina.startup.Catalina.start(Catalina.java:793)
		at java.base/jdk.internal.reflect.DirectMethodHandleAccessor.invoke(DirectMethodHandleAccessor.java:103)
		at java.base/java.lang.reflect.Method.invoke(Method.java:580)
		at org.apache.catalina.startup.Bootstrap.start(Bootstrap.java:344)
		at org.apache.catalina.startup.Bootstrap.main(Bootstrap.java:475)
	Caused by: java.lang.IllegalArgumentException: The AJP Connector is configured with secretRequired="true" but the secret attribute is either null or "". This combination is not valid.
		at org.apache.coyote.ajp.AbstractAjpProtocol.start(AbstractAjpProtocol.java:255)
		at org.apache.catalina.connector.Connector.startInternal(Connector.java:1059)
		... 10 more
12-Feb-2024 23:29:25.598 INFO [main] org.apache.catalina.startup.Catalina.start Server startup in [568] milliseconds
12-Feb-2024 23:44:49.662 INFO [http-nio-9090-exec-4] org.apache.catalina.startup.HostConfig.undeploy Undeploying context [/sample]
12-Feb-2024 23:44:49.670 INFO [http-nio-9090-exec-4] org.apache.catalina.startup.HostConfig.deployWAR Deploying web application archive [/home/anup/DevOps-SRE/P2018-00/apache-tomcat-11.0.0-M16/webapps/sample.war]
12-Feb-2024 23:44:49.694 INFO [http-nio-9090-exec-4] org.apache.catalina.startup.HostConfig.deployWAR Deployment of web application archive [/home/anup/DevOps-SRE/P2018-00/apache-tomcat-11.0.0-M16/webapps/sample.war] has finished in [24] ms
12-Feb-2024 23:44:49.754 INFO [http-nio-9090-exec-9] org.apache.catalina.startup.HostConfig.undeploy Undeploying context [/maven-project-war]
12-Feb-2024 23:44:49.758 INFO [http-nio-9090-exec-8] org.apache.catalina.startup.HostConfig.deployWAR Deploying web application archive [/home/anup/DevOps-SRE/P2018-00/apache-tomcat-11.0.0-M16/webapps/maven-project-war.war]
12-Feb-2024 23:44:49.770 INFO [http-nio-9090-exec-8] org.apache.catalina.startup.HostConfig.deployWAR Deployment of web application archive [/home/anup/DevOps-SRE/P2018-00/apache-tomcat-11.0.0-M16/webapps/maven-project-war.war] has finished in [12] ms
12-Feb-2024 23:44:49.797 INFO [http-nio-9090-exec-2] org.apache.catalina.startup.HostConfig.undeploy Undeploying context [/sample]
12-Feb-2024 23:44:49.801 INFO [http-nio-9090-exec-2] org.apache.catalina.startup.HostConfig.deployWAR Deploying web application archive [/home/anup/DevOps-SRE/P2018-00/apache-tomcat-11.0.0-M16/webapps/sample.war]
12-Feb-2024 23:44:49.812 INFO [http-nio-9090-exec-2] org.apache.catalina.startup.HostConfig.deployWAR Deployment of web application archive [/home/anup/DevOps-SRE/P2018-00/apache-tomcat-11.0.0-M16/webapps/sample.war] has finished in [11] ms
12-Feb-2024 23:44:49.837 INFO [http-nio-9090-exec-1] org.apache.catalina.startup.HostConfig.undeploy Undeploying context [/maven-project-war]
12-Feb-2024 23:44:49.840 INFO [http-nio-9090-exec-1] org.apache.catalina.startup.HostConfig.deployWAR Deploying web application archive [/home/anup/DevOps-SRE/P2018-00/apache-tomcat-11.0.0-M16/webapps/maven-project-war.war]
12-Feb-2024 23:44:49.851 INFO [http-nio-9090-exec-1] org.apache.catalina.startup.HostConfig.deployWAR Deployment of web application archive [/home/anup/DevOps-SRE/P2018-00/apache-tomcat-11.0.0-M16/webapps/maven-project-war.war] has finished in [10] ms
12-Feb-2024 23:44:49.874 INFO [http-nio-9090-exec-2] org.apache.catalina.startup.HostConfig.undeploy Undeploying context [/sample]
12-Feb-2024 23:44:49.881 INFO [http-nio-9090-exec-2] org.apache.catalina.startup.HostConfig.deployWAR Deploying web application archive [/home/anup/DevOps-SRE/P2018-00/apache-tomcat-11.0.0-M16/webapps/sample.war]
12-Feb-2024 23:44:49.893 INFO [http-nio-9090-exec-2] org.apache.catalina.startup.HostConfig.deployWAR Deployment of web application archive [/home/anup/DevOps-SRE/P2018-00/apache-tomcat-11.0.0-M16/webapps/sample.war] has finished in [12] ms
12-Feb-2024 23:44:49.918 INFO [http-nio-9090-exec-8] org.apache.catalina.startup.HostConfig.undeploy Undeploying context [/maven-project-war]
12-Feb-2024 23:44:49.921 INFO [http-nio-9090-exec-8] org.apache.catalina.startup.HostConfig.deployWAR Deploying web application archive [/home/anup/DevOps-SRE/P2018-00/apache-tomcat-11.0.0-M16/webapps/maven-project-war.war]
12-Feb-2024 23:44:49.949 INFO [http-nio-9090-exec-8] org.apache.catalina.startup.HostConfig.deployWAR Deployment of web application archive [/home/anup/DevOps-SRE/P2018-00/apache-tomcat-11.0.0-M16/webapps/maven-project-war.war] has finished in [28] ms
12-Feb-2024 23:44:49.980 INFO [http-nio-9090-exec-7] org.apache.catalina.startup.HostConfig.undeploy Undeploying context [/sample]
12-Feb-2024 23:44:49.984 INFO [http-nio-9090-exec-7] org.apache.catalina.startup.HostConfig.deployWAR Deploying web application archive [/home/anup/DevOps-SRE/P2018-00/apache-tomcat-11.0.0-M16/webapps/sample.war]
12-Feb-2024 23:44:50.001 INFO [http-nio-9090-exec-7] org.apache.catalina.startup.HostConfig.deployWAR Deployment of web application archive [/home/anup/DevOps-SRE/P2018-00/apache-tomcat-11.0.0-M16/webapps/sample.war] has finished in [16] ms
12-Feb-2024 23:49:47.010 INFO [main] org.apache.catalina.startup.VersionLoggerListener.log Server version name:   Apache Tomcat/11.0.0-M16
12-Feb-2024 23:49:47.042 INFO [main] org.apache.catalina.startup.VersionLoggerListener.log Server built:          Jan 4 2024 17:56:17 UTC
12-Feb-2024 23:49:47.042 INFO [main] org.apache.catalina.startup.VersionLoggerListener.log Server version number: 11.0.0.0
12-Feb-2024 23:49:47.042 INFO [main] org.apache.catalina.startup.VersionLoggerListener.log OS Name:               Linux
12-Feb-2024 23:49:47.043 INFO [main] org.apache.catalina.startup.VersionLoggerListener.log OS Version:            5.14.0-362.18.1.el9_3.x86_64
12-Feb-2024 23:49:47.043 INFO [main] org.apache.catalina.startup.VersionLoggerListener.log Architecture:          amd64
12-Feb-2024 23:49:47.046 INFO [main] org.apache.catalina.startup.VersionLoggerListener.log Java Home:             /usr/lib/jvm/java-21-openjdk-21.0.2.0.13-1.el9.x86_64
12-Feb-2024 23:49:47.046 INFO [main] org.apache.catalina.startup.VersionLoggerListener.log JVM Version:           21.0.2+13-LTS
12-Feb-2024 23:49:47.046 INFO [main] org.apache.catalina.startup.VersionLoggerListener.log JVM Vendor:            Red Hat, Inc.
12-Feb-2024 23:49:47.046 INFO [main] org.apache.catalina.startup.VersionLoggerListener.log CATALINA_BASE:         /home/anup/DevOps-SRE/P2018-00/apache-tomcat-11.0.0-M16
12-Feb-2024 23:49:47.047 INFO [main] org.apache.catalina.startup.VersionLoggerListener.log CATALINA_HOME:         /home/anup/DevOps-SRE/P2018-00/apache-tomcat-11.0.0-M16
12-Feb-2024 23:49:47.051 INFO [main] org.apache.catalina.startup.VersionLoggerListener.log Command line argument: -Djava.util.logging.config.file=/home/anup/DevOps-SRE/P2018-00/tomcat-11/conf/logging.properties
12-Feb-2024 23:49:47.052 INFO [main] org.apache.catalina.startup.VersionLoggerListener.log Command line argument: -Djava.util.logging.manager=org.apache.juli.ClassLoaderLogManager
12-Feb-2024 23:49:47.052 INFO [main] org.apache.catalina.startup.VersionLoggerListener.log Command line argument: -Djdk.tls.ephemeralDHKeySize=2048
12-Feb-2024 23:49:47.052 INFO [main] org.apache.catalina.startup.VersionLoggerListener.log Command line argument: -Dorg.apache.catalina.security.SecurityListener.UMASK=0027
12-Feb-2024 23:49:47.052 INFO [main] org.apache.catalina.startup.VersionLoggerListener.log Command line argument: --add-opens=java.base/java.lang=ALL-UNNAMED
12-Feb-2024 23:49:47.053 INFO [main] org.apache.catalina.startup.VersionLoggerListener.log Command line argument: --add-opens=java.base/java.io=ALL-UNNAMED
12-Feb-2024 23:49:47.053 INFO [main] org.apache.catalina.startup.VersionLoggerListener.log Command line argument: --add-opens=java.base/java.util=ALL-UNNAMED
12-Feb-2024 23:49:47.053 INFO [main] org.apache.catalina.startup.VersionLoggerListener.log Command line argument: --add-opens=java.base/java.util.concurrent=ALL-UNNAMED
12-Feb-2024 23:49:47.054 INFO [main] org.apache.catalina.startup.VersionLoggerListener.log Command line argument: --add-opens=java.rmi/sun.rmi.transport=ALL-UNNAMED
12-Feb-2024 23:49:47.054 INFO [main] org.apache.catalina.startup.VersionLoggerListener.log Command line argument: -Dcatalina.base=/home/anup/DevOps-SRE/P2018-00/tomcat-11
12-Feb-2024 23:49:47.054 INFO [main] org.apache.catalina.startup.VersionLoggerListener.log Command line argument: -Dcatalina.home=/home/anup/DevOps-SRE/P2018-00/tomcat-11
12-Feb-2024 23:49:47.054 INFO [main] org.apache.catalina.startup.VersionLoggerListener.log Command line argument: -Djava.io.tmpdir=/home/anup/DevOps-SRE/P2018-00/tomcat-11/temp
12-Feb-2024 23:49:47.060 INFO [main] org.apache.catalina.core.AprLifecycleListener.lifecycleEvent The Apache Tomcat Native library which allows using OpenSSL was not found on the java.library.path: [/usr/java/packages/lib:/usr/lib64:/lib64:/lib:/usr/lib]
12-Feb-2024 23:49:47.334 INFO [main] org.apache.coyote.AbstractProtocol.init Initializing ProtocolHandler ["http-nio-9090"]
12-Feb-2024 23:49:47.343 SEVERE [main] org.apache.catalina.util.LifecycleBase.handleSubClassException Failed to initialize component [Connector["http-nio-9090"]]
	org.apache.catalina.LifecycleException: Protocol handler initialization failed
		at org.apache.catalina.connector.Connector.initInternal(Connector.java:1031)
		at org.apache.catalina.util.LifecycleBase.init(LifecycleBase.java:127)
		at org.apache.catalina.core.StandardService.initInternal(StandardService.java:554)
		at org.apache.catalina.util.LifecycleBase.init(LifecycleBase.java:127)
		at org.apache.catalina.core.StandardServer.initInternal(StandardServer.java:1006)
		at org.apache.catalina.util.LifecycleBase.init(LifecycleBase.java:127)
		at org.apache.catalina.startup.Catalina.load(Catalina.java:745)
		at org.apache.catalina.startup.Catalina.load(Catalina.java:767)
		at java.base/jdk.internal.reflect.DirectMethodHandleAccessor.invoke(DirectMethodHandleAccessor.java:103)
		at java.base/java.lang.reflect.Method.invoke(Method.java:580)
		at org.apache.catalina.startup.Bootstrap.load(Bootstrap.java:304)
		at org.apache.catalina.startup.Bootstrap.main(Bootstrap.java:474)
	Caused by: java.net.BindException: Address already in use
		at java.base/sun.nio.ch.Net.bind0(Native Method)
		at java.base/sun.nio.ch.Net.bind(Net.java:565)
		at java.base/sun.nio.ch.ServerSocketChannelImpl.netBind(ServerSocketChannelImpl.java:344)
		at java.base/sun.nio.ch.ServerSocketChannelImpl.bind(ServerSocketChannelImpl.java:301)
		at org.apache.tomcat.util.net.NioEndpoint.initServerSocket(NioEndpoint.java:248)
		at org.apache.tomcat.util.net.NioEndpoint.bind(NioEndpoint.java:203)
		at org.apache.tomcat.util.net.AbstractEndpoint.bindWithCleanup(AbstractEndpoint.java:1422)
		at org.apache.tomcat.util.net.AbstractEndpoint.init(AbstractEndpoint.java:1435)
		at org.apache.coyote.AbstractProtocol.init(AbstractProtocol.java:624)
		at org.apache.coyote.http11.AbstractHttp11Protocol.init(AbstractHttp11Protocol.java:78)
		at org.apache.catalina.connector.Connector.initInternal(Connector.java:1029)
		... 11 more
12-Feb-2024 23:49:47.344 INFO [main] org.apache.coyote.AbstractProtocol.init Initializing ProtocolHandler ["ajp-nio-0:0:0:0:0:0:0:1-9009"]
12-Feb-2024 23:49:47.345 SEVERE [main] org.apache.catalina.util.LifecycleBase.handleSubClassException Failed to initialize component [Connector["ajp-nio-0:0:0:0:0:0:0:1-9009"]]
	org.apache.catalina.LifecycleException: Protocol handler initialization failed
		at org.apache.catalina.connector.Connector.initInternal(Connector.java:1031)
		at org.apache.catalina.util.LifecycleBase.init(LifecycleBase.java:127)
		at org.apache.catalina.core.StandardService.initInternal(StandardService.java:554)
		at org.apache.catalina.util.LifecycleBase.init(LifecycleBase.java:127)
		at org.apache.catalina.core.StandardServer.initInternal(StandardServer.java:1006)
		at org.apache.catalina.util.LifecycleBase.init(LifecycleBase.java:127)
		at org.apache.catalina.startup.Catalina.load(Catalina.java:745)
		at org.apache.catalina.startup.Catalina.load(Catalina.java:767)
		at java.base/jdk.internal.reflect.DirectMethodHandleAccessor.invoke(DirectMethodHandleAccessor.java:103)
		at java.base/java.lang.reflect.Method.invoke(Method.java:580)
		at org.apache.catalina.startup.Bootstrap.load(Bootstrap.java:304)
		at org.apache.catalina.startup.Bootstrap.main(Bootstrap.java:474)
	Caused by: java.net.BindException: Address already in use
		at java.base/sun.nio.ch.Net.bind0(Native Method)
		at java.base/sun.nio.ch.Net.bind(Net.java:565)
		at java.base/sun.nio.ch.ServerSocketChannelImpl.netBind(ServerSocketChannelImpl.java:344)
		at java.base/sun.nio.ch.ServerSocketChannelImpl.bind(ServerSocketChannelImpl.java:301)
		at org.apache.tomcat.util.net.NioEndpoint.initServerSocket(NioEndpoint.java:248)
		at org.apache.tomcat.util.net.NioEndpoint.bind(NioEndpoint.java:203)
		at org.apache.tomcat.util.net.AbstractEndpoint.bindWithCleanup(AbstractEndpoint.java:1422)
		at org.apache.tomcat.util.net.AbstractEndpoint.init(AbstractEndpoint.java:1435)
		at org.apache.coyote.AbstractProtocol.init(AbstractProtocol.java:624)
		at org.apache.catalina.connector.Connector.initInternal(Connector.java:1029)
		... 11 more
12-Feb-2024 23:49:47.346 INFO [main] org.apache.catalina.startup.Catalina.load Server initialization in [618] milliseconds
12-Feb-2024 23:49:47.376 INFO [main] org.apache.catalina.core.StandardService.startInternal Starting service [Catalina]
12-Feb-2024 23:49:47.377 INFO [main] org.apache.catalina.core.StandardEngine.startInternal Starting Servlet engine: [Apache Tomcat/11.0.0-M16]
12-Feb-2024 23:49:47.390 INFO [main] org.apache.catalina.startup.HostConfig.deployWAR Deploying web application archive [/home/anup/DevOps-SRE/P2018-00/apache-tomcat-11.0.0-M16/webapps/maven-project-war.war]
12-Feb-2024 23:49:47.603 INFO [main] org.apache.catalina.startup.HostConfig.deployWAR Deployment of web application archive [/home/anup/DevOps-SRE/P2018-00/apache-tomcat-11.0.0-M16/webapps/maven-project-war.war] has finished in [212] ms
12-Feb-2024 23:49:47.604 INFO [main] org.apache.catalina.startup.HostConfig.deployWAR Deploying web application archive [/home/anup/DevOps-SRE/P2018-00/apache-tomcat-11.0.0-M16/webapps/sample.war]
12-Feb-2024 23:49:47.631 INFO [main] org.apache.catalina.startup.HostConfig.deployWAR Deployment of web application archive [/home/anup/DevOps-SRE/P2018-00/apache-tomcat-11.0.0-M16/webapps/sample.war] has finished in [26] ms
12-Feb-2024 23:49:47.631 INFO [main] org.apache.catalina.startup.HostConfig.deployDirectory Deploying web application directory [/home/anup/DevOps-SRE/P2018-00/apache-tomcat-11.0.0-M16/webapps/ROOT]
12-Feb-2024 23:49:47.645 INFO [main] org.apache.catalina.startup.HostConfig.deployDirectory Deployment of web application directory [/home/anup/DevOps-SRE/P2018-00/apache-tomcat-11.0.0-M16/webapps/ROOT] has finished in [14] ms
12-Feb-2024 23:49:47.646 INFO [main] org.apache.catalina.startup.HostConfig.deployDirectory Deploying web application directory [/home/anup/DevOps-SRE/P2018-00/apache-tomcat-11.0.0-M16/webapps/docs]
12-Feb-2024 23:49:47.660 INFO [main] org.apache.catalina.startup.HostConfig.deployDirectory Deployment of web application directory [/home/anup/DevOps-SRE/P2018-00/apache-tomcat-11.0.0-M16/webapps/docs] has finished in [14] ms
12-Feb-2024 23:49:47.661 INFO [main] org.apache.catalina.startup.HostConfig.deployDirectory Deploying web application directory [/home/anup/DevOps-SRE/P2018-00/apache-tomcat-11.0.0-M16/webapps/examples]
12-Feb-2024 23:49:47.828 INFO [main] org.apache.catalina.startup.HostConfig.deployDirectory Deployment of web application directory [/home/anup/DevOps-SRE/P2018-00/apache-tomcat-11.0.0-M16/webapps/examples] has finished in [167] ms
12-Feb-2024 23:49:47.829 INFO [main] org.apache.catalina.startup.HostConfig.deployDirectory Deploying web application directory [/home/anup/DevOps-SRE/P2018-00/apache-tomcat-11.0.0-M16/webapps/host-manager]
12-Feb-2024 23:49:47.853 INFO [main] org.apache.catalina.startup.HostConfig.deployDirectory Deployment of web application directory [/home/anup/DevOps-SRE/P2018-00/apache-tomcat-11.0.0-M16/webapps/host-manager] has finished in [23] ms
12-Feb-2024 23:49:47.853 INFO [main] org.apache.catalina.startup.HostConfig.deployDirectory Deploying web application directory [/home/anup/DevOps-SRE/P2018-00/apache-tomcat-11.0.0-M16/webapps/manager]
12-Feb-2024 23:49:47.872 INFO [main] org.apache.catalina.startup.HostConfig.deployDirectory Deployment of web application directory [/home/anup/DevOps-SRE/P2018-00/apache-tomcat-11.0.0-M16/webapps/manager] has finished in [19] ms
12-Feb-2024 23:49:47.876 INFO [main] org.apache.catalina.startup.Catalina.start Server startup in [529] milliseconds
12-Feb-2024 23:49:47.878 SEVERE [main] org.apache.catalina.core.StandardServer.await Failed to create server shutdown socket on address [localhost] and port [9005] (base port [9005] and offset [0])
	java.net.BindException: Address already in use
		at java.base/sun.nio.ch.Net.bind0(Native Method)
		at java.base/sun.nio.ch.Net.bind(Net.java:565)
		at java.base/sun.nio.ch.Net.bind(Net.java:554)
		at java.base/sun.nio.ch.NioSocketImpl.bind(NioSocketImpl.java:636)
		at java.base/java.net.ServerSocket.bind(ServerSocket.java:391)
		at java.base/java.net.ServerSocket.<init>(ServerSocket.java:278)
		at org.apache.catalina.core.StandardServer.await(StandardServer.java:576)
		at org.apache.catalina.startup.Catalina.await(Catalina.java:885)
		at org.apache.catalina.startup.Catalina.start(Catalina.java:831)
		at java.base/jdk.internal.reflect.DirectMethodHandleAccessor.invoke(DirectMethodHandleAccessor.java:103)
		at java.base/java.lang.reflect.Method.invoke(Method.java:580)
		at org.apache.catalina.startup.Bootstrap.start(Bootstrap.java:344)
		at org.apache.catalina.startup.Bootstrap.main(Bootstrap.java:475)
12-Feb-2024 23:49:47.878 INFO [main] org.apache.coyote.AbstractProtocol.pause Pausing ProtocolHandler ["http-nio-9090"]
12-Feb-2024 23:49:47.878 INFO [main] org.apache.coyote.AbstractProtocol.pause Pausing ProtocolHandler ["ajp-nio-0:0:0:0:0:0:0:1-9009"]
12-Feb-2024 23:49:47.878 INFO [main] org.apache.catalina.core.StandardService.stopInternal Stopping service [Catalina]
12-Feb-2024 23:49:47.916 INFO [main] org.apache.coyote.AbstractProtocol.stop Stopping ProtocolHandler ["http-nio-9090"]
12-Feb-2024 23:49:47.918 INFO [main] org.apache.coyote.AbstractProtocol.destroy Destroying ProtocolHandler ["http-nio-9090"]
12-Feb-2024 23:49:47.919 INFO [main] org.apache.coyote.AbstractProtocol.stop Stopping ProtocolHandler ["ajp-nio-0:0:0:0:0:0:0:1-9009"]
12-Feb-2024 23:49:47.919 INFO [main] org.apache.coyote.AbstractProtocol.destroy Destroying ProtocolHandler ["ajp-nio-0:0:0:0:0:0:0:1-9009"]
12-Feb-2024 23:49:51.771 INFO [main] org.apache.catalina.core.StandardServer.await A valid shutdown command was received via the shutdown port. Stopping the Server instance.
12-Feb-2024 23:49:51.771 INFO [main] org.apache.coyote.AbstractProtocol.pause Pausing ProtocolHandler ["http-nio-9090"]
12-Feb-2024 23:49:51.774 INFO [main] org.apache.coyote.AbstractProtocol.pause Pausing ProtocolHandler ["ajp-nio-0:0:0:0:0:0:0:1-9009"]
12-Feb-2024 23:49:51.774 INFO [main] org.apache.catalina.core.StandardService.stopInternal Stopping service [Catalina]
12-Feb-2024 23:49:51.781 INFO [main] org.apache.coyote.AbstractProtocol.stop Stopping ProtocolHandler ["http-nio-9090"]
12-Feb-2024 23:49:51.790 INFO [main] org.apache.coyote.AbstractProtocol.destroy Destroying ProtocolHandler ["http-nio-9090"]
12-Feb-2024 23:49:51.790 INFO [main] org.apache.coyote.AbstractProtocol.stop Stopping ProtocolHandler ["ajp-nio-0:0:0:0:0:0:0:1-9009"]
12-Feb-2024 23:49:51.791 INFO [main] org.apache.coyote.AbstractProtocol.destroy Destroying ProtocolHandler ["ajp-nio-0:0:0:0:0:0:0:1-9009"]
