13-Feb-2024 22:57:47.030 INFO [http-nio-9090-exec-7] org.apache.catalina.core.ApplicationContext.log Manager: init: Associated with Deployer 'Catalina:type=Deployer,host=localhost'
13-Feb-2024 22:57:47.031 INFO [http-nio-9090-exec-7] org.apache.catalina.core.ApplicationContext.log Manager: init: Global resources are available
13-Feb-2024 22:57:47.032 INFO [http-nio-9090-exec-7] org.apache.catalina.core.ApplicationContext.log Manager: list: Listing contexts for virtual host 'localhost'
13-Feb-2024 22:57:47.106 INFO [http-nio-9090-exec-9] org.apache.catalina.core.ApplicationContext.log Manager: deploy: Deploying web application '/maven-web-application-archive'
13-Feb-2024 22:57:47.107 INFO [http-nio-9090-exec-9] org.apache.catalina.core.ApplicationContext.log Manager: Uploading WAR file to /home/anup/DevOps-SRE/YEAR2018/TOMCAT-APPLICATION-SERVER/apache-tomcat-9.0.85/webapps/maven-web-application-archive.war
13-Feb-2024 22:57:47.248 INFO [http-nio-9090-exec-8] org.apache.catalina.core.ApplicationContext.log Manager: list: Listing contexts for virtual host 'localhost'
13-Feb-2024 22:57:47.251 INFO [http-nio-9090-exec-10] org.apache.catalina.core.ApplicationContext.log Manager: deploy: Deploying web application '/sample'
13-Feb-2024 22:57:47.251 INFO [http-nio-9090-exec-10] org.apache.catalina.core.ApplicationContext.log Manager: Uploading WAR file to /home/anup/DevOps-SRE/YEAR2018/TOMCAT-APPLICATION-SERVER/apache-tomcat-9.0.85/webapps/sample.war
13-Feb-2024 22:57:47.345 INFO [http-nio-9090-exec-1] org.apache.catalina.core.ApplicationContext.log Manager: list: Listing contexts for virtual host 'localhost'
13-Feb-2024 22:57:47.514 INFO [http-nio-9090-exec-2] org.apache.catalina.core.ApplicationContext.log Manager: deploy: Deploying web application '/maven-project-war'
13-Feb-2024 22:57:47.515 INFO [http-nio-9090-exec-2] org.apache.catalina.core.ApplicationContext.log Manager: Uploading WAR file to /home/anup/DevOps-SRE/YEAR2018/TOMCAT-APPLICATION-SERVER/apache-tomcat-9.0.85/webapps/maven-project-war.war
13-Feb-2024 22:57:47.669 INFO [http-nio-9090-exec-3] org.apache.catalina.core.ApplicationContext.log Manager: list: Listing contexts for virtual host 'localhost'
13-Feb-2024 22:57:47.675 INFO [http-nio-9090-exec-5] org.apache.catalina.core.ApplicationContext.log Manager: list: Listing contexts for virtual host 'localhost'
13-Feb-2024 22:57:47.679 INFO [http-nio-9090-exec-6] org.apache.catalina.core.ApplicationContext.log Manager: undeploy: Undeploying web application at '/sample'
13-Feb-2024 22:57:48.208 INFO [http-nio-9090-exec-6] org.apache.catalina.core.ApplicationContext.log Manager: deploy: Deploying web application '/sample'
13-Feb-2024 22:57:48.208 INFO [http-nio-9090-exec-6] org.apache.catalina.core.ApplicationContext.log Manager: Uploading WAR file to /home/anup/DevOps-SRE/YEAR2018/TOMCAT-APPLICATION-SERVER/apache-tomcat-9.0.85/webapps/sample.war
13-Feb-2024 22:57:48.325 INFO [http-nio-9090-exec-5] org.apache.catalina.core.ApplicationContext.log Manager: list: Listing contexts for virtual host 'localhost'
13-Feb-2024 22:57:48.328 INFO [http-nio-9090-exec-1] org.apache.catalina.core.ApplicationContext.log Manager: list: Listing contexts for virtual host 'localhost'
13-Feb-2024 22:57:48.330 INFO [http-nio-9090-exec-8] org.apache.catalina.core.ApplicationContext.log Manager: undeploy: Undeploying web application at '/sample'
13-Feb-2024 22:57:48.841 INFO [http-nio-9090-exec-8] org.apache.catalina.core.ApplicationContext.log Manager: deploy: Deploying web application '/sample'
13-Feb-2024 22:57:48.842 INFO [http-nio-9090-exec-8] org.apache.catalina.core.ApplicationContext.log Manager: Uploading WAR file to /home/anup/DevOps-SRE/YEAR2018/TOMCAT-APPLICATION-SERVER/apache-tomcat-9.0.85/webapps/sample.war
13-Feb-2024 22:57:48.935 INFO [http-nio-9090-exec-5] org.apache.catalina.core.ApplicationContext.log Manager: list: Listing contexts for virtual host 'localhost'
13-Feb-2024 22:57:48.939 INFO [http-nio-9090-exec-9] org.apache.catalina.core.ApplicationContext.log Manager: list: Listing contexts for virtual host 'localhost'
13-Feb-2024 22:57:48.943 INFO [http-nio-9090-exec-3] org.apache.catalina.core.ApplicationContext.log Manager: undeploy: Undeploying web application at '/maven-project-war'
13-Feb-2024 22:57:49.462 INFO [http-nio-9090-exec-3] org.apache.catalina.core.ApplicationContext.log Manager: deploy: Deploying web application '/maven-project-war'
13-Feb-2024 22:57:49.462 INFO [http-nio-9090-exec-3] org.apache.catalina.core.ApplicationContext.log Manager: Uploading WAR file to /home/anup/DevOps-SRE/YEAR2018/TOMCAT-APPLICATION-SERVER/apache-tomcat-9.0.85/webapps/maven-project-war.war
13-Feb-2024 22:57:49.578 INFO [http-nio-9090-exec-1] org.apache.catalina.core.ApplicationContext.log Manager: list: Listing contexts for virtual host 'localhost'
13-Feb-2024 22:57:49.581 INFO [http-nio-9090-exec-5] org.apache.catalina.core.ApplicationContext.log Manager: list: Listing contexts for virtual host 'localhost'
13-Feb-2024 22:57:49.583 INFO [http-nio-9090-exec-8] org.apache.catalina.core.ApplicationContext.log Manager: undeploy: Undeploying web application at '/sample'
13-Feb-2024 22:57:50.089 INFO [http-nio-9090-exec-8] org.apache.catalina.core.ApplicationContext.log Manager: deploy: Deploying web application '/sample'
13-Feb-2024 22:57:50.089 INFO [http-nio-9090-exec-8] org.apache.catalina.core.ApplicationContext.log Manager: Uploading WAR file to /home/anup/DevOps-SRE/YEAR2018/TOMCAT-APPLICATION-SERVER/apache-tomcat-9.0.85/webapps/sample.war
13-Feb-2024 22:57:50.181 INFO [http-nio-9090-exec-1] org.apache.catalina.core.ApplicationContext.log Manager: list: Listing contexts for virtual host 'localhost'
13-Feb-2024 22:57:50.186 INFO [http-nio-9090-exec-9] org.apache.catalina.core.ApplicationContext.log Manager: list: Listing contexts for virtual host 'localhost'
13-Feb-2024 22:57:50.188 INFO [http-nio-9090-exec-7] org.apache.catalina.core.ApplicationContext.log Manager: undeploy: Undeploying web application at '/sample'
13-Feb-2024 22:57:50.698 INFO [http-nio-9090-exec-12] org.apache.catalina.core.ApplicationContext.log Manager: deploy: Deploying web application '/sample'
13-Feb-2024 22:57:50.698 INFO [http-nio-9090-exec-12] org.apache.catalina.core.ApplicationContext.log Manager: Uploading WAR file to /home/anup/DevOps-SRE/YEAR2018/TOMCAT-APPLICATION-SERVER/apache-tomcat-9.0.85/webapps/sample.war
13-Feb-2024 22:57:50.782 INFO [http-nio-9090-exec-5] org.apache.catalina.core.ApplicationContext.log Manager: list: Listing contexts for virtual host 'localhost'
13-Feb-2024 22:57:50.784 INFO [http-nio-9090-exec-1] org.apache.catalina.core.ApplicationContext.log Manager: list: Listing contexts for virtual host 'localhost'
13-Feb-2024 22:57:50.785 INFO [http-nio-9090-exec-8] org.apache.catalina.core.ApplicationContext.log Manager: undeploy: Undeploying web application at '/maven-project-war'
13-Feb-2024 22:57:51.303 INFO [http-nio-9090-exec-8] org.apache.catalina.core.ApplicationContext.log Manager: deploy: Deploying web application '/maven-project-war'
13-Feb-2024 22:57:51.303 INFO [http-nio-9090-exec-8] org.apache.catalina.core.ApplicationContext.log Manager: Uploading WAR file to /home/anup/DevOps-SRE/YEAR2018/TOMCAT-APPLICATION-SERVER/apache-tomcat-9.0.85/webapps/maven-project-war.war
13-Feb-2024 22:57:51.416 INFO [http-nio-9090-exec-1] org.apache.catalina.core.ApplicationContext.log Manager: list: Listing contexts for virtual host 'localhost'
13-Feb-2024 22:57:51.423 INFO [http-nio-9090-exec-9] org.apache.catalina.core.ApplicationContext.log Manager: list: Listing contexts for virtual host 'localhost'
13-Feb-2024 22:57:51.429 INFO [http-nio-9090-exec-13] org.apache.catalina.core.ApplicationContext.log Manager: undeploy: Undeploying web application at '/sample'
13-Feb-2024 22:57:51.954 INFO [http-nio-9090-exec-13] org.apache.catalina.core.ApplicationContext.log Manager: deploy: Deploying web application '/sample'
13-Feb-2024 22:57:51.955 INFO [http-nio-9090-exec-13] org.apache.catalina.core.ApplicationContext.log Manager: Uploading WAR file to /home/anup/DevOps-SRE/YEAR2018/TOMCAT-APPLICATION-SERVER/apache-tomcat-9.0.85/webapps/sample.war
13-Feb-2024 22:57:52.047 INFO [http-nio-9090-exec-1] org.apache.catalina.core.ApplicationContext.log Manager: list: Listing contexts for virtual host 'localhost'
13-Feb-2024 22:57:52.051 INFO [http-nio-9090-exec-5] org.apache.catalina.core.ApplicationContext.log Manager: list: Listing contexts for virtual host 'localhost'
13-Feb-2024 22:57:52.053 INFO [http-nio-9090-exec-4] org.apache.catalina.core.ApplicationContext.log Manager: undeploy: Undeploying web application at '/sample'
13-Feb-2024 22:57:52.562 INFO [http-nio-9090-exec-12] org.apache.catalina.core.ApplicationContext.log Manager: deploy: Deploying web application '/sample'
13-Feb-2024 22:57:52.563 INFO [http-nio-9090-exec-12] org.apache.catalina.core.ApplicationContext.log Manager: Uploading WAR file to /home/anup/DevOps-SRE/YEAR2018/TOMCAT-APPLICATION-SERVER/apache-tomcat-9.0.85/webapps/sample.war
13-Feb-2024 22:57:52.665 INFO [http-nio-9090-exec-8] org.apache.catalina.core.ApplicationContext.log Manager: list: Listing contexts for virtual host 'localhost'
13-Feb-2024 22:57:52.669 INFO [http-nio-9090-exec-9] org.apache.catalina.core.ApplicationContext.log Manager: list: Listing contexts for virtual host 'localhost'
13-Feb-2024 22:57:52.673 INFO [http-nio-9090-exec-11] org.apache.catalina.core.ApplicationContext.log Manager: undeploy: Undeploying web application at '/maven-project-war'
13-Feb-2024 22:57:53.184 INFO [http-nio-9090-exec-11] org.apache.catalina.core.ApplicationContext.log Manager: deploy: Deploying web application '/maven-project-war'
13-Feb-2024 22:57:53.184 INFO [http-nio-9090-exec-11] org.apache.catalina.core.ApplicationContext.log Manager: Uploading WAR file to /home/anup/DevOps-SRE/YEAR2018/TOMCAT-APPLICATION-SERVER/apache-tomcat-9.0.85/webapps/maven-project-war.war
13-Feb-2024 22:57:53.275 INFO [http-nio-9090-exec-4] org.apache.catalina.core.ApplicationContext.log Manager: list: Listing contexts for virtual host 'localhost'
13-Feb-2024 22:57:53.278 INFO [http-nio-9090-exec-1] org.apache.catalina.core.ApplicationContext.log Manager: list: Listing contexts for virtual host 'localhost'
13-Feb-2024 22:57:53.280 INFO [http-nio-9090-exec-5] org.apache.catalina.core.ApplicationContext.log Manager: undeploy: Undeploying web application at '/sample'
13-Feb-2024 22:57:53.789 INFO [http-nio-9090-exec-8] org.apache.catalina.core.ApplicationContext.log Manager: deploy: Deploying web application '/sample'
13-Feb-2024 22:57:53.789 INFO [http-nio-9090-exec-8] org.apache.catalina.core.ApplicationContext.log Manager: Uploading WAR file to /home/anup/DevOps-SRE/YEAR2018/TOMCAT-APPLICATION-SERVER/apache-tomcat-9.0.85/webapps/sample.war
13-Feb-2024 22:57:53.878 INFO [http-nio-9090-exec-14] org.apache.catalina.core.ApplicationContext.log Manager: list: Listing contexts for virtual host 'localhost'
13-Feb-2024 22:57:53.881 INFO [http-nio-9090-exec-10] org.apache.catalina.core.ApplicationContext.log Manager: list: Listing contexts for virtual host 'localhost'
13-Feb-2024 22:57:53.883 INFO [http-nio-9090-exec-12] org.apache.catalina.core.ApplicationContext.log Manager: undeploy: Undeploying web application at '/sample'
13-Feb-2024 22:57:54.395 INFO [http-nio-9090-exec-9] org.apache.catalina.core.ApplicationContext.log Manager: deploy: Deploying web application '/sample'
13-Feb-2024 22:57:54.395 INFO [http-nio-9090-exec-9] org.apache.catalina.core.ApplicationContext.log Manager: Uploading WAR file to /home/anup/DevOps-SRE/YEAR2018/TOMCAT-APPLICATION-SERVER/apache-tomcat-9.0.85/webapps/sample.war
13-Feb-2024 22:57:54.485 INFO [http-nio-9090-exec-1] org.apache.catalina.core.ApplicationContext.log Manager: list: Listing contexts for virtual host 'localhost'
13-Feb-2024 22:57:54.488 INFO [http-nio-9090-exec-5] org.apache.catalina.core.ApplicationContext.log Manager: list: Listing contexts for virtual host 'localhost'
13-Feb-2024 22:57:54.490 INFO [http-nio-9090-exec-8] org.apache.catalina.core.ApplicationContext.log Manager: undeploy: Undeploying web application at '/sample'
13-Feb-2024 22:57:54.997 INFO [http-nio-9090-exec-16] org.apache.catalina.core.ApplicationContext.log Manager: deploy: Deploying web application '/sample'
13-Feb-2024 22:57:54.997 INFO [http-nio-9090-exec-16] org.apache.catalina.core.ApplicationContext.log Manager: Uploading WAR file to /home/anup/DevOps-SRE/YEAR2018/TOMCAT-APPLICATION-SERVER/apache-tomcat-9.0.85/webapps/sample.war
13-Feb-2024 22:58:29.949 INFO [http-nio-9090-exec-10] org.apache.catalina.core.ApplicationContext.log HTMLManager: init: Associated with Deployer 'Catalina:type=Deployer,host=localhost'
13-Feb-2024 22:58:29.950 INFO [http-nio-9090-exec-10] org.apache.catalina.core.ApplicationContext.log HTMLManager: init: Global resources are available
13-Feb-2024 22:58:29.956 INFO [http-nio-9090-exec-10] org.apache.catalina.core.ApplicationContext.log HTMLManager: list: Listing contexts for virtual host 'localhost'
